十一月 28, 2018 9:19:50 上午 org.apache.catalina.core.AprLifecycleListener init
信息: The APR based Apache Tomcat Native library which allows optimal performance in production environments was not found on the java.library.path: D:\boke\shanghaiboke\Tomcat 7.0_x64\jre1.8.0_60_x64\bin;C:\Windows\Sun\Java\bin;C:\Windows\system32;C:\Windows;D:\app\fxf\product\11.2.0\dbhome_1\bin;C:\ProgramData\Oracle\Java\javapath;C:\Windows\system32;C:\Windows;C:\Windows\System32\Wbem;C:\Windows\System32\WindowsPowerShell\v1.0\;C:\Windows\System32\OpenSSH\;D:\software\TortoiseSVN\bin;C:\Program Files\MySQL\MySQL Server 5.6\bin;D:\software\apache-maven-3.3.9\bin;C:\Program Files\Git\cmd;D:\software1\nodejs\;C:\Users\fxf\AppData\Local\Microsoft\WindowsApps;;D:\software1\docker\Docker Toolbox\Docker Toolbox;C:\Users\fxf\AppData\Roaming\npm;.
十一月 28, 2018 9:19:50 上午 org.apache.coyote.AbstractProtocol init
信息: Initializing ProtocolHandler ["http-bio-8089"]
十一月 28, 2018 9:19:50 上午 org.apache.coyote.AbstractProtocol init
信息: Initializing ProtocolHandler ["ajp-bio-8009"]
十一月 28, 2018 9:19:50 上午 org.apache.catalina.startup.Catalina load
信息: Initialization processed in 483 ms
十一月 28, 2018 9:19:50 上午 org.apache.catalina.core.StandardService startInternal
信息: Starting service Catalina
十一月 28, 2018 9:19:50 上午 org.apache.catalina.core.StandardEngine startInternal
信息: Starting Servlet Engine: Apache Tomcat/7.0.42
十一月 28, 2018 9:19:50 上午 org.apache.catalina.startup.HostConfig deployDirectory
信息: Deploying web application directory D:\boke\shanghaiboke\Tomcat 7.0_x64\webapps\yigo
十一月 28, 2018 9:20:00 上午 org.apache.coyote.AbstractProtocol start
信息: Starting ProtocolHandler ["http-bio-8089"]
十一月 28, 2018 9:20:00 上午 org.apache.coyote.AbstractProtocol start
信息: Starting ProtocolHandler ["ajp-bio-8009"]
十一月 28, 2018 9:20:00 上午 org.apache.catalina.startup.Catalina start
信息: Server startup in 9740 ms
十一月 28, 2018 9:45:12 上午 org.apache.coyote.AbstractProtocol pause
信息: Pausing ProtocolHandler ["http-bio-8089"]
十一月 28, 2018 9:45:12 上午 org.apache.coyote.AbstractProtocol pause
信息: Pausing ProtocolHandler ["ajp-bio-8009"]
十一月 28, 2018 9:45:12 上午 org.apache.catalina.core.StandardService stopInternal
信息: Stopping service Catalina
十一月 28, 2018 9:45:13 上午 org.apache.catalina.loader.WebappClassLoader clearReferencesJdbc
严重: The web application [/yigo] registered the JDBC driver [com.mysql.jdbc.Driver] but failed to unregister it when the web application was stopped. To prevent a memory leak, the JDBC Driver has been forcibly unregistered.
十一月 28, 2018 9:45:13 上午 org.apache.catalina.loader.WebappClassLoader clearReferencesThreads
严重: The web application [/yigo] appears to have started a thread named [yesCache] but has failed to stop it. This is very likely to create a memory leak.
十一月 28, 2018 9:45:13 上午 org.apache.catalina.loader.WebappClassLoader clearReferencesThreads
严重: The web application [/yigo] appears to have started a thread named [%004c%0052%0050_%0050acking%0054ype.data] but has failed to stop it. This is very likely to create a memory leak.
十一月 28, 2018 9:45:13 上午 org.apache.catalina.loader.WebappClassLoader clearReferencesThreads
严重: The web application [/yigo] appears to have started a thread named [Statistics Thread-yesCache-1] but has failed to stop it. This is very likely to create a memory leak.
十一月 28, 2018 9:45:13 上午 org.apache.catalina.loader.WebappClassLoader clearReferencesThreads
严重: The web application [/yigo] appears to have started a thread named [%0056oucher%0054ype.data] but has failed to stop it. This is very likely to create a memory leak.
十一月 28, 2018 9:45:13 上午 org.apache.catalina.loader.WebappClassLoader clearReferencesThreads
严重: The web application [/yigo] appears to have started a thread named [%0043%0048%0043%0053_%0041ircraft_%0054ype.data] but has failed to stop it. This is very likely to create a memory leak.
十一月 28, 2018 9:45:13 上午 org.apache.catalina.loader.WebappClassLoader clearReferencesThreads
严重: The web application [/yigo] appears to have started a thread named [%004c%0052%0050_%0053torearea.data] but has failed to stop it. This is very likely to create a memory leak.
十一月 28, 2018 9:45:13 上午 org.apache.catalina.loader.WebappClassLoader clearReferencesThreads
严重: The web application [/yigo] appears to have started a thread named [%0042usiness%0041rea.data] but has failed to stop it. This is very likely to create a memory leak.
十一月 28, 2018 9:45:13 上午 org.apache.catalina.loader.WebappClassLoader clearReferencesThreads
严重: The web application [/yigo] appears to have started a thread named [%0043lient.data] but has failed to stop it. This is very likely to create a memory leak.
十一月 28, 2018 9:45:13 上午 org.apache.catalina.loader.WebappClassLoader clearReferencesThreads
严重: The web application [/yigo] appears to have started a thread named [%0052egion.data] but has failed to stop it. This is very likely to create a memory leak.
十一月 28, 2018 9:45:13 上午 org.apache.catalina.loader.WebappClassLoader clearReferencesThreads
严重: The web application [/yigo] appears to have started a thread named [%0053ale%004frganization.data] but has failed to stop it. This is very likely to create a memory leak.
十一月 28, 2018 9:45:13 上午 org.apache.catalina.loader.WebappClassLoader clearReferencesThreads
严重: The web application [/yigo] appears to have started a thread named [%0044ic%004dodel.data] but has failed to stop it. This is very likely to create a memory leak.
十一月 28, 2018 9:45:13 上午 org.apache.catalina.loader.WebappClassLoader clearReferencesThreads
严重: The web application [/yigo] appears to have started a thread named [%0043%0048%0043%0053_%0045mployee.data] but has failed to stop it. This is very likely to create a memory leak.
十一月 28, 2018 9:45:13 上午 org.apache.catalina.loader.WebappClassLoader clearReferencesThreads
严重: The web application [/yigo] appears to have started a thread named [%0050rofit%0043enter.data] but has failed to stop it. This is very likely to create a memory leak.
十一月 28, 2018 9:45:13 上午 org.apache.catalina.loader.WebappClassLoader clearReferencesThreads
严重: The web application [/yigo] appears to have started a thread named [%004c%0052%0050_%0043arrier.data] but has failed to stop it. This is very likely to create a memory leak.
十一月 28, 2018 9:45:13 上午 org.apache.catalina.loader.WebappClassLoader clearReferencesThreads
严重: The web application [/yigo] appears to have started a thread named [%0043%0048%0043%0053_%0052oute.data] but has failed to stop it. This is very likely to create a memory leak.
十一月 28, 2018 9:45:13 上午 org.apache.catalina.loader.WebappClassLoader clearReferencesThreads
严重: The web application [/yigo] appears to have started a thread named [%0057ork%0043enter.data] but has failed to stop it. This is very likely to create a memory leak.
十一月 28, 2018 9:45:13 上午 org.apache.catalina.loader.WebappClassLoader clearReferencesThreads
严重: The web application [/yigo] appears to have started a thread named [%0056endor.data] but has failed to stop it. This is very likely to create a memory leak.
十一月 28, 2018 9:45:13 上午 org.apache.catalina.loader.WebappClassLoader clearReferencesThreads
严重: The web application [/yigo] appears to have started a thread named [%004c%0052%0050_%0050ay%004dethod.data] but has failed to stop it. This is very likely to create a memory leak.
十一月 28, 2018 9:45:13 上午 org.apache.catalina.loader.WebappClassLoader clearReferencesThreads
严重: The web application [/yigo] appears to have started a thread named [%004c%0052%0050_%0042ank%0041ccount.data] but has failed to stop it. This is very likely to create a memory leak.
十一月 28, 2018 9:45:13 上午 org.apache.catalina.loader.WebappClassLoader clearReferencesThreads
严重: The web application [/yigo] appears to have started a thread named [%0043ustomer%0041ccount%0047roup.data] but has failed to stop it. This is very likely to create a memory leak.
十一月 28, 2018 9:45:13 上午 org.apache.catalina.loader.WebappClassLoader clearReferencesThreads
严重: The web application [/yigo] appears to have started a thread named [%0043ost%0043enter.data] but has failed to stop it. This is very likely to create a memory leak.
十一月 28, 2018 9:45:13 上午 org.apache.catalina.loader.WebappClassLoader clearReferencesThreads
严重: The web application [/yigo] appears to have started a thread named [%0055nit%0053ystem.data] but has failed to stop it. This is very likely to create a memory leak.
十一月 28, 2018 9:45:13 上午 org.apache.catalina.loader.WebappClassLoader clearReferencesThreads
严重: The web application [/yigo] appears to have started a thread named [%0043ost%0043enter%0047roup.data] but has failed to stop it. This is very likely to create a memory leak.
十一月 28, 2018 9:45:13 上午 org.apache.catalina.loader.WebappClassLoader clearReferencesThreads
严重: The web application [/yigo] appears to have started a thread named [%0043alendar.data] but has failed to stop it. This is very likely to create a memory leak.
十一月 28, 2018 9:45:13 上午 org.apache.catalina.loader.WebappClassLoader clearReferencesThreads
严重: The web application [/yigo] appears to have started a thread named [%004canguage.data] but has failed to stop it. This is very likely to create a memory leak.
十一月 28, 2018 9:45:13 上午 org.apache.catalina.loader.WebappClassLoader clearReferencesThreads
严重: The web application [/yigo] appears to have started a thread named [%004c%0052%0050_%0052oute.data] but has failed to stop it. This is very likely to create a memory leak.
十一月 28, 2018 9:45:13 上午 org.apache.catalina.loader.WebappClassLoader clearReferencesThreads
严重: The web application [/yigo] appears to have started a thread named [%004c%0052%0050_%0043ity.data] but has failed to stop it. This is very likely to create a memory leak.
十一月 28, 2018 9:45:13 上午 org.apache.catalina.loader.WebappClassLoader clearReferencesThreads
严重: The web application [/yigo] appears to have started a thread named [%004c%0052%0050_%0057arehouse%0054x%0054ype.data] but has failed to stop it. This is very likely to create a memory leak.
十一月 28, 2018 9:45:13 上午 org.apache.catalina.loader.WebappClassLoader clearReferencesThreads
严重: The web application [/yigo] appears to have started a thread named [%0043ountry.data] but has failed to stop it. This is very likely to create a memory leak.
十一月 28, 2018 9:45:13 上午 org.apache.catalina.loader.WebappClassLoader clearReferencesThreads
严重: The web application [/yigo] appears to have started a thread named [%004c%0052%0050_%0052ecv%0053end%0050arty.data] but has failed to stop it. This is very likely to create a memory leak.
十一月 28, 2018 9:45:13 上午 org.apache.catalina.loader.WebappClassLoader clearReferencesThreads
严重: The web application [/yigo] appears to have started a thread named [%004c%0052%0050_%0048andling%0055nit.data] but has failed to stop it. This is very likely to create a memory leak.
十一月 28, 2018 9:45:13 上午 org.apache.catalina.loader.WebappClassLoader clearReferencesThreads
严重: The web application [/yigo] appears to have started a thread named [%0043urrency.data] but has failed to stop it. This is very likely to create a memory leak.
十一月 28, 2018 9:45:13 上午 org.apache.catalina.loader.WebappClassLoader clearReferencesThreads
严重: The web application [/yigo] appears to have started a thread named [%0043%0048%0043%0053_%0041ircrew_%004deal.data] but has failed to stop it. This is very likely to create a memory leak.
十一月 28, 2018 9:45:13 上午 org.apache.catalina.loader.WebappClassLoader clearReferencesThreads
严重: The web application [/yigo] appears to have started a thread named [%0046unctional%0041rea.data] but has failed to stop it. This is very likely to create a memory leak.
十一月 28, 2018 9:45:13 上午 org.apache.catalina.loader.WebappClassLoader clearReferencesThreads
严重: The web application [/yigo] appears to have started a thread named [%0053torage%004cocation.data] but has failed to stop it. This is very likely to create a memory leak.
十一月 28, 2018 9:45:13 上午 org.apache.catalina.loader.WebappClassLoader clearReferencesThreads
严重: The web application [/yigo] appears to have started a thread named [%0044ivision.data] but has failed to stop it. This is very likely to create a memory leak.
十一月 28, 2018 9:45:13 上午 org.apache.catalina.loader.WebappClassLoader clearReferencesThreads
严重: The web application [/yigo] appears to have started a thread named [%0050lant.data] but has failed to stop it. This is very likely to create a memory leak.
十一月 28, 2018 9:45:13 上午 org.apache.catalina.loader.WebappClassLoader clearReferencesThreads
严重: The web application [/yigo] appears to have started a thread named [%0043%0048%0043%0053_%0046light.data] but has failed to stop it. This is very likely to create a memory leak.
十一月 28, 2018 9:45:13 上午 org.apache.catalina.loader.WebappClassLoader clearReferencesThreads
严重: The web application [/yigo] appears to have started a thread named [%004c%0052%0050_%0048andling%0055nit%0054ype.data] but has failed to stop it. This is very likely to create a memory leak.
十一月 28, 2018 9:45:13 上午 org.apache.catalina.loader.WebappClassLoader clearReferencesThreads
严重: The web application [/yigo] appears to have started a thread named [%004c%0052%0050_%004coc%0054ype.data] but has failed to stop it. This is very likely to create a memory leak.
十一月 28, 2018 9:45:13 上午 org.apache.catalina.loader.WebappClassLoader clearReferencesThreads
严重: The web application [/yigo] appears to have started a thread named [%004c%0052%0050_%0057arehouse%0043enter.data] but has failed to stop it. This is very likely to create a memory leak.
十一月 28, 2018 9:45:13 上午 org.apache.catalina.loader.WebappClassLoader clearReferencesThreads
严重: The web application [/yigo] appears to have started a thread named [%0043%0048%0043%0053_%0041irport.data] but has failed to stop it. This is very likely to create a memory leak.
十一月 28, 2018 9:45:13 上午 org.apache.catalina.loader.WebappClassLoader clearReferencesThreads
严重: The web application [/yigo] appears to have started a thread named [%0043%0048%0043%0053_%0045xchange_%0052ate.data] but has failed to stop it. This is very likely to create a memory leak.
十一月 28, 2018 9:45:13 上午 org.apache.catalina.loader.WebappClassLoader clearReferencesThreads
严重: The web application [/yigo] appears to have started a thread named [%0043%0048%0043%0053_%0050assenger_%004deal.data] but has failed to stop it. This is very likely to create a memory leak.
十一月 28, 2018 9:45:13 上午 org.apache.catalina.loader.WebappClassLoader clearReferencesThreads
严重: The web application [/yigo] appears to have started a thread named [%004c%0052%0050_%0054railer.data] but has failed to stop it. This is very likely to create a memory leak.
十一月 28, 2018 9:45:13 上午 org.apache.catalina.loader.WebappClassLoader clearReferencesThreads
严重: The web application [/yigo] appears to have started a thread named [%004c%0052%0050_%004cookup_%004c.data] but has failed to stop it. This is very likely to create a memory leak.
十一月 28, 2018 9:45:13 上午 org.apache.catalina.loader.WebappClassLoader clearReferencesThreads
严重: The web application [/yigo] appears to have started a thread named [%0043%0048%0043%0053_%0042udget_%0049tems.data] but has failed to stop it. This is very likely to create a memory leak.
十一月 28, 2018 9:45:13 上午 org.apache.catalina.loader.WebappClassLoader clearReferencesThreads
严重: The web application [/yigo] appears to have started a thread named [%0049ndustry%0053ector.data] but has failed to stop it. This is very likely to create a memory leak.
十一月 28, 2018 9:45:13 上午 org.apache.catalina.loader.WebappClassLoader clearReferencesThreads
严重: The web application [/yigo] appears to have started a thread named [%0050eriod%0054ype.data] but has failed to stop it. This is very likely to create a memory leak.
十一月 28, 2018 9:45:13 上午 org.apache.catalina.loader.WebappClassLoader clearReferencesThreads
严重: The web application [/yigo] appears to have started a thread named [%0043%0048%0043%0053_%0041ircraft.data] but has failed to stop it. This is very likely to create a memory leak.
十一月 28, 2018 9:45:13 上午 org.apache.catalina.loader.WebappClassLoader clearReferencesThreads
严重: The web application [/yigo] appears to have started a thread named [%0041ccount.data] but has failed to stop it. This is very likely to create a memory leak.
十一月 28, 2018 9:45:13 上午 org.apache.catalina.loader.WebappClassLoader clearReferencesThreads
严重: The web application [/yigo] appears to have started a thread named [%004c%0052%0050_%0050acking%004daterial.data] but has failed to stop it. This is very likely to create a memory leak.
十一月 28, 2018 9:45:13 上午 org.apache.catalina.loader.WebappClassLoader clearReferencesThreads
严重: The web application [/yigo] appears to have started a thread named [session%0043ache.data] but has failed to stop it. This is very likely to create a memory leak.
十一月 28, 2018 9:45:13 上午 org.apache.catalina.loader.WebappClassLoader clearReferencesThreads
严重: The web application [/yigo] appears to have started a thread named [%0055%0053%0045%0052_%004fperator.data] but has failed to stop it. This is very likely to create a memory leak.
十一月 28, 2018 9:45:13 上午 org.apache.catalina.loader.WebappClassLoader clearReferencesThreads
严重: The web application [/yigo] appears to have started a thread named [%0043%0048%0043%0053_%004deal_%0053pectrum.data] but has failed to stop it. This is very likely to create a memory leak.
十一月 28, 2018 9:45:13 上午 org.apache.catalina.loader.WebappClassLoader clearReferencesThreads
严重: The web application [/yigo] appears to have started a thread named [%004c%0052%0050_%0054ruck%0054ype.data] but has failed to stop it. This is very likely to create a memory leak.
十一月 28, 2018 9:45:13 上午 org.apache.catalina.loader.WebappClassLoader clearReferencesThreads
严重: The web application [/yigo] appears to have started a thread named [%0043%0048%0043%0053_%0043ost_%0049tems.data] but has failed to stop it. This is very likely to create a memory leak.
十一月 28, 2018 9:45:13 上午 org.apache.catalina.loader.WebappClassLoader clearReferencesThreads
严重: The web application [/yigo] appears to have started a thread named [%0043ompany%0043ode.data] but has failed to stop it. This is very likely to create a memory leak.
十一月 28, 2018 9:45:13 上午 org.apache.catalina.loader.WebappClassLoader clearReferencesThreads
严重: The web application [/yigo] appears to have started a thread named [%0055nit.data] but has failed to stop it. This is very likely to create a memory leak.
十一月 28, 2018 9:45:13 上午 org.apache.catalina.loader.WebappClassLoader clearReferencesThreads
严重: The web application [/yigo] appears to have started a thread named [%0043ustomer.data] but has failed to stop it. This is very likely to create a memory leak.
十一月 28, 2018 9:45:13 上午 org.apache.catalina.loader.WebappClassLoader clearReferencesThreads
严重: The web application [/yigo] appears to have started a thread named [mobile%0043ache.data] but has failed to stop it. This is very likely to create a memory leak.
十一月 28, 2018 9:45:13 上午 org.apache.catalina.loader.WebappClassLoader clearReferencesThreads
严重: The web application [/yigo] appears to have started a thread named [%004c%0052%0050_%0050acking%0053trategy.data] but has failed to stop it. This is very likely to create a memory leak.
十一月 28, 2018 9:45:13 上午 org.apache.catalina.loader.WebappClassLoader clearReferencesThreads
严重: The web application [/yigo] appears to have started a thread named [%004c%0052%0050_%004daterial.data] but has failed to stop it. This is very likely to create a memory leak.
十一月 28, 2018 9:45:13 上午 org.apache.catalina.loader.WebappClassLoader clearReferencesThreads
严重: The web application [/yigo] appears to have started a thread named [%004c%0052%0050_%004fwner.data] but has failed to stop it. This is very likely to create a memory leak.
十一月 28, 2018 9:45:13 上午 org.apache.catalina.loader.WebappClassLoader clearReferencesThreads
严重: The web application [/yigo] appears to have started a thread named [%004c%0052%0050_%0044ict%0055ser%0044efault.data] but has failed to stop it. This is very likely to create a memory leak.
十一月 28, 2018 9:45:13 上午 org.apache.catalina.loader.WebappClassLoader clearReferencesThreads
严重: The web application [/yigo] appears to have started a thread named [%0045xchange%0052ate%0054ype.data] but has failed to stop it. This is very likely to create a memory leak.
十一月 28, 2018 9:45:13 上午 org.apache.catalina.loader.WebappClassLoader clearReferencesThreads
严重: The web application [/yigo] appears to have started a thread named [%0043%0048%0043%0053_%0057arn_%0054ime_%0053et.data] but has failed to stop it. This is very likely to create a memory leak.
十一月 28, 2018 9:45:13 上午 org.apache.catalina.loader.WebappClassLoader clearReferencesThreads
严重: The web application [/yigo] appears to have started a thread named [%004c%0052%0050_%0050roject.data] but has failed to stop it. This is very likely to create a memory leak.
十一月 28, 2018 9:45:13 上午 org.apache.catalina.loader.WebappClassLoader clearReferencesThreads
严重: The web application [/yigo] appears to have started a thread named [%004c%0052%0050_%0044istrict.data] but has failed to stop it. This is very likely to create a memory leak.
十一月 28, 2018 9:45:13 上午 org.apache.catalina.loader.WebappClassLoader clearReferencesThreads
严重: The web application [/yigo] appears to have started a thread named [%0052ole.data] but has failed to stop it. This is very likely to create a memory leak.
十一月 28, 2018 9:45:13 上午 org.apache.catalina.loader.WebappClassLoader clearReferencesThreads
严重: The web application [/yigo] appears to have started a thread named [%004fperator.data] but has failed to stop it. This is very likely to create a memory leak.
十一月 28, 2018 9:45:13 上午 org.apache.catalina.loader.WebappClassLoader clearReferencesThreads
严重: The web application [/yigo] appears to have started a thread named [%004c%0052%0050_%0054ruck.data] but has failed to stop it. This is very likely to create a memory leak.
十一月 28, 2018 9:45:13 上午 org.apache.catalina.loader.WebappClassLoader clearReferencesThreads
严重: The web application [/yigo] appears to have started a thread named [%0043%0048%0043%0053_%0044epartment.data] but has failed to stop it. This is very likely to create a memory leak.
十一月 28, 2018 9:45:13 上午 org.apache.catalina.loader.WebappClassLoader clearReferencesThreads
严重: The web application [/yigo] appears to have started a thread named [%004c%0052%0050_%0050rovince.data] but has failed to stop it. This is very likely to create a memory leak.
十一月 28, 2018 9:45:13 上午 org.apache.catalina.loader.WebappClassLoader clearReferencesThreads
严重: The web application [/yigo] appears to have started a thread named [%0050urchasing%0047roup.data] but has failed to stop it. This is very likely to create a memory leak.
十一月 28, 2018 9:45:13 上午 org.apache.catalina.loader.WebappClassLoader clearReferencesThreads
严重: The web application [/yigo] appears to have started a thread named [%004c%0052%0050_%0042ank.data] but has failed to stop it. This is very likely to create a memory leak.
十一月 28, 2018 9:45:13 上午 org.apache.catalina.loader.WebappClassLoader clearReferencesThreads
严重: The web application [/yigo] appears to have started a thread named [%004c%0052%0050_%0050latform.data] but has failed to stop it. This is very likely to create a memory leak.
十一月 28, 2018 9:45:13 上午 org.apache.catalina.loader.WebappClassLoader clearReferencesThreads
严重: The web application [/yigo] appears to have started a thread named [%0056endor%0041ccount%0047roup.data] but has failed to stop it. This is very likely to create a memory leak.
十一月 28, 2018 9:45:13 上午 org.apache.catalina.loader.WebappClassLoader clearReferencesThreads
严重: The web application [/yigo] appears to have started a thread named [%0043%0048%0043%0053_%004cimit_%0049ngredien.data] but has failed to stop it. This is very likely to create a memory leak.
十一月 28, 2018 9:45:13 上午 org.apache.catalina.loader.WebappClassLoader clearReferencesThreads
严重: The web application [/yigo] appears to have started a thread named [%0043%0048%0043%0053_%0053pecial_%0052equirement_%0053et.data] but has failed to stop it. This is very likely to create a memory leak.
十一月 28, 2018 9:45:13 上午 org.apache.catalina.loader.WebappClassLoader clearReferencesThreads
严重: The web application [/yigo] appears to have started a thread named [%0043redit%0043ontrol%0041rea.data] but has failed to stop it. This is very likely to create a memory leak.
十一月 28, 2018 9:45:13 上午 org.apache.catalina.loader.WebappClassLoader clearReferencesThreads
严重: The web application [/yigo] appears to have started a thread named [%004c%0052%0050_%004cookup.data] but has failed to stop it. This is very likely to create a memory leak.
十一月 28, 2018 9:45:13 上午 org.apache.catalina.loader.WebappClassLoader clearReferencesThreads
严重: The web application [/yigo] appears to have started a thread named [%0044istribution%0043hannel.data] but has failed to stop it. This is very likely to create a memory leak.
十一月 28, 2018 9:45:13 上午 org.apache.catalina.loader.WebappClassLoader clearReferencesThreads
严重: The web application [/yigo] appears to have started a thread named [%004c%0052%0050_%004cocation.data] but has failed to stop it. This is very likely to create a memory leak.
十一月 28, 2018 9:45:13 上午 org.apache.catalina.loader.WebappClassLoader clearReferencesThreads
严重: The web application [/yigo] appears to have started a thread named [%004c%0052%0050_%004cogistics%0053ervice.data] but has failed to stop it. This is very likely to create a memory leak.
十一月 28, 2018 9:45:13 上午 org.apache.catalina.loader.WebappClassLoader clearReferencesThreads
严重: The web application [/yigo] appears to have started a thread named [%0041ccount%0043hart.data] but has failed to stop it. This is very likely to create a memory leak.
十一月 28, 2018 9:45:13 上午 org.apache.catalina.loader.WebappClassLoader clearReferencesThreads
严重: The web application [/yigo] appears to have started a thread named [%004daterial%0047roup.data] but has failed to stop it. This is very likely to create a memory leak.
十一月 28, 2018 9:45:13 上午 org.apache.catalina.loader.WebappClassLoader clearReferencesThreads
严重: The web application [/yigo] appears to have started a thread named [%004c%0052%0050_%0046inicial%0050eriod.data] but has failed to stop it. This is very likely to create a memory leak.
十一月 28, 2018 9:45:13 上午 org.apache.catalina.loader.WebappClassLoader clearReferencesThreads
严重: The web application [/yigo] appears to have started a thread named [%004c%0052%0050_%004daterial%0053tatus.data] but has failed to stop it. This is very likely to create a memory leak.
十一月 28, 2018 9:45:13 上午 org.apache.catalina.loader.WebappClassLoader clearReferencesThreads
严重: The web application [/yigo] appears to have started a thread named [%004daterial%0054ype.data] but has failed to stop it. This is very likely to create a memory leak.
十一月 28, 2018 9:45:13 上午 org.apache.catalina.loader.WebappClassLoader clearReferencesThreads
严重: The web application [/yigo] appears to have started a thread named [%004c%0052%0050_%0044ispatch%004frg.data] but has failed to stop it. This is very likely to create a memory leak.
十一月 28, 2018 9:45:13 上午 org.apache.catalina.loader.WebappClassLoader clearReferencesThreads
严重: The web application [/yigo] appears to have started a thread named [%004daterial.data] but has failed to stop it. This is very likely to create a memory leak.
十一月 28, 2018 9:45:13 上午 org.apache.catalina.loader.WebappClassLoader clearReferencesThreads
严重: The web application [/yigo] appears to have started a thread named [%004c%0052%0050_%0050acking%004daterial%0043ategory.data] but has failed to stop it. This is very likely to create a memory leak.
十一月 28, 2018 9:45:13 上午 org.apache.catalina.loader.WebappClassLoader clearReferencesThreads
严重: The web application [/yigo] appears to have started a thread named [%004c%0052%0050_%0053toreroom.data] but has failed to stop it. This is very likely to create a memory leak.
十一月 28, 2018 9:45:13 上午 org.apache.catalina.loader.WebappClassLoader clearReferencesThreads
严重: The web application [/yigo] appears to have started a thread named [%0050urchasing%004frganization.data] but has failed to stop it. This is very likely to create a memory leak.
十一月 28, 2018 9:45:13 上午 org.apache.catalina.loader.WebappClassLoader clearReferencesThreads
严重: The web application [/yigo] appears to have started a thread named [%0043ontrolling%0041rea.data] but has failed to stop it. This is very likely to create a memory leak.
十一月 28, 2018 9:45:13 上午 org.apache.catalina.loader.WebappClassLoader clearReferencesThreads
严重: The web application [/yigo] appears to have started a thread named [%0043%0048%0043%0053_%0050roduct.data] but has failed to stop it. This is very likely to create a memory leak.
十一月 28, 2018 9:45:13 上午 org.apache.catalina.loader.WebappClassLoader clearReferencesThreads
严重: The web application [/yigo] appears to have started a thread named [%004c%0052%0050_%0046leet.data] but has failed to stop it. This is very likely to create a memory leak.
十一月 28, 2018 9:45:13 上午 org.apache.catalina.loader.WebappClassLoader clearReferencesThreads
严重: The web application [/yigo] appears to have started a thread named [temp%0043ache.data] but has failed to stop it. This is very likely to create a memory leak.
十一月 28, 2018 9:45:13 上午 org.apache.catalina.loader.WebappClassLoader clearReferencesThreads
严重: The web application [/yigo] appears to have started a thread named [%0041ccount%004cockout%0043ache.data] but has failed to stop it. This is very likely to create a memory leak.
十一月 28, 2018 9:45:13 上午 org.apache.catalina.loader.WebappClassLoader clearReferencesThreads
严重: The web application [/yigo] appears to have started a thread named [Abandoned connection cleanup thread] but has failed to stop it. This is very likely to create a memory leak.
十一月 28, 2018 9:45:13 上午 org.apache.catalina.loader.WebappClassLoader clearReferencesThreads
严重: The web application [/yigo] appears to have started a thread named [Timer-0] but has failed to stop it. This is very likely to create a memory leak.
十一月 28, 2018 9:45:13 上午 org.apache.catalina.loader.WebappClassLoader clearReferencesThreads
严重: The web application [/yigo] appears to have started a thread named [%0053imple%004fperator%0043ache.data] but has failed to stop it. This is very likely to create a memory leak.
十一月 28, 2018 9:45:13 上午 org.apache.catalina.loader.WebappClassLoader clearReferencesThreads
严重: The web application [/yigo] appears to have started a thread named [%004dobile%004fperator%0043ache.data] but has failed to stop it. This is very likely to create a memory leak.
十一月 28, 2018 9:45:13 上午 org.apache.catalina.loader.WebappClassLoader clearReferencesThreads
严重: The web application [/yigo] appears to have started a thread named [%0052ights%0056ersion%0043ache.data] but has failed to stop it. This is very likely to create a memory leak.
十一月 28, 2018 9:45:13 上午 org.apache.catalina.loader.WebappClassLoader clearReferencesThreads
严重: The web application [/yigo] appears to have started a thread named [YigoQuartzScheduler_Worker-1] but has failed to stop it. This is very likely to create a memory leak.
十一月 28, 2018 9:45:13 上午 org.apache.catalina.loader.WebappClassLoader clearReferencesThreads
严重: The web application [/yigo] appears to have started a thread named [YigoQuartzScheduler_Worker-2] but has failed to stop it. This is very likely to create a memory leak.
十一月 28, 2018 9:45:13 上午 org.apache.catalina.loader.WebappClassLoader clearReferencesThreads
严重: The web application [/yigo] appears to have started a thread named [YigoQuartzScheduler_Worker-3] but has failed to stop it. This is very likely to create a memory leak.
十一月 28, 2018 9:45:13 上午 org.apache.catalina.loader.WebappClassLoader clearReferencesThreads
严重: The web application [/yigo] appears to have started a thread named [YigoQuartzScheduler_Worker-4] but has failed to stop it. This is very likely to create a memory leak.
十一月 28, 2018 9:45:13 上午 org.apache.catalina.loader.WebappClassLoader clearReferencesThreads
严重: The web application [/yigo] appears to have started a thread named [YigoQuartzScheduler_Worker-5] but has failed to stop it. This is very likely to create a memory leak.
十一月 28, 2018 9:45:13 上午 org.apache.coyote.AbstractProtocol stop
信息: Stopping ProtocolHandler ["http-bio-8089"]
十一月 28, 2018 9:45:13 上午 org.apache.coyote.AbstractProtocol stop
信息: Stopping ProtocolHandler ["ajp-bio-8009"]
十一月 28, 2018 9:45:13 上午 org.apache.coyote.AbstractProtocol destroy
信息: Destroying ProtocolHandler ["http-bio-8089"]
十一月 28, 2018 9:45:13 上午 org.apache.coyote.AbstractProtocol destroy
信息: Destroying ProtocolHandler ["ajp-bio-8009"]
十一月 28, 2018 9:47:28 上午 org.apache.catalina.core.AprLifecycleListener init
信息: The APR based Apache Tomcat Native library which allows optimal performance in production environments was not found on the java.library.path: D:\boke\shanghaiboke\Tomcat 7.0_x64\jre1.8.0_60_x64\bin;C:\Windows\Sun\Java\bin;C:\Windows\system32;C:\Windows;D:\app\fxf\product\11.2.0\dbhome_1\bin;C:\ProgramData\Oracle\Java\javapath;C:\Windows\system32;C:\Windows;C:\Windows\System32\Wbem;C:\Windows\System32\WindowsPowerShell\v1.0\;C:\Windows\System32\OpenSSH\;D:\software\TortoiseSVN\bin;C:\Program Files\MySQL\MySQL Server 5.6\bin;D:\software\apache-maven-3.3.9\bin;C:\Program Files\Git\cmd;D:\software1\nodejs\;C:\Users\fxf\AppData\Local\Microsoft\WindowsApps;;D:\software1\docker\Docker Toolbox\Docker Toolbox;C:\Users\fxf\AppData\Roaming\npm;.
十一月 28, 2018 9:47:28 上午 org.apache.coyote.AbstractProtocol init
信息: Initializing ProtocolHandler ["http-bio-8089"]
十一月 28, 2018 9:47:28 上午 org.apache.coyote.AbstractProtocol init
信息: Initializing ProtocolHandler ["ajp-bio-8009"]
十一月 28, 2018 9:47:28 上午 org.apache.catalina.startup.Catalina load
信息: Initialization processed in 450 ms
十一月 28, 2018 9:47:28 上午 org.apache.catalina.core.StandardService startInternal
信息: Starting service Catalina
十一月 28, 2018 9:47:28 上午 org.apache.catalina.core.StandardEngine startInternal
信息: Starting Servlet Engine: Apache Tomcat/7.0.42
十一月 28, 2018 9:47:28 上午 org.apache.catalina.startup.HostConfig deployDirectory
信息: Deploying web application directory D:\boke\shanghaiboke\Tomcat 7.0_x64\webapps\yigo
十一月 28, 2018 9:47:35 上午 org.apache.coyote.AbstractProtocol start
信息: Starting ProtocolHandler ["http-bio-8089"]
十一月 28, 2018 9:47:35 上午 org.apache.coyote.AbstractProtocol start
信息: Starting ProtocolHandler ["ajp-bio-8009"]
十一月 28, 2018 9:47:35 上午 org.apache.catalina.startup.Catalina start
信息: Server startup in 7177 ms
