九月 17, 2018 10:55:20 上午 org.apache.catalina.core.AprLifecycleListener init
信息: Loaded APR based Apache Tomcat Native library 1.1.27 using APR version 1.4.6.
九月 17, 2018 10:55:20 上午 org.apache.catalina.core.AprLifecycleListener init
信息: APR capabilities: IPv6 [true], sendfile [true], accept filters [false], random [true].
九月 17, 2018 10:55:21 上午 org.apache.catalina.core.AprLifecycleListener initializeSSL
信息: OpenSSL successfully initialized (OpenSSL 1.0.1d 5 Feb 2013)
九月 17, 2018 10:55:21 上午 org.apache.coyote.AbstractProtocol init
信息: Initializing ProtocolHandler ["http-apr-8089"]
九月 17, 2018 10:55:21 上午 org.apache.coyote.AbstractProtocol init
信息: Initializing ProtocolHandler ["ajp-apr-8009"]
九月 17, 2018 10:55:21 上午 org.apache.catalina.startup.Catalina load
信息: Initialization processed in 2221 ms
九月 17, 2018 10:55:21 上午 org.apache.catalina.core.StandardService startInternal
信息: Starting service Catalina
九月 17, 2018 10:55:21 上午 org.apache.catalina.core.StandardEngine startInternal
信息: Starting Servlet Engine: Apache Tomcat/7.0.42
九月 17, 2018 10:55:21 上午 org.apache.catalina.startup.HostConfig deployDirectory
信息: Deploying web application directory D:\shanghaiboke\Tomcat 7.0_x64\webapps\yigo
九月 17, 2018 10:55:24 上午 org.apache.catalina.core.StandardContext startInternal
严重: Error listenerStart
九月 17, 2018 10:55:25 上午 org.apache.catalina.util.SessionIdGenerator createSecureRandom
信息: Creation of SecureRandom instance for session ID generation using [SHA1PRNG] took [438] milliseconds.
九月 17, 2018 10:55:25 上午 org.apache.catalina.core.StandardContext startInternal
严重: Context [/yigo] startup failed due to previous errors
九月 17, 2018 10:55:25 上午 org.apache.catalina.loader.WebappClassLoader clearReferencesThreads
严重: The web application [/yigo] appears to have started a thread named [YigoQuartzScheduler_Worker-1] but has failed to stop it. This is very likely to create a memory leak.
九月 17, 2018 10:55:25 上午 org.apache.catalina.loader.WebappClassLoader clearReferencesThreads
严重: The web application [/yigo] appears to have started a thread named [YigoQuartzScheduler_Worker-2] but has failed to stop it. This is very likely to create a memory leak.
九月 17, 2018 10:55:25 上午 org.apache.catalina.loader.WebappClassLoader clearReferencesThreads
严重: The web application [/yigo] appears to have started a thread named [YigoQuartzScheduler_Worker-3] but has failed to stop it. This is very likely to create a memory leak.
九月 17, 2018 10:55:25 上午 org.apache.catalina.loader.WebappClassLoader clearReferencesThreads
严重: The web application [/yigo] appears to have started a thread named [YigoQuartzScheduler_Worker-4] but has failed to stop it. This is very likely to create a memory leak.
九月 17, 2018 10:55:25 上午 org.apache.catalina.loader.WebappClassLoader clearReferencesThreads
严重: The web application [/yigo] appears to have started a thread named [YigoQuartzScheduler_Worker-5] but has failed to stop it. This is very likely to create a memory leak.
九月 17, 2018 10:55:25 上午 org.apache.coyote.AbstractProtocol start
信息: Starting ProtocolHandler ["http-apr-8089"]
九月 17, 2018 10:55:25 上午 org.apache.coyote.AbstractProtocol start
信息: Starting ProtocolHandler ["ajp-apr-8009"]
九月 17, 2018 10:55:25 上午 org.apache.catalina.startup.Catalina start
信息: Server startup in 3909 ms
九月 17, 2018 10:56:05 上午 org.apache.coyote.ajp.AjpMessage processHeader
严重: Invalid message received with signature 18245
九月 17, 2018 10:56:43 上午 org.apache.coyote.ajp.AjpMessage processHeader
严重: Invalid message received with signature 18245
九月 17, 2018 10:57:32 上午 org.apache.coyote.AbstractProtocol pause
信息: Pausing ProtocolHandler ["http-apr-8089"]
九月 17, 2018 10:57:32 上午 org.apache.coyote.AbstractProtocol pause
信息: Pausing ProtocolHandler ["ajp-apr-8009"]
九月 17, 2018 10:57:32 上午 org.apache.catalina.core.StandardService stopInternal
信息: Stopping service Catalina
九月 17, 2018 10:57:32 上午 org.apache.coyote.AbstractProtocol stop
信息: Stopping ProtocolHandler ["http-apr-8089"]
九月 17, 2018 10:57:32 上午 org.apache.coyote.AbstractProtocol stop
信息: Stopping ProtocolHandler ["ajp-apr-8009"]
九月 17, 2018 10:57:32 上午 org.apache.coyote.AbstractProtocol destroy
信息: Destroying ProtocolHandler ["http-apr-8089"]
九月 17, 2018 10:57:32 上午 org.apache.coyote.AbstractProtocol destroy
信息: Destroying ProtocolHandler ["ajp-apr-8009"]
九月 17, 2018 11:14:14 上午 org.apache.catalina.core.AprLifecycleListener init
信息: The APR based Apache Tomcat Native library which allows optimal performance in production environments was not found on the java.library.path: D:\shanghaiboke\Tomcat 7.0_x64\jre1.8.0_60_x64\bin;C:\Windows\Sun\Java\bin;C:\Windows\system32;C:\Windows;d:\app\fxf\product\11.2.0\dbhome_1\bin;E:JDK\lib;E:\JDK\bin;c:\windows\system32;D:\apache-maven-3.3.9\bin;D:\SVNserver\bin;C:\Windows;C:\Windows\system32\wbem;E:\nodejs\;E:\ultraedit;C:\Program Files\MySQL\MySQL Server 5.6\bin;D:\gradle-3.5-rc-3\bin;D:\SVNclient\bin;D:\VisualSVN Server\bin;D:\git\Git\cmd;D:\TortoiseSVN\bin;D:\anaconda2;D:\anaconda2\Scripts;D:\anaconda2\Library\bin;D:\anaconda;D:\anaconda\Scripts;D:\anaconda\Library\bin;D:\vc++6.0\Tools\WinNT;D:\vc++6.0\MSDev98\Bin;D:\vc++6.0\Tools;D:\VC98\bin;E:\jdk1.6.0_43\bin;C:\Users\fxf\AppData\Roaming\npm;E:\Fiddler;D:\software\Docker Toolbox\Docker Toolbox;.
九月 17, 2018 11:14:14 上午 org.apache.coyote.AbstractProtocol init
信息: Initializing ProtocolHandler ["http-bio-8089"]
九月 17, 2018 11:14:14 上午 org.apache.coyote.AbstractProtocol init
信息: Initializing ProtocolHandler ["ajp-bio-8009"]
九月 17, 2018 11:14:14 上午 org.apache.catalina.startup.Catalina load
信息: Initialization processed in 496 ms
九月 17, 2018 11:14:14 上午 org.apache.catalina.core.StandardService startInternal
信息: Starting service Catalina
九月 17, 2018 11:14:14 上午 org.apache.catalina.core.StandardEngine startInternal
信息: Starting Servlet Engine: Apache Tomcat/7.0.42
九月 17, 2018 11:14:14 上午 org.apache.catalina.startup.HostConfig deployDirectory
信息: Deploying web application directory D:\shanghaiboke\Tomcat 7.0_x64\webapps\yigo
九月 17, 2018 11:14:19 上午 org.apache.catalina.core.StandardContext startInternal
严重: Error listenerStart
九月 17, 2018 11:14:19 上午 org.apache.catalina.util.SessionIdGenerator createSecureRandom
信息: Creation of SecureRandom instance for session ID generation using [SHA1PRNG] took [548] milliseconds.
九月 17, 2018 11:14:19 上午 org.apache.catalina.core.StandardContext startInternal
严重: Context [/yigo] startup failed due to previous errors
九月 17, 2018 11:14:20 上午 org.apache.catalina.loader.WebappClassLoader clearReferencesThreads
严重: The web application [/yigo] appears to have started a thread named [YigoQuartzScheduler_Worker-1] but has failed to stop it. This is very likely to create a memory leak.
九月 17, 2018 11:14:20 上午 org.apache.catalina.loader.WebappClassLoader clearReferencesThreads
严重: The web application [/yigo] appears to have started a thread named [YigoQuartzScheduler_Worker-2] but has failed to stop it. This is very likely to create a memory leak.
九月 17, 2018 11:14:20 上午 org.apache.catalina.loader.WebappClassLoader clearReferencesThreads
严重: The web application [/yigo] appears to have started a thread named [YigoQuartzScheduler_Worker-3] but has failed to stop it. This is very likely to create a memory leak.
九月 17, 2018 11:14:20 上午 org.apache.catalina.loader.WebappClassLoader clearReferencesThreads
严重: The web application [/yigo] appears to have started a thread named [YigoQuartzScheduler_Worker-4] but has failed to stop it. This is very likely to create a memory leak.
九月 17, 2018 11:14:20 上午 org.apache.catalina.loader.WebappClassLoader clearReferencesThreads
严重: The web application [/yigo] appears to have started a thread named [YigoQuartzScheduler_Worker-5] but has failed to stop it. This is very likely to create a memory leak.
九月 17, 2018 11:14:20 上午 org.apache.coyote.AbstractProtocol start
信息: Starting ProtocolHandler ["http-bio-8089"]
九月 17, 2018 11:14:20 上午 org.apache.coyote.AbstractProtocol start
信息: Starting ProtocolHandler ["ajp-bio-8009"]
九月 17, 2018 11:14:20 上午 org.apache.catalina.startup.Catalina start
信息: Server startup in 5273 ms
九月 17, 2018 11:16:58 上午 org.apache.coyote.AbstractProtocol pause
信息: Pausing ProtocolHandler ["http-bio-8089"]
九月 17, 2018 11:16:58 上午 org.apache.coyote.AbstractProtocol pause
信息: Pausing ProtocolHandler ["ajp-bio-8009"]
九月 17, 2018 11:16:58 上午 org.apache.catalina.core.StandardService stopInternal
信息: Stopping service Catalina
九月 17, 2018 11:16:58 上午 org.apache.coyote.AbstractProtocol stop
信息: Stopping ProtocolHandler ["http-bio-8089"]
九月 17, 2018 11:16:58 上午 org.apache.coyote.AbstractProtocol stop
信息: Stopping ProtocolHandler ["ajp-bio-8009"]
九月 17, 2018 11:16:58 上午 org.apache.coyote.AbstractProtocol destroy
信息: Destroying ProtocolHandler ["http-bio-8089"]
九月 17, 2018 11:16:58 上午 org.apache.coyote.AbstractProtocol destroy
信息: Destroying ProtocolHandler ["ajp-bio-8009"]
九月 17, 2018 2:09:49 下午 org.apache.catalina.core.AprLifecycleListener init
信息: The APR based Apache Tomcat Native library which allows optimal performance in production environments was not found on the java.library.path: D:\shanghaiboke\Tomcat 7.0_x64\jre1.8.0_60_x64\bin;C:\Windows\Sun\Java\bin;C:\Windows\system32;C:\Windows;d:\app\fxf\product\11.2.0\dbhome_1\bin;E:JDK\lib;E:\JDK\bin;c:\windows\system32;D:\apache-maven-3.3.9\bin;D:\SVNserver\bin;C:\Windows;C:\Windows\system32\wbem;E:\nodejs\;E:\ultraedit;C:\Program Files\MySQL\MySQL Server 5.6\bin;D:\gradle-3.5-rc-3\bin;D:\SVNclient\bin;D:\VisualSVN Server\bin;D:\git\Git\cmd;D:\TortoiseSVN\bin;D:\anaconda2;D:\anaconda2\Scripts;D:\anaconda2\Library\bin;D:\anaconda;D:\anaconda\Scripts;D:\anaconda\Library\bin;D:\vc++6.0\Tools\WinNT;D:\vc++6.0\MSDev98\Bin;D:\vc++6.0\Tools;D:\VC98\bin;E:\jdk1.6.0_43\bin;C:\Users\fxf\AppData\Roaming\npm;E:\Fiddler;D:\software\Docker Toolbox\Docker Toolbox;.
九月 17, 2018 2:09:50 下午 org.apache.coyote.AbstractProtocol init
信息: Initializing ProtocolHandler ["http-bio-8089"]
九月 17, 2018 2:09:50 下午 org.apache.coyote.AbstractProtocol init
信息: Initializing ProtocolHandler ["ajp-bio-8009"]
九月 17, 2018 2:09:50 下午 org.apache.catalina.startup.Catalina load
信息: Initialization processed in 457 ms
九月 17, 2018 2:09:50 下午 org.apache.catalina.core.StandardService startInternal
信息: Starting service Catalina
九月 17, 2018 2:09:50 下午 org.apache.catalina.core.StandardEngine startInternal
信息: Starting Servlet Engine: Apache Tomcat/7.0.42
九月 17, 2018 2:09:50 下午 org.apache.catalina.startup.HostConfig deployDirectory
信息: Deploying web application directory D:\shanghaiboke\Tomcat 7.0_x64\webapps\yigo
九月 17, 2018 2:09:53 下午 org.apache.catalina.core.StandardContext startInternal
严重: Error listenerStart
九月 17, 2018 2:09:54 下午 org.apache.catalina.util.SessionIdGenerator createSecureRandom
信息: Creation of SecureRandom instance for session ID generation using [SHA1PRNG] took [372] milliseconds.
九月 17, 2018 2:09:54 下午 org.apache.catalina.core.StandardContext startInternal
严重: Context [/yigo] startup failed due to previous errors
九月 17, 2018 2:09:54 下午 org.apache.catalina.loader.WebappClassLoader clearReferencesThreads
严重: The web application [/yigo] appears to have started a thread named [YigoQuartzScheduler_Worker-1] but has failed to stop it. This is very likely to create a memory leak.
九月 17, 2018 2:09:54 下午 org.apache.catalina.loader.WebappClassLoader clearReferencesThreads
严重: The web application [/yigo] appears to have started a thread named [YigoQuartzScheduler_Worker-2] but has failed to stop it. This is very likely to create a memory leak.
九月 17, 2018 2:09:54 下午 org.apache.catalina.loader.WebappClassLoader clearReferencesThreads
严重: The web application [/yigo] appears to have started a thread named [YigoQuartzScheduler_Worker-3] but has failed to stop it. This is very likely to create a memory leak.
九月 17, 2018 2:09:54 下午 org.apache.catalina.loader.WebappClassLoader clearReferencesThreads
严重: The web application [/yigo] appears to have started a thread named [YigoQuartzScheduler_Worker-4] but has failed to stop it. This is very likely to create a memory leak.
九月 17, 2018 2:09:54 下午 org.apache.catalina.loader.WebappClassLoader clearReferencesThreads
严重: The web application [/yigo] appears to have started a thread named [YigoQuartzScheduler_Worker-5] but has failed to stop it. This is very likely to create a memory leak.
九月 17, 2018 2:09:54 下午 org.apache.coyote.AbstractProtocol start
信息: Starting ProtocolHandler ["http-bio-8089"]
九月 17, 2018 2:09:54 下午 org.apache.coyote.AbstractProtocol start
信息: Starting ProtocolHandler ["ajp-bio-8009"]
九月 17, 2018 2:09:54 下午 org.apache.catalina.startup.Catalina start
信息: Server startup in 4529 ms
九月 17, 2018 2:21:47 下午 org.apache.coyote.AbstractProtocol pause
信息: Pausing ProtocolHandler ["http-bio-8089"]
九月 17, 2018 2:21:47 下午 org.apache.coyote.AbstractProtocol pause
信息: Pausing ProtocolHandler ["ajp-bio-8009"]
九月 17, 2018 2:21:47 下午 org.apache.catalina.core.StandardService stopInternal
信息: Stopping service Catalina
九月 17, 2018 2:21:47 下午 org.apache.coyote.AbstractProtocol stop
信息: Stopping ProtocolHandler ["http-bio-8089"]
九月 17, 2018 2:21:47 下午 org.apache.coyote.AbstractProtocol stop
信息: Stopping ProtocolHandler ["ajp-bio-8009"]
九月 17, 2018 2:21:47 下午 org.apache.coyote.AbstractProtocol destroy
信息: Destroying ProtocolHandler ["http-bio-8089"]
九月 17, 2018 2:21:47 下午 org.apache.coyote.AbstractProtocol destroy
信息: Destroying ProtocolHandler ["ajp-bio-8009"]
九月 17, 2018 2:22:10 下午 org.apache.catalina.core.AprLifecycleListener init
信息: The APR based Apache Tomcat Native library which allows optimal performance in production environments was not found on the java.library.path: D:\shanghaiboke\Tomcat 7.0_x64\jre1.8.0_60_x64\bin;C:\Windows\Sun\Java\bin;C:\Windows\system32;C:\Windows;d:\app\fxf\product\11.2.0\dbhome_1\bin;E:JDK\lib;E:\JDK\bin;c:\windows\system32;D:\apache-maven-3.3.9\bin;D:\SVNserver\bin;C:\Windows;C:\Windows\system32\wbem;E:\nodejs\;E:\ultraedit;C:\Program Files\MySQL\MySQL Server 5.6\bin;D:\gradle-3.5-rc-3\bin;D:\SVNclient\bin;D:\VisualSVN Server\bin;D:\git\Git\cmd;D:\TortoiseSVN\bin;D:\anaconda2;D:\anaconda2\Scripts;D:\anaconda2\Library\bin;D:\anaconda;D:\anaconda\Scripts;D:\anaconda\Library\bin;D:\vc++6.0\Tools\WinNT;D:\vc++6.0\MSDev98\Bin;D:\vc++6.0\Tools;D:\VC98\bin;E:\jdk1.6.0_43\bin;C:\Users\fxf\AppData\Roaming\npm;E:\Fiddler;D:\software\Docker Toolbox\Docker Toolbox;.
九月 17, 2018 2:22:11 下午 org.apache.coyote.AbstractProtocol init
信息: Initializing ProtocolHandler ["http-bio-8089"]
九月 17, 2018 2:22:11 下午 org.apache.coyote.AbstractProtocol init
信息: Initializing ProtocolHandler ["ajp-bio-8009"]
九月 17, 2018 2:22:11 下午 org.apache.catalina.startup.Catalina load
信息: Initialization processed in 522 ms
九月 17, 2018 2:22:11 下午 org.apache.catalina.core.StandardService startInternal
信息: Starting service Catalina
九月 17, 2018 2:22:11 下午 org.apache.catalina.core.StandardEngine startInternal
信息: Starting Servlet Engine: Apache Tomcat/7.0.42
九月 17, 2018 2:22:11 下午 org.apache.catalina.startup.HostConfig deployDirectory
信息: Deploying web application directory D:\shanghaiboke\Tomcat 7.0_x64\webapps\yigo
九月 17, 2018 2:22:14 下午 org.apache.catalina.core.StandardContext startInternal
严重: Error listenerStart
九月 17, 2018 2:22:15 下午 org.apache.catalina.util.SessionIdGenerator createSecureRandom
信息: Creation of SecureRandom instance for session ID generation using [SHA1PRNG] took [384] milliseconds.
九月 17, 2018 2:22:15 下午 org.apache.catalina.core.StandardContext startInternal
严重: Context [/yigo] startup failed due to previous errors
九月 17, 2018 2:22:15 下午 org.apache.catalina.loader.WebappClassLoader clearReferencesThreads
严重: The web application [/yigo] appears to have started a thread named [YigoQuartzScheduler_Worker-1] but has failed to stop it. This is very likely to create a memory leak.
九月 17, 2018 2:22:15 下午 org.apache.catalina.loader.WebappClassLoader clearReferencesThreads
严重: The web application [/yigo] appears to have started a thread named [YigoQuartzScheduler_Worker-2] but has failed to stop it. This is very likely to create a memory leak.
九月 17, 2018 2:22:15 下午 org.apache.catalina.loader.WebappClassLoader clearReferencesThreads
严重: The web application [/yigo] appears to have started a thread named [YigoQuartzScheduler_Worker-3] but has failed to stop it. This is very likely to create a memory leak.
九月 17, 2018 2:22:15 下午 org.apache.catalina.loader.WebappClassLoader clearReferencesThreads
严重: The web application [/yigo] appears to have started a thread named [YigoQuartzScheduler_Worker-4] but has failed to stop it. This is very likely to create a memory leak.
九月 17, 2018 2:22:15 下午 org.apache.catalina.loader.WebappClassLoader clearReferencesThreads
严重: The web application [/yigo] appears to have started a thread named [YigoQuartzScheduler_Worker-5] but has failed to stop it. This is very likely to create a memory leak.
九月 17, 2018 2:22:15 下午 org.apache.coyote.AbstractProtocol start
信息: Starting ProtocolHandler ["http-bio-8089"]
九月 17, 2018 2:22:15 下午 org.apache.coyote.AbstractProtocol start
信息: Starting ProtocolHandler ["ajp-bio-8009"]
九月 17, 2018 2:22:15 下午 org.apache.catalina.startup.Catalina start
信息: Server startup in 4373 ms
九月 17, 2018 2:24:14 下午 org.apache.coyote.AbstractProtocol pause
信息: Pausing ProtocolHandler ["http-bio-8089"]
九月 17, 2018 2:24:14 下午 org.apache.coyote.AbstractProtocol pause
信息: Pausing ProtocolHandler ["ajp-bio-8009"]
九月 17, 2018 2:24:14 下午 org.apache.catalina.core.StandardService stopInternal
信息: Stopping service Catalina
九月 17, 2018 2:24:14 下午 org.apache.coyote.AbstractProtocol stop
信息: Stopping ProtocolHandler ["http-bio-8089"]
九月 17, 2018 2:24:14 下午 org.apache.coyote.AbstractProtocol stop
信息: Stopping ProtocolHandler ["ajp-bio-8009"]
九月 17, 2018 2:24:14 下午 org.apache.coyote.AbstractProtocol destroy
信息: Destroying ProtocolHandler ["http-bio-8089"]
九月 17, 2018 2:24:14 下午 org.apache.coyote.AbstractProtocol destroy
信息: Destroying ProtocolHandler ["ajp-bio-8009"]
九月 17, 2018 2:38:45 下午 org.apache.catalina.core.AprLifecycleListener init
信息: The APR based Apache Tomcat Native library which allows optimal performance in production environments was not found on the java.library.path: D:\shanghaiboke\Tomcat 7.0_x64\jre1.8.0_60_x64\bin;C:\Windows\Sun\Java\bin;C:\Windows\system32;C:\Windows;d:\app\fxf\product\11.2.0\dbhome_1\bin;E:JDK\lib;E:\JDK\bin;c:\windows\system32;D:\apache-maven-3.3.9\bin;D:\SVNserver\bin;C:\Windows;C:\Windows\system32\wbem;E:\nodejs\;E:\ultraedit;C:\Program Files\MySQL\MySQL Server 5.6\bin;D:\gradle-3.5-rc-3\bin;D:\SVNclient\bin;D:\VisualSVN Server\bin;D:\git\Git\cmd;D:\TortoiseSVN\bin;D:\anaconda2;D:\anaconda2\Scripts;D:\anaconda2\Library\bin;D:\anaconda;D:\anaconda\Scripts;D:\anaconda\Library\bin;D:\vc++6.0\Tools\WinNT;D:\vc++6.0\MSDev98\Bin;D:\vc++6.0\Tools;D:\VC98\bin;E:\jdk1.6.0_43\bin;C:\Users\fxf\AppData\Roaming\npm;E:\Fiddler;D:\software\Docker Toolbox\Docker Toolbox;.
九月 17, 2018 2:38:45 下午 org.apache.coyote.AbstractProtocol init
信息: Initializing ProtocolHandler ["http-bio-8089"]
九月 17, 2018 2:38:45 下午 org.apache.coyote.AbstractProtocol init
信息: Initializing ProtocolHandler ["ajp-bio-8009"]
九月 17, 2018 2:38:45 下午 org.apache.catalina.startup.Catalina load
信息: Initialization processed in 451 ms
九月 17, 2018 2:38:45 下午 org.apache.catalina.core.StandardService startInternal
信息: Starting service Catalina
九月 17, 2018 2:38:45 下午 org.apache.catalina.core.StandardEngine startInternal
信息: Starting Servlet Engine: Apache Tomcat/7.0.42
九月 17, 2018 2:38:45 下午 org.apache.catalina.startup.HostConfig deployDirectory
信息: Deploying web application directory D:\shanghaiboke\Tomcat 7.0_x64\webapps\yigo
九月 17, 2018 2:38:49 下午 org.apache.catalina.core.StandardContext startInternal
严重: Error listenerStart
九月 17, 2018 2:38:49 下午 org.apache.catalina.util.SessionIdGenerator createSecureRandom
信息: Creation of SecureRandom instance for session ID generation using [SHA1PRNG] took [471] milliseconds.
九月 17, 2018 2:38:49 下午 org.apache.catalina.core.StandardContext startInternal
严重: Context [/yigo] startup failed due to previous errors
九月 17, 2018 2:38:49 下午 org.apache.catalina.loader.WebappClassLoader clearReferencesThreads
严重: The web application [/yigo] appears to have started a thread named [YigoQuartzScheduler_Worker-1] but has failed to stop it. This is very likely to create a memory leak.
九月 17, 2018 2:38:49 下午 org.apache.catalina.loader.WebappClassLoader clearReferencesThreads
严重: The web application [/yigo] appears to have started a thread named [YigoQuartzScheduler_Worker-2] but has failed to stop it. This is very likely to create a memory leak.
九月 17, 2018 2:38:49 下午 org.apache.catalina.loader.WebappClassLoader clearReferencesThreads
严重: The web application [/yigo] appears to have started a thread named [YigoQuartzScheduler_Worker-3] but has failed to stop it. This is very likely to create a memory leak.
九月 17, 2018 2:38:49 下午 org.apache.catalina.loader.WebappClassLoader clearReferencesThreads
严重: The web application [/yigo] appears to have started a thread named [YigoQuartzScheduler_Worker-4] but has failed to stop it. This is very likely to create a memory leak.
九月 17, 2018 2:38:49 下午 org.apache.catalina.loader.WebappClassLoader clearReferencesThreads
严重: The web application [/yigo] appears to have started a thread named [YigoQuartzScheduler_Worker-5] but has failed to stop it. This is very likely to create a memory leak.
九月 17, 2018 2:38:49 下午 org.apache.coyote.AbstractProtocol start
信息: Starting ProtocolHandler ["http-bio-8089"]
九月 17, 2018 2:38:49 下午 org.apache.coyote.AbstractProtocol start
信息: Starting ProtocolHandler ["ajp-bio-8009"]
九月 17, 2018 2:38:49 下午 org.apache.catalina.startup.Catalina start
信息: Server startup in 4657 ms
