九月 28, 2018 8:25:53 上午 org.apache.catalina.core.AprLifecycleListener init
信息: The APR based Apache Tomcat Native library which allows optimal performance in production environments was not found on the java.library.path: D:\shanghaiboke\Tomcat 7.0_x64\jre1.8.0_60_x64\bin;C:\Windows\Sun\Java\bin;C:\Windows\system32;C:\Windows;d:\app\fxf\product\11.2.0\dbhome_1\bin;E:JDK\lib;E:\JDK\bin;c:\windows\system32;D:\apache-maven-3.3.9\bin;D:\SVNserver\bin;C:\Windows;C:\Windows\system32\wbem;E:\nodejs\;E:\ultraedit;C:\Program Files\MySQL\MySQL Server 5.6\bin;D:\gradle-3.5-rc-3\bin;D:\SVNclient\bin;D:\VisualSVN Server\bin;D:\git\Git\cmd;D:\TortoiseSVN\bin;C:\Program Files (x86)\Microsoft SQL Server\100\Tools\Binn\;C:\Program Files\Microsoft SQL Server\100\Tools\Binn\;C:\Program Files\Microsoft SQL Server\100\DTS\Binn\;C:\Program Files (x86)\Microsoft SQL Server\100\Tools\Binn\VSShell\Common7\IDE\;C:\Program Files (x86)\Microsoft SQL Server\100\DTS\Binn\;C:\Program Files (x86)\Microsoft Visual Studio 9.0\Common7\IDE\PrivateAssemblies\;D:\anaconda2;D:\anaconda2\Scripts;D:\anaconda2\Library\bin;D:\anaconda;D:\anaconda\Scripts;D:\anaconda\Library\bin;D:\vc++6.0\Tools\WinNT;D:\vc++6.0\MSDev98\Bin;D:\vc++6.0\Tools;D:\VC98\bin;E:\jdk1.6.0_43\bin;C:\Users\fxf\AppData\Roaming\npm;E:\Fiddler;D:\software\Docker Toolbox\Docker Toolbox;.
九月 28, 2018 8:25:54 上午 org.apache.coyote.AbstractProtocol init
信息: Initializing ProtocolHandler ["http-bio-8089"]
九月 28, 2018 8:25:54 上午 org.apache.coyote.AbstractProtocol init
信息: Initializing ProtocolHandler ["ajp-bio-8009"]
九月 28, 2018 8:25:54 上午 org.apache.catalina.startup.Catalina load
信息: Initialization processed in 1656 ms
九月 28, 2018 8:25:55 上午 org.apache.catalina.core.StandardService startInternal
信息: Starting service Catalina
九月 28, 2018 8:25:55 上午 org.apache.catalina.core.StandardEngine startInternal
信息: Starting Servlet Engine: Apache Tomcat/7.0.42
九月 28, 2018 8:25:55 上午 org.apache.catalina.startup.HostConfig deployDirectory
信息: Deploying web application directory D:\shanghaiboke\Tomcat 7.0_x64\webapps\yigo
九月 28, 2018 8:26:00 上午 org.apache.catalina.core.StandardContext startInternal
严重: Error listenerStart
九月 28, 2018 8:26:00 上午 org.apache.catalina.util.SessionIdGenerator createSecureRandom
信息: Creation of SecureRandom instance for session ID generation using [SHA1PRNG] took [471] milliseconds.
九月 28, 2018 8:26:00 上午 org.apache.catalina.core.StandardContext startInternal
严重: Context [/yigo] startup failed due to previous errors
九月 28, 2018 8:26:01 上午 org.apache.catalina.loader.WebappClassLoader clearReferencesThreads
严重: The web application [/yigo] appears to have started a thread named [YigoQuartzScheduler_Worker-1] but has failed to stop it. This is very likely to create a memory leak.
九月 28, 2018 8:26:01 上午 org.apache.catalina.loader.WebappClassLoader clearReferencesThreads
严重: The web application [/yigo] appears to have started a thread named [YigoQuartzScheduler_Worker-2] but has failed to stop it. This is very likely to create a memory leak.
九月 28, 2018 8:26:01 上午 org.apache.catalina.loader.WebappClassLoader clearReferencesThreads
严重: The web application [/yigo] appears to have started a thread named [YigoQuartzScheduler_Worker-3] but has failed to stop it. This is very likely to create a memory leak.
九月 28, 2018 8:26:01 上午 org.apache.catalina.loader.WebappClassLoader clearReferencesThreads
严重: The web application [/yigo] appears to have started a thread named [YigoQuartzScheduler_Worker-4] but has failed to stop it. This is very likely to create a memory leak.
九月 28, 2018 8:26:01 上午 org.apache.catalina.loader.WebappClassLoader clearReferencesThreads
严重: The web application [/yigo] appears to have started a thread named [YigoQuartzScheduler_Worker-5] but has failed to stop it. This is very likely to create a memory leak.
九月 28, 2018 8:26:01 上午 org.apache.coyote.AbstractProtocol start
信息: Starting ProtocolHandler ["http-bio-8089"]
九月 28, 2018 8:26:01 上午 org.apache.coyote.AbstractProtocol start
信息: Starting ProtocolHandler ["ajp-bio-8009"]
九月 28, 2018 8:26:01 上午 org.apache.catalina.startup.Catalina start
信息: Server startup in 6148 ms
九月 28, 2018 10:43:49 上午 org.apache.catalina.core.AprLifecycleListener init
信息: The APR based Apache Tomcat Native library which allows optimal performance in production environments was not found on the java.library.path: D:\shanghaiboke\Tomcat 7.0_x64\jre1.8.0_60_x64\bin;C:\Windows\Sun\Java\bin;C:\Windows\system32;C:\Windows;d:\app\fxf\product\11.2.0\dbhome_1\bin;E:JDK\lib;E:\JDK\bin;c:\windows\system32;D:\apache-maven-3.3.9\bin;D:\SVNserver\bin;C:\Windows;C:\Windows\system32\wbem;E:\nodejs\;E:\ultraedit;C:\Program Files\MySQL\MySQL Server 5.6\bin;D:\gradle-3.5-rc-3\bin;D:\SVNclient\bin;D:\VisualSVN Server\bin;D:\git\Git\cmd;D:\TortoiseSVN\bin;C:\Program Files (x86)\Microsoft SQL Server\100\Tools\Binn\;C:\Program Files\Microsoft SQL Server\100\Tools\Binn\;C:\Program Files\Microsoft SQL Server\100\DTS\Binn\;C:\Program Files (x86)\Microsoft SQL Server\100\Tools\Binn\VSShell\Common7\IDE\;C:\Program Files (x86)\Microsoft SQL Server\100\DTS\Binn\;C:\Program Files (x86)\Microsoft Visual Studio 9.0\Common7\IDE\PrivateAssemblies\;D:\anaconda2;D:\anaconda2\Scripts;D:\anaconda2\Library\bin;D:\anaconda;D:\anaconda\Scripts;D:\anaconda\Library\bin;D:\vc++6.0\Tools\WinNT;D:\vc++6.0\MSDev98\Bin;D:\vc++6.0\Tools;D:\VC98\bin;E:\jdk1.6.0_43\bin;C:\Users\fxf\AppData\Roaming\npm;E:\Fiddler;D:\software\Docker Toolbox\Docker Toolbox;.
九月 28, 2018 10:43:49 上午 org.apache.coyote.AbstractProtocol init
信息: Initializing ProtocolHandler ["http-bio-8089"]
九月 28, 2018 10:43:49 上午 org.apache.coyote.AbstractProtocol init
信息: Initializing ProtocolHandler ["ajp-bio-8009"]
九月 28, 2018 10:43:49 上午 org.apache.catalina.startup.Catalina load
信息: Initialization processed in 467 ms
九月 28, 2018 10:43:49 上午 org.apache.catalina.core.StandardService startInternal
信息: Starting service Catalina
九月 28, 2018 10:43:49 上午 org.apache.catalina.core.StandardEngine startInternal
信息: Starting Servlet Engine: Apache Tomcat/7.0.42
九月 28, 2018 10:43:49 上午 org.apache.catalina.startup.HostConfig deployDirectory
信息: Deploying web application directory D:\shanghaiboke\Tomcat 7.0_x64\webapps\yigo
九月 28, 2018 10:43:53 上午 org.apache.catalina.core.StandardContext startInternal
严重: Error listenerStart
九月 28, 2018 10:43:53 上午 org.apache.catalina.util.SessionIdGenerator createSecureRandom
信息: Creation of SecureRandom instance for session ID generation using [SHA1PRNG] took [390] milliseconds.
九月 28, 2018 10:43:53 上午 org.apache.catalina.core.StandardContext startInternal
严重: Context [/yigo] startup failed due to previous errors
九月 28, 2018 10:43:54 上午 org.apache.catalina.loader.WebappClassLoader clearReferencesThreads
严重: The web application [/yigo] appears to have started a thread named [YigoQuartzScheduler_Worker-1] but has failed to stop it. This is very likely to create a memory leak.
九月 28, 2018 10:43:54 上午 org.apache.catalina.loader.WebappClassLoader clearReferencesThreads
严重: The web application [/yigo] appears to have started a thread named [YigoQuartzScheduler_Worker-2] but has failed to stop it. This is very likely to create a memory leak.
九月 28, 2018 10:43:54 上午 org.apache.catalina.loader.WebappClassLoader clearReferencesThreads
严重: The web application [/yigo] appears to have started a thread named [YigoQuartzScheduler_Worker-3] but has failed to stop it. This is very likely to create a memory leak.
九月 28, 2018 10:43:54 上午 org.apache.catalina.loader.WebappClassLoader clearReferencesThreads
严重: The web application [/yigo] appears to have started a thread named [YigoQuartzScheduler_Worker-4] but has failed to stop it. This is very likely to create a memory leak.
九月 28, 2018 10:43:54 上午 org.apache.catalina.loader.WebappClassLoader clearReferencesThreads
严重: The web application [/yigo] appears to have started a thread named [YigoQuartzScheduler_Worker-5] but has failed to stop it. This is very likely to create a memory leak.
九月 28, 2018 10:43:54 上午 org.apache.coyote.AbstractProtocol start
信息: Starting ProtocolHandler ["http-bio-8089"]
九月 28, 2018 10:43:54 上午 org.apache.coyote.AbstractProtocol start
信息: Starting ProtocolHandler ["ajp-bio-8009"]
九月 28, 2018 10:43:54 上午 org.apache.catalina.startup.Catalina start
信息: Server startup in 4513 ms
九月 28, 2018 11:11:10 上午 org.apache.catalina.core.AprLifecycleListener init
信息: The APR based Apache Tomcat Native library which allows optimal performance in production environments was not found on the java.library.path: D:\shanghaiboke\Tomcat 7.0_x64\jre1.8.0_60_x64\bin;C:\Windows\Sun\Java\bin;C:\Windows\system32;C:\Windows;d:\app\fxf\product\11.2.0\dbhome_1\bin;E:JDK\lib;E:\JDK\bin;c:\windows\system32;D:\apache-maven-3.3.9\bin;D:\SVNserver\bin;C:\Windows;C:\Windows\system32\wbem;E:\nodejs\;E:\ultraedit;C:\Program Files\MySQL\MySQL Server 5.6\bin;D:\gradle-3.5-rc-3\bin;D:\SVNclient\bin;D:\VisualSVN Server\bin;D:\git\Git\cmd;D:\TortoiseSVN\bin;C:\Program Files (x86)\Microsoft SQL Server\100\Tools\Binn\;C:\Program Files\Microsoft SQL Server\100\Tools\Binn\;C:\Program Files\Microsoft SQL Server\100\DTS\Binn\;C:\Program Files (x86)\Microsoft SQL Server\100\Tools\Binn\VSShell\Common7\IDE\;C:\Program Files (x86)\Microsoft SQL Server\100\DTS\Binn\;C:\Program Files (x86)\Microsoft Visual Studio 9.0\Common7\IDE\PrivateAssemblies\;D:\anaconda2;D:\anaconda2\Scripts;D:\anaconda2\Library\bin;D:\anaconda;D:\anaconda\Scripts;D:\anaconda\Library\bin;D:\vc++6.0\Tools\WinNT;D:\vc++6.0\MSDev98\Bin;D:\vc++6.0\Tools;D:\VC98\bin;E:\jdk1.6.0_43\bin;C:\Users\fxf\AppData\Roaming\npm;E:\Fiddler;D:\software\Docker Toolbox\Docker Toolbox;.
九月 28, 2018 11:11:10 上午 org.apache.coyote.AbstractProtocol init
信息: Initializing ProtocolHandler ["http-bio-8089"]
九月 28, 2018 11:11:10 上午 org.apache.coyote.AbstractProtocol init
信息: Initializing ProtocolHandler ["ajp-bio-8009"]
九月 28, 2018 11:11:10 上午 org.apache.catalina.startup.Catalina load
信息: Initialization processed in 396 ms
九月 28, 2018 11:11:10 上午 org.apache.catalina.core.StandardService startInternal
信息: Starting service Catalina
九月 28, 2018 11:11:10 上午 org.apache.catalina.core.StandardEngine startInternal
信息: Starting Servlet Engine: Apache Tomcat/7.0.42
九月 28, 2018 11:11:10 上午 org.apache.catalina.startup.HostConfig deployDirectory
信息: Deploying web application directory D:\shanghaiboke\Tomcat 7.0_x64\webapps\yigo
九月 28, 2018 11:11:14 上午 org.apache.catalina.core.StandardContext startInternal
严重: Error listenerStart
九月 28, 2018 11:11:15 上午 org.apache.catalina.util.SessionIdGenerator createSecureRandom
信息: Creation of SecureRandom instance for session ID generation using [SHA1PRNG] took [405] milliseconds.
九月 28, 2018 11:11:15 上午 org.apache.catalina.core.StandardContext startInternal
严重: Context [/yigo] startup failed due to previous errors
九月 28, 2018 11:11:15 上午 org.apache.catalina.loader.WebappClassLoader clearReferencesThreads
严重: The web application [/yigo] appears to have started a thread named [YigoQuartzScheduler_Worker-1] but has failed to stop it. This is very likely to create a memory leak.
九月 28, 2018 11:11:15 上午 org.apache.catalina.loader.WebappClassLoader clearReferencesThreads
严重: The web application [/yigo] appears to have started a thread named [YigoQuartzScheduler_Worker-2] but has failed to stop it. This is very likely to create a memory leak.
九月 28, 2018 11:11:15 上午 org.apache.catalina.loader.WebappClassLoader clearReferencesThreads
严重: The web application [/yigo] appears to have started a thread named [YigoQuartzScheduler_Worker-3] but has failed to stop it. This is very likely to create a memory leak.
九月 28, 2018 11:11:15 上午 org.apache.catalina.loader.WebappClassLoader clearReferencesThreads
严重: The web application [/yigo] appears to have started a thread named [YigoQuartzScheduler_Worker-4] but has failed to stop it. This is very likely to create a memory leak.
九月 28, 2018 11:11:15 上午 org.apache.catalina.loader.WebappClassLoader clearReferencesThreads
严重: The web application [/yigo] appears to have started a thread named [YigoQuartzScheduler_Worker-5] but has failed to stop it. This is very likely to create a memory leak.
九月 28, 2018 11:11:15 上午 org.apache.coyote.AbstractProtocol start
信息: Starting ProtocolHandler ["http-bio-8089"]
九月 28, 2018 11:11:15 上午 org.apache.coyote.AbstractProtocol start
信息: Starting ProtocolHandler ["ajp-bio-8009"]
九月 28, 2018 11:11:15 上午 org.apache.catalina.startup.Catalina start
信息: Server startup in 4435 ms
九月 28, 2018 7:20:26 下午 org.apache.catalina.core.AprLifecycleListener init
信息: The APR based Apache Tomcat Native library which allows optimal performance in production environments was not found on the java.library.path: D:\shanghaiboke\Tomcat 7.0_x64\jre1.8.0_60_x64\bin;C:\Windows\Sun\Java\bin;C:\Windows\system32;C:\Windows;d:\app\fxf\product\11.2.0\dbhome_1\bin;E:JDK\lib;E:\JDK\bin;c:\windows\system32;D:\apache-maven-3.3.9\bin;D:\SVNserver\bin;C:\Windows;C:\Windows\system32\wbem;E:\nodejs\;E:\ultraedit;C:\Program Files\MySQL\MySQL Server 5.6\bin;D:\gradle-3.5-rc-3\bin;D:\SVNclient\bin;D:\VisualSVN Server\bin;D:\git\Git\cmd;D:\TortoiseSVN\bin;C:\Program Files (x86)\Microsoft SQL Server\100\Tools\Binn\;C:\Program Files\Microsoft SQL Server\100\Tools\Binn\;C:\Program Files\Microsoft SQL Server\100\DTS\Binn\;C:\Program Files (x86)\Microsoft SQL Server\100\Tools\Binn\VSShell\Common7\IDE\;C:\Program Files (x86)\Microsoft SQL Server\100\DTS\Binn\;C:\Program Files (x86)\Microsoft Visual Studio 9.0\Common7\IDE\PrivateAssemblies\;D:\anaconda2;D:\anaconda2\Scripts;D:\anaconda2\Library\bin;D:\anaconda;D:\anaconda\Scripts;D:\anaconda\Library\bin;D:\vc++6.0\Tools\WinNT;D:\vc++6.0\MSDev98\Bin;D:\vc++6.0\Tools;D:\VC98\bin;E:\jdk1.6.0_43\bin;C:\Users\fxf\AppData\Roaming\npm;E:\Fiddler;D:\software\Docker Toolbox\Docker Toolbox;.
九月 28, 2018 7:20:26 下午 org.apache.coyote.AbstractProtocol init
信息: Initializing ProtocolHandler ["http-bio-8089"]
九月 28, 2018 7:20:26 下午 org.apache.coyote.AbstractProtocol init
信息: Initializing ProtocolHandler ["ajp-bio-8009"]
九月 28, 2018 7:20:26 下午 org.apache.catalina.startup.Catalina load
信息: Initialization processed in 547 ms
九月 28, 2018 7:20:26 下午 org.apache.catalina.core.StandardService startInternal
信息: Starting service Catalina
九月 28, 2018 7:20:26 下午 org.apache.catalina.core.StandardEngine startInternal
信息: Starting Servlet Engine: Apache Tomcat/7.0.42
九月 28, 2018 7:20:26 下午 org.apache.catalina.startup.HostConfig deployDirectory
信息: Deploying web application directory D:\shanghaiboke\Tomcat 7.0_x64\webapps\yigo
九月 28, 2018 7:20:30 下午 org.apache.catalina.core.StandardContext startInternal
严重: Error listenerStart
九月 28, 2018 7:20:31 下午 org.apache.catalina.util.SessionIdGenerator createSecureRandom
信息: Creation of SecureRandom instance for session ID generation using [SHA1PRNG] took [386] milliseconds.
九月 28, 2018 7:20:31 下午 org.apache.catalina.core.StandardContext startInternal
严重: Context [/yigo] startup failed due to previous errors
九月 28, 2018 7:20:31 下午 org.apache.catalina.loader.WebappClassLoader clearReferencesThreads
严重: The web application [/yigo] appears to have started a thread named [YigoQuartzScheduler_Worker-1] but has failed to stop it. This is very likely to create a memory leak.
九月 28, 2018 7:20:31 下午 org.apache.catalina.loader.WebappClassLoader clearReferencesThreads
严重: The web application [/yigo] appears to have started a thread named [YigoQuartzScheduler_Worker-2] but has failed to stop it. This is very likely to create a memory leak.
九月 28, 2018 7:20:31 下午 org.apache.catalina.loader.WebappClassLoader clearReferencesThreads
严重: The web application [/yigo] appears to have started a thread named [YigoQuartzScheduler_Worker-3] but has failed to stop it. This is very likely to create a memory leak.
九月 28, 2018 7:20:31 下午 org.apache.catalina.loader.WebappClassLoader clearReferencesThreads
严重: The web application [/yigo] appears to have started a thread named [YigoQuartzScheduler_Worker-4] but has failed to stop it. This is very likely to create a memory leak.
九月 28, 2018 7:20:31 下午 org.apache.catalina.loader.WebappClassLoader clearReferencesThreads
严重: The web application [/yigo] appears to have started a thread named [YigoQuartzScheduler_Worker-5] but has failed to stop it. This is very likely to create a memory leak.
九月 28, 2018 7:20:31 下午 org.apache.coyote.AbstractProtocol start
信息: Starting ProtocolHandler ["http-bio-8089"]
九月 28, 2018 7:20:31 下午 org.apache.coyote.AbstractProtocol start
信息: Starting ProtocolHandler ["ajp-bio-8009"]
九月 28, 2018 7:20:31 下午 org.apache.catalina.startup.Catalina start
信息: Server startup in 4966 ms
