十二月 04, 2017 9:31:52 上午 org.apache.catalina.core.AprLifecycleListener init
信息: The APR based Apache Tomcat Native library which allows optimal performance in production environments was not found on the java.library.path: F:\Yigo_Demo\Env2017_03_02_r3\Tomcat 7.0_x64\jre1.8.0_60_x64\bin;C:\Windows\Sun\Java\bin;C:\Windows\system32;C:\Windows;D:\apache-ant-1.10.0/bin;G:\cxf-3.0.3\bin;D:\oraclee\product\11.2.0\dbhome_1\bin;G:\Java JDK1.8\Java1.8\jdk1.8.0_73\bin;C:\Windows\system32;C:\Windows;C:\Windows\System32\Wbem;C:\Windows\System32\WindowsPowerShell\v1.0\;C:\Program Files\Lenovo\Bluetooth Software\;C:\Program Files\Lenovo\Bluetooth Software\syswow64;C:\Program Files\TortoiseSVN\bin;D:\PROGRA~1\GROOVY~1.0\bin;.
十二月 04, 2017 9:31:54 上午 org.apache.coyote.AbstractProtocol init
信息: Initializing ProtocolHandler ["http-bio-8089"]
十二月 04, 2017 9:31:54 上午 org.apache.coyote.AbstractProtocol init
信息: Initializing ProtocolHandler ["ajp-bio-8009"]
十二月 04, 2017 9:31:54 上午 org.apache.catalina.startup.Catalina load
信息: Initialization processed in 3431 ms
十二月 04, 2017 9:31:54 上午 org.apache.catalina.core.StandardService startInternal
信息: Starting service Catalina
十二月 04, 2017 9:31:54 上午 org.apache.catalina.core.StandardEngine startInternal
信息: Starting Servlet Engine: Apache Tomcat/7.0.42
十二月 04, 2017 9:31:54 上午 org.apache.catalina.startup.HostConfig deployDirectory
信息: Deploying web application directory F:\Yigo_Demo\Env2017_03_02_r3\Tomcat 7.0_x64\webapps\docs
十二月 04, 2017 9:31:55 上午 org.apache.catalina.util.SessionIdGenerator createSecureRandom
信息: Creation of SecureRandom instance for session ID generation using [SHA1PRNG] took [187] milliseconds.
十二月 04, 2017 9:31:55 上午 org.apache.catalina.startup.HostConfig deployDirectory
信息: Deploying web application directory F:\Yigo_Demo\Env2017_03_02_r3\Tomcat 7.0_x64\webapps\examples
十二月 04, 2017 9:31:56 上午 org.apache.catalina.startup.HostConfig deployDirectory
信息: Deploying web application directory F:\Yigo_Demo\Env2017_03_02_r3\Tomcat 7.0_x64\webapps\host-manager
十二月 04, 2017 9:31:56 上午 org.apache.catalina.startup.HostConfig deployDirectory
信息: Deploying web application directory F:\Yigo_Demo\Env2017_03_02_r3\Tomcat 7.0_x64\webapps\manager
十二月 04, 2017 9:31:56 上午 org.apache.catalina.startup.HostConfig deployDirectory
信息: Deploying web application directory F:\Yigo_Demo\Env2017_03_02_r3\Tomcat 7.0_x64\webapps\ROOT
十二月 04, 2017 9:31:56 上午 org.apache.catalina.startup.HostConfig deployDirectory
信息: Deploying web application directory F:\Yigo_Demo\Env2017_03_02_r3\Tomcat 7.0_x64\webapps\yigo
十二月 04, 2017 9:31:57 上午 org.apache.catalina.loader.WebappClassLoader validateJarFile
信息: validateJarFile(F:\Yigo_Demo\Env2017_03_02_r3\Tomcat 7.0_x64\webapps\yigo\WEB-INF\lib\el-api-6.0.44.jar) - jar not loaded. See Servlet Spec 2.3, section 9.7.2. Offending class: javax/el/Expression.class
十二月 04, 2017 9:31:57 上午 org.apache.catalina.loader.WebappClassLoader validateJarFile
信息: validateJarFile(F:\Yigo_Demo\Env2017_03_02_r3\Tomcat 7.0_x64\webapps\yigo\WEB-INF\lib\javax.servlet-api-3.0.1.jar) - jar not loaded. See Servlet Spec 2.3, section 9.7.2. Offending class: javax/servlet/Servlet.class
十二月 04, 2017 9:31:58 上午 org.apache.catalina.loader.WebappClassLoader validateJarFile
信息: validateJarFile(F:\Yigo_Demo\Env2017_03_02_r3\Tomcat 7.0_x64\webapps\yigo\WEB-INF\lib\jsp-api-2.1.jar) - jar not loaded. See Servlet Spec 2.3, section 9.7.2. Offending class: javax/el/Expression.class
十二月 04, 2017 9:31:58 上午 org.apache.catalina.loader.WebappClassLoader validateJarFile
信息: validateJarFile(F:\Yigo_Demo\Env2017_03_02_r3\Tomcat 7.0_x64\webapps\yigo\WEB-INF\lib\servlet-api-6.0.44.jar) - jar not loaded. See Servlet Spec 2.3, section 9.7.2. Offending class: javax/servlet/Servlet.class
十二月 04, 2017 9:32:13 上午 org.apache.catalina.core.StandardContext startInternal
严重: Error listenerStart
十二月 04, 2017 9:32:13 上午 org.apache.catalina.core.StandardContext startInternal
严重: Context [/yigo] startup failed due to previous errors
十二月 04, 2017 9:32:13 上午 org.apache.catalina.loader.WebappClassLoader clearReferencesThreads
严重: The web application [/yigo] appears to have started a thread named [YigoQuartzScheduler_Worker-1] but has failed to stop it. This is very likely to create a memory leak.
十二月 04, 2017 9:32:13 上午 org.apache.catalina.loader.WebappClassLoader clearReferencesThreads
严重: The web application [/yigo] appears to have started a thread named [YigoQuartzScheduler_Worker-2] but has failed to stop it. This is very likely to create a memory leak.
十二月 04, 2017 9:32:13 上午 org.apache.catalina.loader.WebappClassLoader clearReferencesThreads
严重: The web application [/yigo] appears to have started a thread named [YigoQuartzScheduler_Worker-3] but has failed to stop it. This is very likely to create a memory leak.
十二月 04, 2017 9:32:13 上午 org.apache.catalina.loader.WebappClassLoader clearReferencesThreads
严重: The web application [/yigo] appears to have started a thread named [YigoQuartzScheduler_Worker-4] but has failed to stop it. This is very likely to create a memory leak.
十二月 04, 2017 9:32:13 上午 org.apache.catalina.loader.WebappClassLoader clearReferencesThreads
严重: The web application [/yigo] appears to have started a thread named [YigoQuartzScheduler_Worker-5] but has failed to stop it. This is very likely to create a memory leak.
十二月 04, 2017 9:32:13 上午 org.apache.coyote.AbstractProtocol start
信息: Starting ProtocolHandler ["http-bio-8089"]
十二月 04, 2017 9:32:13 上午 org.apache.coyote.AbstractProtocol start
信息: Starting ProtocolHandler ["ajp-bio-8009"]
十二月 04, 2017 9:32:13 上午 org.apache.catalina.startup.Catalina start
信息: Server startup in 18997 ms
十二月 04, 2017 9:36:07 上午 org.apache.catalina.core.AprLifecycleListener init
信息: The APR based Apache Tomcat Native library which allows optimal performance in production environments was not found on the java.library.path: F:\Yigo_Demo\Env2017_03_02_r3\Tomcat 7.0_x64\jre1.8.0_60_x64\bin;C:\Windows\Sun\Java\bin;C:\Windows\system32;C:\Windows;D:\apache-ant-1.10.0/bin;G:\cxf-3.0.3\bin;D:\oraclee\product\11.2.0\dbhome_1\bin;G:\Java JDK1.8\Java1.8\jdk1.8.0_73\bin;C:\Windows\system32;C:\Windows;C:\Windows\System32\Wbem;C:\Windows\System32\WindowsPowerShell\v1.0\;C:\Program Files\Lenovo\Bluetooth Software\;C:\Program Files\Lenovo\Bluetooth Software\syswow64;C:\Program Files\TortoiseSVN\bin;D:\PROGRA~1\GROOVY~1.0\bin;.
十二月 04, 2017 9:36:08 上午 org.apache.coyote.AbstractProtocol init
信息: Initializing ProtocolHandler ["http-bio-8089"]
十二月 04, 2017 9:36:08 上午 org.apache.coyote.AbstractProtocol init
信息: Initializing ProtocolHandler ["ajp-bio-8009"]
十二月 04, 2017 9:36:08 上午 org.apache.catalina.startup.Catalina load
信息: Initialization processed in 563 ms
十二月 04, 2017 9:36:08 上午 org.apache.catalina.core.StandardService startInternal
信息: Starting service Catalina
十二月 04, 2017 9:36:08 上午 org.apache.catalina.core.StandardEngine startInternal
信息: Starting Servlet Engine: Apache Tomcat/7.0.42
十二月 04, 2017 9:36:08 上午 org.apache.catalina.startup.HostConfig deployDirectory
信息: Deploying web application directory F:\Yigo_Demo\Env2017_03_02_r3\Tomcat 7.0_x64\webapps\docs
十二月 04, 2017 9:36:08 上午 org.apache.catalina.util.SessionIdGenerator createSecureRandom
信息: Creation of SecureRandom instance for session ID generation using [SHA1PRNG] took [155] milliseconds.
十二月 04, 2017 9:36:08 上午 org.apache.catalina.startup.HostConfig deployDirectory
信息: Deploying web application directory F:\Yigo_Demo\Env2017_03_02_r3\Tomcat 7.0_x64\webapps\examples
十二月 04, 2017 9:36:08 上午 org.apache.catalina.startup.HostConfig deployDirectory
信息: Deploying web application directory F:\Yigo_Demo\Env2017_03_02_r3\Tomcat 7.0_x64\webapps\host-manager
十二月 04, 2017 9:36:08 上午 org.apache.catalina.startup.HostConfig deployDirectory
信息: Deploying web application directory F:\Yigo_Demo\Env2017_03_02_r3\Tomcat 7.0_x64\webapps\manager
十二月 04, 2017 9:36:08 上午 org.apache.catalina.startup.HostConfig deployDirectory
信息: Deploying web application directory F:\Yigo_Demo\Env2017_03_02_r3\Tomcat 7.0_x64\webapps\ROOT
十二月 04, 2017 9:36:08 上午 org.apache.catalina.startup.HostConfig deployDirectory
信息: Deploying web application directory F:\Yigo_Demo\Env2017_03_02_r3\Tomcat 7.0_x64\webapps\yigo
十二月 04, 2017 9:36:08 上午 org.apache.catalina.loader.WebappClassLoader validateJarFile
信息: validateJarFile(F:\Yigo_Demo\Env2017_03_02_r3\Tomcat 7.0_x64\webapps\yigo\WEB-INF\lib\el-api-6.0.44.jar) - jar not loaded. See Servlet Spec 2.3, section 9.7.2. Offending class: javax/el/Expression.class
十二月 04, 2017 9:36:08 上午 org.apache.catalina.loader.WebappClassLoader validateJarFile
信息: validateJarFile(F:\Yigo_Demo\Env2017_03_02_r3\Tomcat 7.0_x64\webapps\yigo\WEB-INF\lib\javax.servlet-api-3.0.1.jar) - jar not loaded. See Servlet Spec 2.3, section 9.7.2. Offending class: javax/servlet/Servlet.class
十二月 04, 2017 9:36:09 上午 org.apache.catalina.loader.WebappClassLoader validateJarFile
信息: validateJarFile(F:\Yigo_Demo\Env2017_03_02_r3\Tomcat 7.0_x64\webapps\yigo\WEB-INF\lib\jsp-api-2.1.jar) - jar not loaded. See Servlet Spec 2.3, section 9.7.2. Offending class: javax/el/Expression.class
十二月 04, 2017 9:36:09 上午 org.apache.catalina.loader.WebappClassLoader validateJarFile
信息: validateJarFile(F:\Yigo_Demo\Env2017_03_02_r3\Tomcat 7.0_x64\webapps\yigo\WEB-INF\lib\servlet-api-6.0.44.jar) - jar not loaded. See Servlet Spec 2.3, section 9.7.2. Offending class: javax/servlet/Servlet.class
十二月 04, 2017 9:36:28 上午 org.apache.coyote.AbstractProtocol start
信息: Starting ProtocolHandler ["http-bio-8089"]
十二月 04, 2017 9:36:28 上午 org.apache.coyote.AbstractProtocol start
信息: Starting ProtocolHandler ["ajp-bio-8009"]
十二月 04, 2017 9:36:28 上午 org.apache.catalina.startup.Catalina start
信息: Server startup in 20502 ms
十二月 04, 2017 10:38:55 上午 org.apache.catalina.core.AprLifecycleListener init
信息: The APR based Apache Tomcat Native library which allows optimal performance in production environments was not found on the java.library.path: F:\Yigo_Demo\Env2017_03_02_r3\Tomcat 7.0_x64\jre1.8.0_60_x64\bin;C:\Windows\Sun\Java\bin;C:\Windows\system32;C:\Windows;D:\apache-ant-1.10.0/bin;G:\cxf-3.0.3\bin;D:\oraclee\product\11.2.0\dbhome_1\bin;G:\Java JDK1.8\Java1.8\jdk1.8.0_73\bin;C:\Windows\system32;C:\Windows;C:\Windows\System32\Wbem;C:\Windows\System32\WindowsPowerShell\v1.0\;C:\Program Files\Lenovo\Bluetooth Software\;C:\Program Files\Lenovo\Bluetooth Software\syswow64;C:\Program Files\TortoiseSVN\bin;D:\PROGRA~1\GROOVY~1.0\bin;.
十二月 04, 2017 10:38:55 上午 org.apache.coyote.AbstractProtocol init
信息: Initializing ProtocolHandler ["http-bio-8089"]
十二月 04, 2017 10:38:55 上午 org.apache.coyote.AbstractProtocol init
严重: Failed to initialize end point associated with ProtocolHandler ["http-bio-8089"]
java.net.BindException: Address already in use: JVM_Bind <null>:8089
	at org.apache.tomcat.util.net.JIoEndpoint.bind(JIoEndpoint.java:406)
	at org.apache.tomcat.util.net.AbstractEndpoint.init(AbstractEndpoint.java:610)
	at org.apache.coyote.AbstractProtocol.init(AbstractProtocol.java:429)
	at org.apache.coyote.http11.AbstractHttp11JsseProtocol.init(AbstractHttp11JsseProtocol.java:119)
	at org.apache.catalina.connector.Connector.initInternal(Connector.java:981)
	at org.apache.catalina.util.LifecycleBase.init(LifecycleBase.java:102)
	at org.apache.catalina.core.StandardService.initInternal(StandardService.java:559)
	at org.apache.catalina.util.LifecycleBase.init(LifecycleBase.java:102)
	at org.apache.catalina.core.StandardServer.initInternal(StandardServer.java:814)
	at org.apache.catalina.util.LifecycleBase.init(LifecycleBase.java:102)
	at org.apache.catalina.startup.Catalina.load(Catalina.java:640)
	at org.apache.catalina.startup.Catalina.load(Catalina.java:665)
	at sun.reflect.NativeMethodAccessorImpl.invoke0(Native Method)
	at sun.reflect.NativeMethodAccessorImpl.invoke(NativeMethodAccessorImpl.java:62)
	at sun.reflect.DelegatingMethodAccessorImpl.invoke(DelegatingMethodAccessorImpl.java:43)
	at java.lang.reflect.Method.invoke(Method.java:497)
	at org.apache.catalina.startup.Bootstrap.load(Bootstrap.java:281)
	at org.apache.catalina.startup.Bootstrap.main(Bootstrap.java:455)
Caused by: java.net.BindException: Address already in use: JVM_Bind
	at java.net.DualStackPlainSocketImpl.bind0(Native Method)
	at java.net.DualStackPlainSocketImpl.socketBind(DualStackPlainSocketImpl.java:106)
	at java.net.AbstractPlainSocketImpl.bind(AbstractPlainSocketImpl.java:387)
	at java.net.PlainSocketImpl.bind(PlainSocketImpl.java:190)
	at java.net.ServerSocket.bind(ServerSocket.java:375)
	at java.net.ServerSocket.<init>(ServerSocket.java:237)
	at java.net.ServerSocket.<init>(ServerSocket.java:181)
	at org.apache.tomcat.util.net.DefaultServerSocketFactory.createSocket(DefaultServerSocketFactory.java:49)
	at org.apache.tomcat.util.net.JIoEndpoint.bind(JIoEndpoint.java:393)
	... 17 more

十二月 04, 2017 10:38:55 上午 org.apache.catalina.core.StandardService initInternal
严重: Failed to initialize connector [Connector[HTTP/1.1-8089]]
org.apache.catalina.LifecycleException: Failed to initialize component [Connector[HTTP/1.1-8089]]
	at org.apache.catalina.util.LifecycleBase.init(LifecycleBase.java:106)
	at org.apache.catalina.core.StandardService.initInternal(StandardService.java:559)
	at org.apache.catalina.util.LifecycleBase.init(LifecycleBase.java:102)
	at org.apache.catalina.core.StandardServer.initInternal(StandardServer.java:814)
	at org.apache.catalina.util.LifecycleBase.init(LifecycleBase.java:102)
	at org.apache.catalina.startup.Catalina.load(Catalina.java:640)
	at org.apache.catalina.startup.Catalina.load(Catalina.java:665)
	at sun.reflect.NativeMethodAccessorImpl.invoke0(Native Method)
	at sun.reflect.NativeMethodAccessorImpl.invoke(NativeMethodAccessorImpl.java:62)
	at sun.reflect.DelegatingMethodAccessorImpl.invoke(DelegatingMethodAccessorImpl.java:43)
	at java.lang.reflect.Method.invoke(Method.java:497)
	at org.apache.catalina.startup.Bootstrap.load(Bootstrap.java:281)
	at org.apache.catalina.startup.Bootstrap.main(Bootstrap.java:455)
Caused by: org.apache.catalina.LifecycleException: Protocol handler initialization failed
	at org.apache.catalina.connector.Connector.initInternal(Connector.java:983)
	at org.apache.catalina.util.LifecycleBase.init(LifecycleBase.java:102)
	... 12 more
Caused by: java.net.BindException: Address already in use: JVM_Bind <null>:8089
	at org.apache.tomcat.util.net.JIoEndpoint.bind(JIoEndpoint.java:406)
	at org.apache.tomcat.util.net.AbstractEndpoint.init(AbstractEndpoint.java:610)
	at org.apache.coyote.AbstractProtocol.init(AbstractProtocol.java:429)
	at org.apache.coyote.http11.AbstractHttp11JsseProtocol.init(AbstractHttp11JsseProtocol.java:119)
	at org.apache.catalina.connector.Connector.initInternal(Connector.java:981)
	... 13 more
Caused by: java.net.BindException: Address already in use: JVM_Bind
	at java.net.DualStackPlainSocketImpl.bind0(Native Method)
	at java.net.DualStackPlainSocketImpl.socketBind(DualStackPlainSocketImpl.java:106)
	at java.net.AbstractPlainSocketImpl.bind(AbstractPlainSocketImpl.java:387)
	at java.net.PlainSocketImpl.bind(PlainSocketImpl.java:190)
	at java.net.ServerSocket.bind(ServerSocket.java:375)
	at java.net.ServerSocket.<init>(ServerSocket.java:237)
	at java.net.ServerSocket.<init>(ServerSocket.java:181)
	at org.apache.tomcat.util.net.DefaultServerSocketFactory.createSocket(DefaultServerSocketFactory.java:49)
	at org.apache.tomcat.util.net.JIoEndpoint.bind(JIoEndpoint.java:393)
	... 17 more

十二月 04, 2017 10:38:55 上午 org.apache.coyote.AbstractProtocol init
信息: Initializing ProtocolHandler ["ajp-bio-8009"]
十二月 04, 2017 10:38:55 上午 org.apache.coyote.AbstractProtocol init
严重: Failed to initialize end point associated with ProtocolHandler ["ajp-bio-8009"]
java.net.BindException: Address already in use: JVM_Bind <null>:8009
	at org.apache.tomcat.util.net.JIoEndpoint.bind(JIoEndpoint.java:406)
	at org.apache.tomcat.util.net.AbstractEndpoint.init(AbstractEndpoint.java:610)
	at org.apache.coyote.AbstractProtocol.init(AbstractProtocol.java:429)
	at org.apache.catalina.connector.Connector.initInternal(Connector.java:981)
	at org.apache.catalina.util.LifecycleBase.init(LifecycleBase.java:102)
	at org.apache.catalina.core.StandardService.initInternal(StandardService.java:559)
	at org.apache.catalina.util.LifecycleBase.init(LifecycleBase.java:102)
	at org.apache.catalina.core.StandardServer.initInternal(StandardServer.java:814)
	at org.apache.catalina.util.LifecycleBase.init(LifecycleBase.java:102)
	at org.apache.catalina.startup.Catalina.load(Catalina.java:640)
	at org.apache.catalina.startup.Catalina.load(Catalina.java:665)
	at sun.reflect.NativeMethodAccessorImpl.invoke0(Native Method)
	at sun.reflect.NativeMethodAccessorImpl.invoke(NativeMethodAccessorImpl.java:62)
	at sun.reflect.DelegatingMethodAccessorImpl.invoke(DelegatingMethodAccessorImpl.java:43)
	at java.lang.reflect.Method.invoke(Method.java:497)
	at org.apache.catalina.startup.Bootstrap.load(Bootstrap.java:281)
	at org.apache.catalina.startup.Bootstrap.main(Bootstrap.java:455)
Caused by: java.net.BindException: Address already in use: JVM_Bind
	at java.net.DualStackPlainSocketImpl.bind0(Native Method)
	at java.net.DualStackPlainSocketImpl.socketBind(DualStackPlainSocketImpl.java:106)
	at java.net.AbstractPlainSocketImpl.bind(AbstractPlainSocketImpl.java:387)
	at java.net.PlainSocketImpl.bind(PlainSocketImpl.java:190)
	at java.net.ServerSocket.bind(ServerSocket.java:375)
	at java.net.ServerSocket.<init>(ServerSocket.java:237)
	at java.net.ServerSocket.<init>(ServerSocket.java:181)
	at org.apache.tomcat.util.net.DefaultServerSocketFactory.createSocket(DefaultServerSocketFactory.java:49)
	at org.apache.tomcat.util.net.JIoEndpoint.bind(JIoEndpoint.java:393)
	... 16 more

十二月 04, 2017 10:38:55 上午 org.apache.catalina.core.StandardService initInternal
严重: Failed to initialize connector [Connector[AJP/1.3-8009]]
org.apache.catalina.LifecycleException: Failed to initialize component [Connector[AJP/1.3-8009]]
	at org.apache.catalina.util.LifecycleBase.init(LifecycleBase.java:106)
	at org.apache.catalina.core.StandardService.initInternal(StandardService.java:559)
	at org.apache.catalina.util.LifecycleBase.init(LifecycleBase.java:102)
	at org.apache.catalina.core.StandardServer.initInternal(StandardServer.java:814)
	at org.apache.catalina.util.LifecycleBase.init(LifecycleBase.java:102)
	at org.apache.catalina.startup.Catalina.load(Catalina.java:640)
	at org.apache.catalina.startup.Catalina.load(Catalina.java:665)
	at sun.reflect.NativeMethodAccessorImpl.invoke0(Native Method)
	at sun.reflect.NativeMethodAccessorImpl.invoke(NativeMethodAccessorImpl.java:62)
	at sun.reflect.DelegatingMethodAccessorImpl.invoke(DelegatingMethodAccessorImpl.java:43)
	at java.lang.reflect.Method.invoke(Method.java:497)
	at org.apache.catalina.startup.Bootstrap.load(Bootstrap.java:281)
	at org.apache.catalina.startup.Bootstrap.main(Bootstrap.java:455)
Caused by: org.apache.catalina.LifecycleException: Protocol handler initialization failed
	at org.apache.catalina.connector.Connector.initInternal(Connector.java:983)
	at org.apache.catalina.util.LifecycleBase.init(LifecycleBase.java:102)
	... 12 more
Caused by: java.net.BindException: Address already in use: JVM_Bind <null>:8009
	at org.apache.tomcat.util.net.JIoEndpoint.bind(JIoEndpoint.java:406)
	at org.apache.tomcat.util.net.AbstractEndpoint.init(AbstractEndpoint.java:610)
	at org.apache.coyote.AbstractProtocol.init(AbstractProtocol.java:429)
	at org.apache.catalina.connector.Connector.initInternal(Connector.java:981)
	... 13 more
Caused by: java.net.BindException: Address already in use: JVM_Bind
	at java.net.DualStackPlainSocketImpl.bind0(Native Method)
	at java.net.DualStackPlainSocketImpl.socketBind(DualStackPlainSocketImpl.java:106)
	at java.net.AbstractPlainSocketImpl.bind(AbstractPlainSocketImpl.java:387)
	at java.net.PlainSocketImpl.bind(PlainSocketImpl.java:190)
	at java.net.ServerSocket.bind(ServerSocket.java:375)
	at java.net.ServerSocket.<init>(ServerSocket.java:237)
	at java.net.ServerSocket.<init>(ServerSocket.java:181)
	at org.apache.tomcat.util.net.DefaultServerSocketFactory.createSocket(DefaultServerSocketFactory.java:49)
	at org.apache.tomcat.util.net.JIoEndpoint.bind(JIoEndpoint.java:393)
	... 16 more

十二月 04, 2017 10:38:55 上午 org.apache.catalina.startup.Catalina load
信息: Initialization processed in 618 ms
十二月 04, 2017 10:38:55 上午 org.apache.catalina.core.StandardService startInternal
信息: Starting service Catalina
十二月 04, 2017 10:38:55 上午 org.apache.catalina.core.StandardEngine startInternal
信息: Starting Servlet Engine: Apache Tomcat/7.0.42
十二月 04, 2017 10:38:55 上午 org.apache.catalina.startup.HostConfig deployDirectory
信息: Deploying web application directory F:\Yigo_Demo\Env2017_03_02_r3\Tomcat 7.0_x64\webapps\docs
十二月 04, 2017 10:38:56 上午 org.apache.catalina.util.SessionIdGenerator createSecureRandom
信息: Creation of SecureRandom instance for session ID generation using [SHA1PRNG] took [171] milliseconds.
十二月 04, 2017 10:38:56 上午 org.apache.catalina.startup.HostConfig deployDirectory
信息: Deploying web application directory F:\Yigo_Demo\Env2017_03_02_r3\Tomcat 7.0_x64\webapps\examples
十二月 04, 2017 10:38:56 上午 org.apache.catalina.startup.HostConfig deployDirectory
信息: Deploying web application directory F:\Yigo_Demo\Env2017_03_02_r3\Tomcat 7.0_x64\webapps\host-manager
十二月 04, 2017 10:38:56 上午 org.apache.catalina.startup.HostConfig deployDirectory
信息: Deploying web application directory F:\Yigo_Demo\Env2017_03_02_r3\Tomcat 7.0_x64\webapps\manager
十二月 04, 2017 10:38:56 上午 org.apache.catalina.startup.HostConfig deployDirectory
信息: Deploying web application directory F:\Yigo_Demo\Env2017_03_02_r3\Tomcat 7.0_x64\webapps\ROOT
十二月 04, 2017 10:38:56 上午 org.apache.catalina.startup.HostConfig deployDirectory
信息: Deploying web application directory F:\Yigo_Demo\Env2017_03_02_r3\Tomcat 7.0_x64\webapps\yigo
十二月 04, 2017 10:38:56 上午 org.apache.catalina.loader.WebappClassLoader validateJarFile
信息: validateJarFile(F:\Yigo_Demo\Env2017_03_02_r3\Tomcat 7.0_x64\webapps\yigo\WEB-INF\lib\el-api-6.0.44.jar) - jar not loaded. See Servlet Spec 2.3, section 9.7.2. Offending class: javax/el/Expression.class
十二月 04, 2017 10:38:56 上午 org.apache.catalina.loader.WebappClassLoader validateJarFile
信息: validateJarFile(F:\Yigo_Demo\Env2017_03_02_r3\Tomcat 7.0_x64\webapps\yigo\WEB-INF\lib\javax.servlet-api-3.0.1.jar) - jar not loaded. See Servlet Spec 2.3, section 9.7.2. Offending class: javax/servlet/Servlet.class
十二月 04, 2017 10:38:56 上午 org.apache.catalina.loader.WebappClassLoader validateJarFile
信息: validateJarFile(F:\Yigo_Demo\Env2017_03_02_r3\Tomcat 7.0_x64\webapps\yigo\WEB-INF\lib\jsp-api-2.1.jar) - jar not loaded. See Servlet Spec 2.3, section 9.7.2. Offending class: javax/el/Expression.class
十二月 04, 2017 10:38:56 上午 org.apache.catalina.loader.WebappClassLoader validateJarFile
信息: validateJarFile(F:\Yigo_Demo\Env2017_03_02_r3\Tomcat 7.0_x64\webapps\yigo\WEB-INF\lib\servlet-api-6.0.44.jar) - jar not loaded. See Servlet Spec 2.3, section 9.7.2. Offending class: javax/servlet/Servlet.class
十二月 04, 2017 10:39:35 上午 org.apache.catalina.startup.Catalina start
信息: Server startup in 39372 ms
十二月 04, 2017 10:39:35 上午 org.apache.catalina.core.StandardServer await
严重: StandardServer.await: create[localhost:8005]: 
java.net.BindException: Address already in use: JVM_Bind
	at java.net.DualStackPlainSocketImpl.bind0(Native Method)
	at java.net.DualStackPlainSocketImpl.socketBind(DualStackPlainSocketImpl.java:106)
	at java.net.AbstractPlainSocketImpl.bind(AbstractPlainSocketImpl.java:387)
	at java.net.PlainSocketImpl.bind(PlainSocketImpl.java:190)
	at java.net.ServerSocket.bind(ServerSocket.java:375)
	at java.net.ServerSocket.<init>(ServerSocket.java:237)
	at org.apache.catalina.core.StandardServer.await(StandardServer.java:427)
	at org.apache.catalina.startup.Catalina.await(Catalina.java:779)
	at org.apache.catalina.startup.Catalina.start(Catalina.java:725)
	at sun.reflect.NativeMethodAccessorImpl.invoke0(Native Method)
	at sun.reflect.NativeMethodAccessorImpl.invoke(NativeMethodAccessorImpl.java:62)
	at sun.reflect.DelegatingMethodAccessorImpl.invoke(DelegatingMethodAccessorImpl.java:43)
	at java.lang.reflect.Method.invoke(Method.java:497)
	at org.apache.catalina.startup.Bootstrap.start(Bootstrap.java:322)
	at org.apache.catalina.startup.Bootstrap.main(Bootstrap.java:456)

十二月 04, 2017 10:39:35 上午 org.apache.coyote.AbstractProtocol pause
信息: Pausing ProtocolHandler ["http-bio-8089"]
十二月 04, 2017 10:39:35 上午 org.apache.coyote.AbstractProtocol pause
信息: Pausing ProtocolHandler ["ajp-bio-8009"]
十二月 04, 2017 10:39:35 上午 org.apache.catalina.core.StandardService stopInternal
信息: Stopping service Catalina
十二月 04, 2017 10:39:35 上午 org.apache.catalina.loader.WebappClassLoader clearReferencesJdbc
严重: The web application [/yigo] registered the JDBC driver [oracle.jdbc.OracleDriver] but failed to unregister it when the web application was stopped. To prevent a memory leak, the JDBC Driver has been forcibly unregistered.
十二月 04, 2017 10:39:35 上午 org.apache.catalina.loader.WebappClassLoader clearReferencesThreads
严重: The web application [/yigo] appears to have started a thread named [yesCache] but has failed to stop it. This is very likely to create a memory leak.
十二月 04, 2017 10:39:35 上午 org.apache.catalina.loader.WebappClassLoader clearReferencesThreads
严重: The web application [/yigo] appears to have started a thread named [%004fperator.data] but has failed to stop it. This is very likely to create a memory leak.
十二月 04, 2017 10:39:35 上午 org.apache.catalina.loader.WebappClassLoader clearReferencesThreads
严重: The web application [/yigo] appears to have started a thread named [Statistics Thread-yesCache-1] but has failed to stop it. This is very likely to create a memory leak.
十二月 04, 2017 10:39:35 上午 org.apache.catalina.loader.WebappClassLoader clearReferencesThreads
严重: The web application [/yigo] appears to have started a thread named [mobile%0043ache.data] but has failed to stop it. This is very likely to create a memory leak.
十二月 04, 2017 10:39:35 上午 org.apache.catalina.loader.WebappClassLoader clearReferencesThreads
严重: The web application [/yigo] appears to have started a thread named [session%0043ache.data] but has failed to stop it. This is very likely to create a memory leak.
十二月 04, 2017 10:39:35 上午 org.apache.catalina.loader.WebappClassLoader clearReferencesThreads
严重: The web application [/yigo] appears to have started a thread named [%004daterial.data] but has failed to stop it. This is very likely to create a memory leak.
十二月 04, 2017 10:39:35 上午 org.apache.catalina.loader.WebappClassLoader clearReferencesThreads
严重: The web application [/yigo] appears to have started a thread named [%0057arehouse.data] but has failed to stop it. This is very likely to create a memory leak.
十二月 04, 2017 10:39:35 上午 org.apache.catalina.loader.WebappClassLoader clearReferencesThreads
严重: The web application [/yigo] appears to have started a thread named [%0052ole.data] but has failed to stop it. This is very likely to create a memory leak.
十二月 04, 2017 10:39:35 上午 org.apache.catalina.loader.WebappClassLoader clearReferencesThreads
严重: The web application [/yigo] appears to have started a thread named [%0043ity.data] but has failed to stop it. This is very likely to create a memory leak.
十二月 04, 2017 10:39:35 上午 org.apache.catalina.loader.WebappClassLoader clearReferencesThreads
严重: The web application [/yigo] appears to have started a thread named [%0050rovince.data] but has failed to stop it. This is very likely to create a memory leak.
十二月 04, 2017 10:39:35 上午 org.apache.catalina.loader.WebappClassLoader clearReferencesThreads
严重: The web application [/yigo] appears to have started a thread named [temp%0043ache.data] but has failed to stop it. This is very likely to create a memory leak.
十二月 04, 2017 10:39:35 上午 org.apache.catalina.loader.WebappClassLoader clearReferencesThreads
严重: The web application [/yigo] appears to have started a thread named [oracle.jdbc.driver.BlockSource.ThreadedCachingBlockSource.BlockReleaser] but has failed to stop it. This is very likely to create a memory leak.
十二月 04, 2017 10:39:35 上午 org.apache.catalina.loader.WebappClassLoader clearReferencesThreads
严重: The web application [/yigo] appears to have started a thread named [Timer-0] but has failed to stop it. This is very likely to create a memory leak.
十二月 04, 2017 10:39:35 上午 org.apache.coyote.AbstractProtocol stop
信息: Stopping ProtocolHandler ["http-bio-8089"]
十二月 04, 2017 10:39:35 上午 org.apache.coyote.AbstractProtocol destroy
信息: Destroying ProtocolHandler ["http-bio-8089"]
十二月 04, 2017 10:39:35 上午 org.apache.coyote.AbstractProtocol stop
信息: Stopping ProtocolHandler ["ajp-bio-8009"]
十二月 04, 2017 10:39:35 上午 org.apache.coyote.AbstractProtocol destroy
信息: Destroying ProtocolHandler ["ajp-bio-8009"]
十二月 04, 2017 10:39:53 上午 org.apache.catalina.loader.WebappClassLoader loadClass
信息: Illegal access: this web application instance has been stopped already.  Could not load com.bokesoft.yes.bpm.timer.b.  The eventual following stack trace is caused by an error thrown for debugging purposes as well as to attempt to terminate the thread which caused the illegal access, and has no functional impact.
java.lang.IllegalStateException
	at org.apache.catalina.loader.WebappClassLoader.loadClass(WebappClassLoader.java:1600)
	at org.apache.catalina.loader.WebappClassLoader.loadClass(WebappClassLoader.java:1559)
	at com.bokesoft.yes.bpm.timer.TimerProxy.run(Unknown Source)
	at com.bokesoft.yes.bpm.timer.TimerProxy.access$000(Unknown Source)
	at com.bokesoft.yes.bpm.timer.a.run(Unknown Source)
	at java.util.TimerThread.mainLoop(Timer.java:555)
	at java.util.TimerThread.run(Timer.java:505)

十二月 04, 2017 10:41:50 上午 org.apache.catalina.core.AprLifecycleListener init
信息: The APR based Apache Tomcat Native library which allows optimal performance in production environments was not found on the java.library.path: F:\Yigo_Demo\Env2017_03_02_r3\Tomcat 7.0_x64\jre1.8.0_60_x64\bin;C:\Windows\Sun\Java\bin;C:\Windows\system32;C:\Windows;D:\apache-ant-1.10.0/bin;G:\cxf-3.0.3\bin;D:\oraclee\product\11.2.0\dbhome_1\bin;G:\Java JDK1.8\Java1.8\jdk1.8.0_73\bin;C:\Windows\system32;C:\Windows;C:\Windows\System32\Wbem;C:\Windows\System32\WindowsPowerShell\v1.0\;C:\Program Files\Lenovo\Bluetooth Software\;C:\Program Files\Lenovo\Bluetooth Software\syswow64;C:\Program Files\TortoiseSVN\bin;D:\PROGRA~1\GROOVY~1.0\bin;.
十二月 04, 2017 10:41:51 上午 org.apache.coyote.AbstractProtocol init
信息: Initializing ProtocolHandler ["http-bio-8089"]
十二月 04, 2017 10:41:51 上午 org.apache.coyote.AbstractProtocol init
信息: Initializing ProtocolHandler ["ajp-bio-8009"]
十二月 04, 2017 10:41:51 上午 org.apache.catalina.startup.Catalina load
信息: Initialization processed in 573 ms
十二月 04, 2017 10:41:51 上午 org.apache.catalina.core.StandardService startInternal
信息: Starting service Catalina
十二月 04, 2017 10:41:51 上午 org.apache.catalina.core.StandardEngine startInternal
信息: Starting Servlet Engine: Apache Tomcat/7.0.42
十二月 04, 2017 10:41:51 上午 org.apache.catalina.startup.HostConfig deployDirectory
信息: Deploying web application directory F:\Yigo_Demo\Env2017_03_02_r3\Tomcat 7.0_x64\webapps\docs
十二月 04, 2017 10:41:51 上午 org.apache.catalina.util.SessionIdGenerator createSecureRandom
信息: Creation of SecureRandom instance for session ID generation using [SHA1PRNG] took [171] milliseconds.
十二月 04, 2017 10:41:51 上午 org.apache.catalina.startup.HostConfig deployDirectory
信息: Deploying web application directory F:\Yigo_Demo\Env2017_03_02_r3\Tomcat 7.0_x64\webapps\examples
十二月 04, 2017 10:41:51 上午 org.apache.catalina.startup.HostConfig deployDirectory
信息: Deploying web application directory F:\Yigo_Demo\Env2017_03_02_r3\Tomcat 7.0_x64\webapps\host-manager
十二月 04, 2017 10:41:51 上午 org.apache.catalina.startup.HostConfig deployDirectory
信息: Deploying web application directory F:\Yigo_Demo\Env2017_03_02_r3\Tomcat 7.0_x64\webapps\manager
十二月 04, 2017 10:41:51 上午 org.apache.catalina.startup.HostConfig deployDirectory
信息: Deploying web application directory F:\Yigo_Demo\Env2017_03_02_r3\Tomcat 7.0_x64\webapps\ROOT
十二月 04, 2017 10:41:51 上午 org.apache.catalina.startup.HostConfig deployDirectory
信息: Deploying web application directory F:\Yigo_Demo\Env2017_03_02_r3\Tomcat 7.0_x64\webapps\yigo
十二月 04, 2017 10:41:51 上午 org.apache.catalina.loader.WebappClassLoader validateJarFile
信息: validateJarFile(F:\Yigo_Demo\Env2017_03_02_r3\Tomcat 7.0_x64\webapps\yigo\WEB-INF\lib\el-api-6.0.44.jar) - jar not loaded. See Servlet Spec 2.3, section 9.7.2. Offending class: javax/el/Expression.class
十二月 04, 2017 10:41:51 上午 org.apache.catalina.loader.WebappClassLoader validateJarFile
信息: validateJarFile(F:\Yigo_Demo\Env2017_03_02_r3\Tomcat 7.0_x64\webapps\yigo\WEB-INF\lib\javax.servlet-api-3.0.1.jar) - jar not loaded. See Servlet Spec 2.3, section 9.7.2. Offending class: javax/servlet/Servlet.class
十二月 04, 2017 10:41:51 上午 org.apache.catalina.loader.WebappClassLoader validateJarFile
信息: validateJarFile(F:\Yigo_Demo\Env2017_03_02_r3\Tomcat 7.0_x64\webapps\yigo\WEB-INF\lib\jsp-api-2.1.jar) - jar not loaded. See Servlet Spec 2.3, section 9.7.2. Offending class: javax/el/Expression.class
十二月 04, 2017 10:41:51 上午 org.apache.catalina.loader.WebappClassLoader validateJarFile
信息: validateJarFile(F:\Yigo_Demo\Env2017_03_02_r3\Tomcat 7.0_x64\webapps\yigo\WEB-INF\lib\servlet-api-6.0.44.jar) - jar not loaded. See Servlet Spec 2.3, section 9.7.2. Offending class: javax/servlet/Servlet.class
十二月 04, 2017 10:42:08 上午 org.apache.coyote.AbstractProtocol start
信息: Starting ProtocolHandler ["http-bio-8089"]
十二月 04, 2017 10:42:08 上午 org.apache.coyote.AbstractProtocol start
信息: Starting ProtocolHandler ["ajp-bio-8009"]
十二月 04, 2017 10:42:08 上午 org.apache.catalina.startup.Catalina start
信息: Server startup in 17201 ms
