十月 18, 2018 1:59:02 下午 org.apache.catalina.core.AprLifecycleListener init
信息: The APR based Apache Tomcat Native library which allows optimal performance in production environments was not found on the java.library.path: D:\boke\shanghaiboke\Tomcat 7.0_x64\jre1.8.0_60_x64\bin;C:\Windows\Sun\Java\bin;C:\Windows\system32;C:\Windows;C:\ProgramData\Oracle\Java\javapath;C:\Windows\system32;C:\Windows;C:\Windows\System32\Wbem;C:\Windows\System32\WindowsPowerShell\v1.0\;C:\Windows\System32\OpenSSH\;D:\software\TortoiseSVN\bin;C:\Program Files\MySQL\MySQL Server 5.6\bin;C:\Users\fxf\AppData\Local\Microsoft\WindowsApps;;.
十月 18, 2018 1:59:04 下午 org.apache.coyote.AbstractProtocol init
信息: Initializing ProtocolHandler ["http-bio-8089"]
十月 18, 2018 1:59:04 下午 org.apache.coyote.AbstractProtocol init
信息: Initializing ProtocolHandler ["ajp-bio-8009"]
十月 18, 2018 1:59:04 下午 org.apache.catalina.startup.Catalina load
信息: Initialization processed in 3322 ms
十月 18, 2018 1:59:04 下午 org.apache.catalina.core.StandardService startInternal
信息: Starting service Catalina
十月 18, 2018 1:59:04 下午 org.apache.catalina.core.StandardEngine startInternal
信息: Starting Servlet Engine: Apache Tomcat/7.0.42
十月 18, 2018 1:59:05 下午 org.apache.catalina.startup.HostConfig deployDirectory
信息: Deploying web application directory D:\boke\shanghaiboke\Tomcat 7.0_x64\webapps\yigo
十月 18, 2018 1:59:10 下午 org.apache.catalina.core.StandardContext startInternal
严重: Error listenerStart
十月 18, 2018 1:59:11 下午 org.apache.catalina.util.SessionIdGenerator createSecureRandom
信息: Creation of SecureRandom instance for session ID generation using [SHA1PRNG] took [311] milliseconds.
十月 18, 2018 1:59:11 下午 org.apache.catalina.core.StandardContext startInternal
严重: Context [/yigo] startup failed due to previous errors
十月 18, 2018 1:59:11 下午 org.apache.catalina.loader.WebappClassLoader clearReferencesThreads
严重: The web application [/yigo] appears to have started a thread named [YigoQuartzScheduler_Worker-1] but has failed to stop it. This is very likely to create a memory leak.
十月 18, 2018 1:59:11 下午 org.apache.catalina.loader.WebappClassLoader clearReferencesThreads
严重: The web application [/yigo] appears to have started a thread named [YigoQuartzScheduler_Worker-2] but has failed to stop it. This is very likely to create a memory leak.
十月 18, 2018 1:59:11 下午 org.apache.catalina.loader.WebappClassLoader clearReferencesThreads
严重: The web application [/yigo] appears to have started a thread named [YigoQuartzScheduler_Worker-3] but has failed to stop it. This is very likely to create a memory leak.
十月 18, 2018 1:59:11 下午 org.apache.catalina.loader.WebappClassLoader clearReferencesThreads
严重: The web application [/yigo] appears to have started a thread named [YigoQuartzScheduler_Worker-4] but has failed to stop it. This is very likely to create a memory leak.
十月 18, 2018 1:59:11 下午 org.apache.catalina.loader.WebappClassLoader clearReferencesThreads
严重: The web application [/yigo] appears to have started a thread named [YigoQuartzScheduler_Worker-5] but has failed to stop it. This is very likely to create a memory leak.
十月 18, 2018 1:59:11 下午 org.apache.coyote.AbstractProtocol start
信息: Starting ProtocolHandler ["http-bio-8089"]
十月 18, 2018 1:59:11 下午 org.apache.coyote.AbstractProtocol start
信息: Starting ProtocolHandler ["ajp-bio-8009"]
十月 18, 2018 1:59:11 下午 org.apache.catalina.startup.Catalina start
信息: Server startup in 7153 ms
十月 18, 2018 2:01:28 下午 org.apache.coyote.AbstractProtocol pause
信息: Pausing ProtocolHandler ["http-bio-8089"]
十月 18, 2018 2:01:28 下午 org.apache.coyote.AbstractProtocol pause
信息: Pausing ProtocolHandler ["ajp-bio-8009"]
十月 18, 2018 2:01:28 下午 org.apache.catalina.core.StandardService stopInternal
信息: Stopping service Catalina
十月 18, 2018 2:01:28 下午 org.apache.coyote.AbstractProtocol stop
信息: Stopping ProtocolHandler ["http-bio-8089"]
十月 18, 2018 2:01:28 下午 org.apache.coyote.AbstractProtocol stop
信息: Stopping ProtocolHandler ["ajp-bio-8009"]
十月 18, 2018 2:01:28 下午 org.apache.coyote.AbstractProtocol destroy
信息: Destroying ProtocolHandler ["http-bio-8089"]
十月 18, 2018 2:01:28 下午 org.apache.coyote.AbstractProtocol destroy
信息: Destroying ProtocolHandler ["ajp-bio-8009"]
