十一月 26, 2017 5:46:01 下午 org.apache.catalina.core.AprLifecycleListener init
信息: The APR based Apache Tomcat Native library which allows optimal performance in production environments was not found on the java.library.path: F:\Yigo_Demo\Env2017_03_02_r3\Tomcat 7.0_x64\jre1.8.0_60_x64\bin;C:\Windows\Sun\Java\bin;C:\Windows\system32;C:\Windows;D:\apache-ant-1.10.0/bin;G:\cxf-3.0.3\bin;D:\oraclee\product\11.2.0\dbhome_1\bin;G:\Java JDK1.8\Java1.8\jdk1.8.0_73\bin;C:\Windows\system32;C:\Windows;C:\Windows\System32\Wbem;C:\Windows\System32\WindowsPowerShell\v1.0\;C:\Program Files\Lenovo\Bluetooth Software\;C:\Program Files\Lenovo\Bluetooth Software\syswow64;C:\Program Files\TortoiseSVN\bin;D:\PROGRA~1\GROOVY~1.0\bin;.
十一月 26, 2017 5:46:19 下午 org.apache.coyote.AbstractProtocol init
信息: Initializing ProtocolHandler ["http-bio-8089"]
十一月 26, 2017 5:46:20 下午 org.apache.coyote.AbstractProtocol init
信息: Initializing ProtocolHandler ["ajp-bio-8009"]
十一月 26, 2017 5:46:20 下午 org.apache.catalina.startup.Catalina load
信息: Initialization processed in 25333 ms
十一月 26, 2017 5:46:21 下午 org.apache.catalina.core.StandardService startInternal
信息: Starting service Catalina
十一月 26, 2017 5:46:21 下午 org.apache.catalina.core.StandardEngine startInternal
信息: Starting Servlet Engine: Apache Tomcat/7.0.42
十一月 26, 2017 5:46:22 下午 org.apache.catalina.startup.HostConfig deployDirectory
信息: Deploying web application directory F:\Yigo_Demo\Env2017_03_02_r3\Tomcat 7.0_x64\webapps\docs
十一月 26, 2017 5:46:29 下午 org.apache.catalina.util.SessionIdGenerator createSecureRandom
信息: Creation of SecureRandom instance for session ID generation using [SHA1PRNG] took [3,869] milliseconds.
十一月 26, 2017 5:46:30 下午 org.apache.catalina.startup.HostConfig deployDirectory
信息: Deploying web application directory F:\Yigo_Demo\Env2017_03_02_r3\Tomcat 7.0_x64\webapps\examples
十一月 26, 2017 5:46:31 下午 org.apache.catalina.startup.HostConfig deployDirectory
信息: Deploying web application directory F:\Yigo_Demo\Env2017_03_02_r3\Tomcat 7.0_x64\webapps\host-manager
十一月 26, 2017 5:46:31 下午 org.apache.catalina.startup.HostConfig deployDirectory
信息: Deploying web application directory F:\Yigo_Demo\Env2017_03_02_r3\Tomcat 7.0_x64\webapps\manager
十一月 26, 2017 5:46:32 下午 org.apache.catalina.startup.HostConfig deployDirectory
信息: Deploying web application directory F:\Yigo_Demo\Env2017_03_02_r3\Tomcat 7.0_x64\webapps\ROOT
十一月 26, 2017 5:46:32 下午 org.apache.catalina.startup.HostConfig deployDirectory
信息: Deploying web application directory F:\Yigo_Demo\Env2017_03_02_r3\Tomcat 7.0_x64\webapps\yigo
十一月 26, 2017 5:46:47 下午 org.apache.catalina.loader.WebappClassLoader validateJarFile
信息: validateJarFile(F:\Yigo_Demo\Env2017_03_02_r3\Tomcat 7.0_x64\webapps\yigo\WEB-INF\lib\el-api-6.0.44.jar) - jar not loaded. See Servlet Spec 2.3, section 9.7.2. Offending class: javax/el/Expression.class
十一月 26, 2017 5:46:50 下午 org.apache.catalina.loader.WebappClassLoader validateJarFile
信息: validateJarFile(F:\Yigo_Demo\Env2017_03_02_r3\Tomcat 7.0_x64\webapps\yigo\WEB-INF\lib\javax.servlet-api-3.0.1.jar) - jar not loaded. See Servlet Spec 2.3, section 9.7.2. Offending class: javax/servlet/Servlet.class
十一月 26, 2017 5:46:51 下午 org.apache.catalina.loader.WebappClassLoader validateJarFile
信息: validateJarFile(F:\Yigo_Demo\Env2017_03_02_r3\Tomcat 7.0_x64\webapps\yigo\WEB-INF\lib\jsp-api-2.1.jar) - jar not loaded. See Servlet Spec 2.3, section 9.7.2. Offending class: javax/el/Expression.class
十一月 26, 2017 5:46:52 下午 org.apache.catalina.loader.WebappClassLoader validateJarFile
信息: validateJarFile(F:\Yigo_Demo\Env2017_03_02_r3\Tomcat 7.0_x64\webapps\yigo\WEB-INF\lib\servlet-api-6.0.44.jar) - jar not loaded. See Servlet Spec 2.3, section 9.7.2. Offending class: javax/servlet/Servlet.class
十一月 26, 2017 5:50:45 下午 org.apache.coyote.AbstractProtocol start
信息: Starting ProtocolHandler ["http-bio-8089"]
十一月 26, 2017 5:50:45 下午 org.apache.coyote.AbstractProtocol start
信息: Starting ProtocolHandler ["ajp-bio-8009"]
十一月 26, 2017 5:50:45 下午 org.apache.catalina.startup.Catalina start
信息: Server startup in 265547 ms
