六月 10, 2015 9:13:15 上午 org.apache.catalina.core.AprLifecycleListener init
信息: Loaded APR based Apache Tomcat Native library 1.1.27 using APR version 1.4.6.
六月 10, 2015 9:13:15 上午 org.apache.catalina.core.AprLifecycleListener init
信息: APR capabilities: IPv6 [true], sendfile [true], accept filters [false], random [true].
六月 10, 2015 9:13:16 上午 org.apache.catalina.core.AprLifecycleListener initializeSSL
信息: OpenSSL successfully initialized (OpenSSL 1.0.1d 5 Feb 2013)
六月 10, 2015 9:13:16 上午 org.apache.coyote.AbstractProtocol init
信息: Initializing ProtocolHandler ["http-apr-8089"]
六月 10, 2015 9:13:16 上午 org.apache.coyote.AbstractProtocol init
信息: Initializing ProtocolHandler ["ajp-apr-8009"]
六月 10, 2015 9:13:16 上午 org.apache.catalina.startup.Catalina load
信息: Initialization processed in 897 ms
六月 10, 2015 9:13:16 上午 org.apache.catalina.core.StandardService startInternal
信息: Starting service Catalina
六月 10, 2015 9:13:16 上午 org.apache.catalina.core.StandardEngine startInternal
信息: Starting Servlet Engine: Apache Tomcat/7.0.42
六月 10, 2015 9:13:16 上午 org.apache.catalina.startup.HostConfig deployDescriptor
信息: Deploying configuration descriptor D:\Env\Tomcat 7.0\conf\Catalina\localhost\path.xml
六月 10, 2015 9:13:16 上午 org.apache.catalina.core.StandardContext resourcesStart
严重: Error starting static Resources
java.lang.IllegalArgumentException: Document base D:\Code_base\yes\test\Config\YigoApp\Data does not exist or is not a readable directory
	at org.apache.naming.resources.FileDirContext.setDocBase(FileDirContext.java:138)
	at org.apache.catalina.core.StandardContext.resourcesStart(StandardContext.java:5055)
	at org.apache.catalina.core.StandardContext.startInternal(StandardContext.java:5235)
	at org.apache.catalina.util.LifecycleBase.start(LifecycleBase.java:150)
	at org.apache.catalina.core.ContainerBase.addChildInternal(ContainerBase.java:901)
	at org.apache.catalina.core.ContainerBase.addChild(ContainerBase.java:877)
	at org.apache.catalina.core.StandardHost.addChild(StandardHost.java:633)
	at org.apache.catalina.startup.HostConfig.deployDescriptor(HostConfig.java:656)
	at org.apache.catalina.startup.HostConfig$DeployDescriptor.run(HostConfig.java:1635)
	at java.util.concurrent.Executors$RunnableAdapter.call(Executors.java:511)
	at java.util.concurrent.FutureTask.run(FutureTask.java:266)
	at java.util.concurrent.ThreadPoolExecutor.runWorker(ThreadPoolExecutor.java:1142)
	at java.util.concurrent.ThreadPoolExecutor$Worker.run(ThreadPoolExecutor.java:617)
	at java.lang.Thread.run(Thread.java:745)

六月 10, 2015 9:13:16 上午 org.apache.catalina.core.StandardContext startInternal
严重: Error in resourceStart()
六月 10, 2015 9:13:16 上午 org.apache.catalina.core.StandardContext startInternal
严重: Error getConfigured
六月 10, 2015 9:13:16 上午 org.apache.catalina.core.StandardContext startInternal
严重: Context [/path] startup failed due to previous errors
六月 10, 2015 9:13:16 上午 org.apache.catalina.startup.HostConfig deployDescriptor
信息: Deploying configuration descriptor D:\Env\Tomcat 7.0\conf\Catalina\localhost\yes.xml
六月 10, 2015 9:13:16 上午 org.apache.catalina.core.StandardContext resourcesStart
严重: Error starting static Resources
java.lang.IllegalArgumentException: Document base D:\Code_base\yes\project\yes-webapp\src\main\webapp does not exist or is not a readable directory
	at org.apache.naming.resources.FileDirContext.setDocBase(FileDirContext.java:138)
	at org.apache.catalina.core.StandardContext.resourcesStart(StandardContext.java:5055)
	at org.apache.catalina.core.StandardContext.startInternal(StandardContext.java:5235)
	at org.apache.catalina.util.LifecycleBase.start(LifecycleBase.java:150)
	at org.apache.catalina.core.ContainerBase.addChildInternal(ContainerBase.java:901)
	at org.apache.catalina.core.ContainerBase.addChild(ContainerBase.java:877)
	at org.apache.catalina.core.StandardHost.addChild(StandardHost.java:633)
	at org.apache.catalina.startup.HostConfig.deployDescriptor(HostConfig.java:656)
	at org.apache.catalina.startup.HostConfig$DeployDescriptor.run(HostConfig.java:1635)
	at java.util.concurrent.Executors$RunnableAdapter.call(Executors.java:511)
	at java.util.concurrent.FutureTask.run(FutureTask.java:266)
	at java.util.concurrent.ThreadPoolExecutor.runWorker(ThreadPoolExecutor.java:1142)
	at java.util.concurrent.ThreadPoolExecutor$Worker.run(ThreadPoolExecutor.java:617)
	at java.lang.Thread.run(Thread.java:745)

六月 10, 2015 9:13:16 上午 org.apache.catalina.core.StandardContext startInternal
严重: Error in resourceStart()
六月 10, 2015 9:13:16 上午 org.apache.catalina.core.StandardContext startInternal
严重: Error getConfigured
六月 10, 2015 9:13:16 上午 org.apache.catalina.core.StandardContext startInternal
严重: Context [/yes] startup failed due to previous errors
六月 10, 2015 9:13:16 上午 org.apache.catalina.startup.HostConfig deployDirectory
信息: Deploying web application directory D:\Env\Tomcat 7.0\webapps\docs
六月 10, 2015 9:13:16 上午 org.apache.catalina.startup.HostConfig deployDirectory
信息: Deploying web application directory D:\Env\Tomcat 7.0\webapps\examples
六月 10, 2015 9:13:16 上午 org.apache.catalina.startup.HostConfig deployDirectory
信息: Deploying web application directory D:\Env\Tomcat 7.0\webapps\host-manager
六月 10, 2015 9:13:16 上午 org.apache.catalina.startup.HostConfig deployDirectory
信息: Deploying web application directory D:\Env\Tomcat 7.0\webapps\manager
六月 10, 2015 9:13:16 上午 org.apache.catalina.startup.HostConfig deployDirectory
信息: Deploying web application directory D:\Env\Tomcat 7.0\webapps\ROOT
六月 10, 2015 9:13:16 上午 org.apache.catalina.startup.HostConfig deployDirectory
信息: Deploying web application directory D:\Env\Tomcat 7.0\webapps\yigo
六月 10, 2015 9:13:16 上午 org.apache.catalina.loader.WebappClassLoader validateJarFile
信息: validateJarFile(D:\Env\Tomcat 7.0\webapps\yigo\WEB-INF\lib\el-api-6.0.44.jar) - jar not loaded. See Servlet Spec 2.3, section 9.7.2. Offending class: javax/el/Expression.class
六月 10, 2015 9:13:16 上午 org.apache.catalina.loader.WebappClassLoader validateJarFile
信息: validateJarFile(D:\Env\Tomcat 7.0\webapps\yigo\WEB-INF\lib\servlet-api-6.0.44.jar) - jar not loaded. See Servlet Spec 2.3, section 9.7.2. Offending class: javax/servlet/Servlet.class
六月 10, 2015 9:13:19 上午 org.apache.coyote.AbstractProtocol start
信息: Starting ProtocolHandler ["http-apr-8089"]
六月 10, 2015 9:13:19 上午 org.apache.coyote.AbstractProtocol start
信息: Starting ProtocolHandler ["ajp-apr-8009"]
六月 10, 2015 9:13:19 上午 org.apache.catalina.startup.Catalina start
信息: Server startup in 2874 ms
六月 10, 2015 9:46:45 上午 org.apache.catalina.core.AprLifecycleListener init
信息: Loaded APR based Apache Tomcat Native library 1.1.27 using APR version 1.4.6.
六月 10, 2015 9:46:45 上午 org.apache.catalina.core.AprLifecycleListener init
信息: APR capabilities: IPv6 [true], sendfile [true], accept filters [false], random [true].
六月 10, 2015 9:46:45 上午 org.apache.catalina.core.AprLifecycleListener initializeSSL
信息: OpenSSL successfully initialized (OpenSSL 1.0.1d 5 Feb 2013)
六月 10, 2015 9:46:46 上午 org.apache.coyote.AbstractProtocol init
信息: Initializing ProtocolHandler ["http-apr-8089"]
六月 10, 2015 9:46:46 上午 org.apache.coyote.AbstractProtocol init
信息: Initializing ProtocolHandler ["ajp-apr-8009"]
六月 10, 2015 9:46:46 上午 org.apache.catalina.startup.Catalina load
信息: Initialization processed in 879 ms
六月 10, 2015 9:46:46 上午 org.apache.catalina.core.StandardService startInternal
信息: Starting service Catalina
六月 10, 2015 9:46:46 上午 org.apache.catalina.core.StandardEngine startInternal
信息: Starting Servlet Engine: Apache Tomcat/7.0.42
六月 10, 2015 9:46:46 上午 org.apache.catalina.startup.HostConfig deployDescriptor
信息: Deploying configuration descriptor D:\Env\Tomcat 7.0\conf\Catalina\localhost\path.xml
六月 10, 2015 9:46:46 上午 org.apache.catalina.core.StandardContext resourcesStart
严重: Error starting static Resources
java.lang.IllegalArgumentException: Document base D:\Code_base\yes\test\Config\YigoApp\Data does not exist or is not a readable directory
	at org.apache.naming.resources.FileDirContext.setDocBase(FileDirContext.java:138)
	at org.apache.catalina.core.StandardContext.resourcesStart(StandardContext.java:5055)
	at org.apache.catalina.core.StandardContext.startInternal(StandardContext.java:5235)
	at org.apache.catalina.util.LifecycleBase.start(LifecycleBase.java:150)
	at org.apache.catalina.core.ContainerBase.addChildInternal(ContainerBase.java:901)
	at org.apache.catalina.core.ContainerBase.addChild(ContainerBase.java:877)
	at org.apache.catalina.core.StandardHost.addChild(StandardHost.java:633)
	at org.apache.catalina.startup.HostConfig.deployDescriptor(HostConfig.java:656)
	at org.apache.catalina.startup.HostConfig$DeployDescriptor.run(HostConfig.java:1635)
	at java.util.concurrent.Executors$RunnableAdapter.call(Executors.java:511)
	at java.util.concurrent.FutureTask.run(FutureTask.java:266)
	at java.util.concurrent.ThreadPoolExecutor.runWorker(ThreadPoolExecutor.java:1142)
	at java.util.concurrent.ThreadPoolExecutor$Worker.run(ThreadPoolExecutor.java:617)
	at java.lang.Thread.run(Thread.java:745)

六月 10, 2015 9:46:46 上午 org.apache.catalina.core.StandardContext startInternal
严重: Error in resourceStart()
六月 10, 2015 9:46:46 上午 org.apache.catalina.core.StandardContext startInternal
严重: Error getConfigured
六月 10, 2015 9:46:46 上午 org.apache.catalina.core.StandardContext startInternal
严重: Context [/path] startup failed due to previous errors
六月 10, 2015 9:46:46 上午 org.apache.catalina.startup.HostConfig deployDescriptor
信息: Deploying configuration descriptor D:\Env\Tomcat 7.0\conf\Catalina\localhost\yes.xml
六月 10, 2015 9:46:46 上午 org.apache.catalina.core.StandardContext resourcesStart
严重: Error starting static Resources
java.lang.IllegalArgumentException: Document base D:\Code_base\yes\project\yes-webapp\src\main\webapp does not exist or is not a readable directory
	at org.apache.naming.resources.FileDirContext.setDocBase(FileDirContext.java:138)
	at org.apache.catalina.core.StandardContext.resourcesStart(StandardContext.java:5055)
	at org.apache.catalina.core.StandardContext.startInternal(StandardContext.java:5235)
	at org.apache.catalina.util.LifecycleBase.start(LifecycleBase.java:150)
	at org.apache.catalina.core.ContainerBase.addChildInternal(ContainerBase.java:901)
	at org.apache.catalina.core.ContainerBase.addChild(ContainerBase.java:877)
	at org.apache.catalina.core.StandardHost.addChild(StandardHost.java:633)
	at org.apache.catalina.startup.HostConfig.deployDescriptor(HostConfig.java:656)
	at org.apache.catalina.startup.HostConfig$DeployDescriptor.run(HostConfig.java:1635)
	at java.util.concurrent.Executors$RunnableAdapter.call(Executors.java:511)
	at java.util.concurrent.FutureTask.run(FutureTask.java:266)
	at java.util.concurrent.ThreadPoolExecutor.runWorker(ThreadPoolExecutor.java:1142)
	at java.util.concurrent.ThreadPoolExecutor$Worker.run(ThreadPoolExecutor.java:617)
	at java.lang.Thread.run(Thread.java:745)

六月 10, 2015 9:46:46 上午 org.apache.catalina.core.StandardContext startInternal
严重: Error in resourceStart()
六月 10, 2015 9:46:46 上午 org.apache.catalina.core.StandardContext startInternal
严重: Error getConfigured
六月 10, 2015 9:46:46 上午 org.apache.catalina.core.StandardContext startInternal
严重: Context [/yes] startup failed due to previous errors
六月 10, 2015 9:46:46 上午 org.apache.catalina.startup.HostConfig deployDirectory
信息: Deploying web application directory D:\Env\Tomcat 7.0\webapps\docs
六月 10, 2015 9:46:46 上午 org.apache.catalina.startup.HostConfig deployDirectory
信息: Deploying web application directory D:\Env\Tomcat 7.0\webapps\examples
六月 10, 2015 9:46:46 上午 org.apache.catalina.startup.HostConfig deployDirectory
信息: Deploying web application directory D:\Env\Tomcat 7.0\webapps\host-manager
六月 10, 2015 9:46:46 上午 org.apache.catalina.startup.HostConfig deployDirectory
信息: Deploying web application directory D:\Env\Tomcat 7.0\webapps\manager
六月 10, 2015 9:46:46 上午 org.apache.catalina.startup.HostConfig deployDirectory
信息: Deploying web application directory D:\Env\Tomcat 7.0\webapps\ROOT
六月 10, 2015 9:46:46 上午 org.apache.catalina.startup.HostConfig deployDirectory
信息: Deploying web application directory D:\Env\Tomcat 7.0\webapps\yigo
六月 10, 2015 9:46:46 上午 org.apache.catalina.loader.WebappClassLoader validateJarFile
信息: validateJarFile(D:\Env\Tomcat 7.0\webapps\yigo\WEB-INF\lib\el-api-6.0.44.jar) - jar not loaded. See Servlet Spec 2.3, section 9.7.2. Offending class: javax/el/Expression.class
六月 10, 2015 9:46:46 上午 org.apache.catalina.loader.WebappClassLoader validateJarFile
信息: validateJarFile(D:\Env\Tomcat 7.0\webapps\yigo\WEB-INF\lib\servlet-api-6.0.44.jar) - jar not loaded. See Servlet Spec 2.3, section 9.7.2. Offending class: javax/servlet/Servlet.class
六月 10, 2015 9:46:48 上午 org.apache.coyote.AbstractProtocol start
信息: Starting ProtocolHandler ["http-apr-8089"]
六月 10, 2015 9:46:48 上午 org.apache.coyote.AbstractProtocol start
信息: Starting ProtocolHandler ["ajp-apr-8009"]
六月 10, 2015 9:46:48 上午 org.apache.catalina.startup.Catalina start
信息: Server startup in 2332 ms
