六月 29, 2015 10:40:10 上午 org.apache.catalina.core.AprLifecycleListener init
信息: Loaded APR based Apache Tomcat Native library 1.1.27 using APR version 1.4.6.
六月 29, 2015 10:40:10 上午 org.apache.catalina.core.AprLifecycleListener init
信息: APR capabilities: IPv6 [true], sendfile [true], accept filters [false], random [true].
六月 29, 2015 10:40:10 上午 org.apache.catalina.core.AprLifecycleListener initializeSSL
信息: OpenSSL successfully initialized (OpenSSL 1.0.1d 5 Feb 2013)
六月 29, 2015 10:40:10 上午 org.apache.coyote.AbstractProtocol init
信息: Initializing ProtocolHandler ["http-apr-8089"]
六月 29, 2015 10:40:10 上午 org.apache.coyote.AbstractProtocol init
信息: Initializing ProtocolHandler ["ajp-apr-8009"]
六月 29, 2015 10:40:10 上午 org.apache.catalina.startup.Catalina load
信息: Initialization processed in 906 ms
六月 29, 2015 10:40:10 上午 org.apache.catalina.core.StandardService startInternal
信息: Starting service Catalina
六月 29, 2015 10:40:10 上午 org.apache.catalina.core.StandardEngine startInternal
信息: Starting Servlet Engine: Apache Tomcat/7.0.42
六月 29, 2015 10:40:10 上午 org.apache.catalina.startup.HostConfig deployDescriptor
信息: Deploying configuration descriptor D:\Env\Tomcat 7.0\conf\Catalina\localhost\path.xml
六月 29, 2015 10:40:10 上午 org.apache.catalina.core.StandardContext resourcesStart
严重: Error starting static Resources
java.lang.IllegalArgumentException: Document base D:\Code_base\yes\test\Config\YigoApp\Data does not exist or is not a readable directory
	at org.apache.naming.resources.FileDirContext.setDocBase(FileDirContext.java:138)
	at org.apache.catalina.core.StandardContext.resourcesStart(StandardContext.java:5055)
	at org.apache.catalina.core.StandardContext.startInternal(StandardContext.java:5235)
	at org.apache.catalina.util.LifecycleBase.start(LifecycleBase.java:150)
	at org.apache.catalina.core.ContainerBase.addChildInternal(ContainerBase.java:901)
	at org.apache.catalina.core.ContainerBase.addChild(ContainerBase.java:877)
	at org.apache.catalina.core.StandardHost.addChild(StandardHost.java:633)
	at org.apache.catalina.startup.HostConfig.deployDescriptor(HostConfig.java:656)
	at org.apache.catalina.startup.HostConfig$DeployDescriptor.run(HostConfig.java:1635)
	at java.util.concurrent.Executors$RunnableAdapter.call(Executors.java:511)
	at java.util.concurrent.FutureTask.run(FutureTask.java:266)
	at java.util.concurrent.ThreadPoolExecutor.runWorker(ThreadPoolExecutor.java:1142)
	at java.util.concurrent.ThreadPoolExecutor$Worker.run(ThreadPoolExecutor.java:617)
	at java.lang.Thread.run(Thread.java:745)

六月 29, 2015 10:40:10 上午 org.apache.catalina.core.StandardContext startInternal
严重: Error in resourceStart()
六月 29, 2015 10:40:10 上午 org.apache.catalina.core.StandardContext startInternal
严重: Error getConfigured
六月 29, 2015 10:40:10 上午 org.apache.catalina.core.StandardContext startInternal
严重: Context [/path] startup failed due to previous errors
六月 29, 2015 10:40:10 上午 org.apache.catalina.startup.HostConfig deployDirectory
信息: Deploying web application directory D:\Env\Tomcat 7.0\webapps\docs
六月 29, 2015 10:40:11 上午 org.apache.catalina.startup.HostConfig deployDirectory
信息: Deploying web application directory D:\Env\Tomcat 7.0\webapps\examples
六月 29, 2015 10:40:11 上午 org.apache.catalina.startup.HostConfig deployDirectory
信息: Deploying web application directory D:\Env\Tomcat 7.0\webapps\host-manager
六月 29, 2015 10:40:11 上午 org.apache.catalina.startup.HostConfig deployDirectory
信息: Deploying web application directory D:\Env\Tomcat 7.0\webapps\manager
六月 29, 2015 10:40:11 上午 org.apache.catalina.startup.HostConfig deployDirectory
信息: Deploying web application directory D:\Env\Tomcat 7.0\webapps\ROOT
六月 29, 2015 10:40:11 上午 org.apache.catalina.startup.HostConfig deployDirectory
信息: Deploying web application directory D:\Env\Tomcat 7.0\webapps\yigo
六月 29, 2015 10:40:11 上午 org.apache.catalina.loader.WebappClassLoader validateJarFile
信息: validateJarFile(D:\Env\Tomcat 7.0\webapps\yigo\WEB-INF\lib\el-api-6.0.44.jar) - jar not loaded. See Servlet Spec 2.3, section 9.7.2. Offending class: javax/el/Expression.class
六月 29, 2015 10:40:11 上午 org.apache.catalina.loader.WebappClassLoader validateJarFile
信息: validateJarFile(D:\Env\Tomcat 7.0\webapps\yigo\WEB-INF\lib\servlet-api-6.0.44.jar) - jar not loaded. See Servlet Spec 2.3, section 9.7.2. Offending class: javax/servlet/Servlet.class
六月 29, 2015 10:40:13 上午 org.apache.coyote.AbstractProtocol start
信息: Starting ProtocolHandler ["http-apr-8089"]
六月 29, 2015 10:40:13 上午 org.apache.coyote.AbstractProtocol start
信息: Starting ProtocolHandler ["ajp-apr-8009"]
六月 29, 2015 10:40:13 上午 org.apache.catalina.startup.Catalina start
信息: Server startup in 2980 ms
六月 29, 2015 3:07:29 下午 org.apache.catalina.core.AprLifecycleListener init
信息: Loaded APR based Apache Tomcat Native library 1.1.27 using APR version 1.4.6.
六月 29, 2015 3:07:29 下午 org.apache.catalina.core.AprLifecycleListener init
信息: APR capabilities: IPv6 [true], sendfile [true], accept filters [false], random [true].
六月 29, 2015 3:07:29 下午 org.apache.catalina.core.AprLifecycleListener initializeSSL
信息: OpenSSL successfully initialized (OpenSSL 1.0.1d 5 Feb 2013)
六月 29, 2015 3:07:29 下午 org.apache.coyote.AbstractProtocol init
信息: Initializing ProtocolHandler ["http-apr-8089"]
六月 29, 2015 3:07:29 下午 org.apache.coyote.AbstractProtocol init
信息: Initializing ProtocolHandler ["ajp-apr-8009"]
六月 29, 2015 3:07:29 下午 org.apache.catalina.startup.Catalina load
信息: Initialization processed in 995 ms
六月 29, 2015 3:07:29 下午 org.apache.catalina.core.StandardService startInternal
信息: Starting service Catalina
六月 29, 2015 3:07:29 下午 org.apache.catalina.core.StandardEngine startInternal
信息: Starting Servlet Engine: Apache Tomcat/7.0.42
六月 29, 2015 3:07:29 下午 org.apache.catalina.startup.HostConfig deployDescriptor
信息: Deploying configuration descriptor D:\Env\Tomcat 7.0\conf\Catalina\localhost\path.xml
六月 29, 2015 3:07:29 下午 org.apache.catalina.core.StandardContext resourcesStart
严重: Error starting static Resources
java.lang.IllegalArgumentException: Document base D:\Code_base\yes\test\Config\YigoApp\Data does not exist or is not a readable directory
	at org.apache.naming.resources.FileDirContext.setDocBase(FileDirContext.java:138)
	at org.apache.catalina.core.StandardContext.resourcesStart(StandardContext.java:5055)
	at org.apache.catalina.core.StandardContext.startInternal(StandardContext.java:5235)
	at org.apache.catalina.util.LifecycleBase.start(LifecycleBase.java:150)
	at org.apache.catalina.core.ContainerBase.addChildInternal(ContainerBase.java:901)
	at org.apache.catalina.core.ContainerBase.addChild(ContainerBase.java:877)
	at org.apache.catalina.core.StandardHost.addChild(StandardHost.java:633)
	at org.apache.catalina.startup.HostConfig.deployDescriptor(HostConfig.java:656)
	at org.apache.catalina.startup.HostConfig$DeployDescriptor.run(HostConfig.java:1635)
	at java.util.concurrent.Executors$RunnableAdapter.call(Executors.java:511)
	at java.util.concurrent.FutureTask.run(FutureTask.java:266)
	at java.util.concurrent.ThreadPoolExecutor.runWorker(ThreadPoolExecutor.java:1142)
	at java.util.concurrent.ThreadPoolExecutor$Worker.run(ThreadPoolExecutor.java:617)
	at java.lang.Thread.run(Thread.java:745)

六月 29, 2015 3:07:29 下午 org.apache.catalina.core.StandardContext startInternal
严重: Error in resourceStart()
六月 29, 2015 3:07:29 下午 org.apache.catalina.core.StandardContext startInternal
严重: Error getConfigured
六月 29, 2015 3:07:29 下午 org.apache.catalina.core.StandardContext startInternal
严重: Context [/path] startup failed due to previous errors
六月 29, 2015 3:07:29 下午 org.apache.catalina.startup.HostConfig deployDirectory
信息: Deploying web application directory D:\Env\Tomcat 7.0\webapps\docs
六月 29, 2015 3:07:30 下午 org.apache.catalina.startup.HostConfig deployDirectory
信息: Deploying web application directory D:\Env\Tomcat 7.0\webapps\examples
六月 29, 2015 3:07:30 下午 org.apache.catalina.startup.HostConfig deployDirectory
信息: Deploying web application directory D:\Env\Tomcat 7.0\webapps\host-manager
六月 29, 2015 3:07:30 下午 org.apache.catalina.startup.HostConfig deployDirectory
信息: Deploying web application directory D:\Env\Tomcat 7.0\webapps\manager
六月 29, 2015 3:07:30 下午 org.apache.catalina.startup.HostConfig deployDirectory
信息: Deploying web application directory D:\Env\Tomcat 7.0\webapps\ROOT
六月 29, 2015 3:07:30 下午 org.apache.catalina.startup.HostConfig deployDirectory
信息: Deploying web application directory D:\Env\Tomcat 7.0\webapps\yigo
六月 29, 2015 3:07:30 下午 org.apache.catalina.loader.WebappClassLoader validateJarFile
信息: validateJarFile(D:\Env\Tomcat 7.0\webapps\yigo\WEB-INF\lib\el-api-6.0.44.jar) - jar not loaded. See Servlet Spec 2.3, section 9.7.2. Offending class: javax/el/Expression.class
六月 29, 2015 3:07:30 下午 org.apache.catalina.loader.WebappClassLoader validateJarFile
信息: validateJarFile(D:\Env\Tomcat 7.0\webapps\yigo\WEB-INF\lib\servlet-api-6.0.44.jar) - jar not loaded. See Servlet Spec 2.3, section 9.7.2. Offending class: javax/servlet/Servlet.class
六月 29, 2015 3:07:35 下午 org.apache.coyote.AbstractProtocol start
信息: Starting ProtocolHandler ["http-apr-8089"]
六月 29, 2015 3:07:35 下午 org.apache.coyote.AbstractProtocol start
信息: Starting ProtocolHandler ["ajp-apr-8009"]
六月 29, 2015 3:07:35 下午 org.apache.catalina.startup.Catalina start
信息: Server startup in 5507 ms
六月 29, 2015 6:01:41 下午 org.apache.catalina.core.AprLifecycleListener init
信息: Loaded APR based Apache Tomcat Native library 1.1.27 using APR version 1.4.6.
六月 29, 2015 6:01:41 下午 org.apache.catalina.core.AprLifecycleListener init
信息: APR capabilities: IPv6 [true], sendfile [true], accept filters [false], random [true].
六月 29, 2015 6:01:41 下午 org.apache.catalina.core.AprLifecycleListener initializeSSL
信息: OpenSSL successfully initialized (OpenSSL 1.0.1d 5 Feb 2013)
六月 29, 2015 6:01:42 下午 org.apache.coyote.AbstractProtocol init
信息: Initializing ProtocolHandler ["http-apr-8089"]
六月 29, 2015 6:01:42 下午 org.apache.coyote.AbstractProtocol init
信息: Initializing ProtocolHandler ["ajp-apr-8009"]
六月 29, 2015 6:01:42 下午 org.apache.catalina.startup.Catalina load
信息: Initialization processed in 1112 ms
六月 29, 2015 6:01:42 下午 org.apache.catalina.core.StandardService startInternal
信息: Starting service Catalina
六月 29, 2015 6:01:42 下午 org.apache.catalina.core.StandardEngine startInternal
信息: Starting Servlet Engine: Apache Tomcat/7.0.42
六月 29, 2015 6:01:42 下午 org.apache.catalina.startup.HostConfig deployDescriptor
信息: Deploying configuration descriptor D:\Env\Tomcat 7.0\conf\Catalina\localhost\path.xml
六月 29, 2015 6:01:42 下午 org.apache.catalina.core.StandardContext resourcesStart
严重: Error starting static Resources
java.lang.IllegalArgumentException: Document base D:\Code_base\yes\test\Config\YigoApp\Data does not exist or is not a readable directory
	at org.apache.naming.resources.FileDirContext.setDocBase(FileDirContext.java:138)
	at org.apache.catalina.core.StandardContext.resourcesStart(StandardContext.java:5055)
	at org.apache.catalina.core.StandardContext.startInternal(StandardContext.java:5235)
	at org.apache.catalina.util.LifecycleBase.start(LifecycleBase.java:150)
	at org.apache.catalina.core.ContainerBase.addChildInternal(ContainerBase.java:901)
	at org.apache.catalina.core.ContainerBase.addChild(ContainerBase.java:877)
	at org.apache.catalina.core.StandardHost.addChild(StandardHost.java:633)
	at org.apache.catalina.startup.HostConfig.deployDescriptor(HostConfig.java:656)
	at org.apache.catalina.startup.HostConfig$DeployDescriptor.run(HostConfig.java:1635)
	at java.util.concurrent.Executors$RunnableAdapter.call(Executors.java:511)
	at java.util.concurrent.FutureTask.run(FutureTask.java:266)
	at java.util.concurrent.ThreadPoolExecutor.runWorker(ThreadPoolExecutor.java:1142)
	at java.util.concurrent.ThreadPoolExecutor$Worker.run(ThreadPoolExecutor.java:617)
	at java.lang.Thread.run(Thread.java:745)

六月 29, 2015 6:01:42 下午 org.apache.catalina.core.StandardContext startInternal
严重: Error in resourceStart()
六月 29, 2015 6:01:42 下午 org.apache.catalina.core.StandardContext startInternal
严重: Error getConfigured
六月 29, 2015 6:01:42 下午 org.apache.catalina.core.StandardContext startInternal
严重: Context [/path] startup failed due to previous errors
六月 29, 2015 6:01:42 下午 org.apache.catalina.startup.HostConfig deployDirectory
信息: Deploying web application directory D:\Env\Tomcat 7.0\webapps\docs
六月 29, 2015 6:01:42 下午 org.apache.catalina.startup.HostConfig deployDirectory
信息: Deploying web application directory D:\Env\Tomcat 7.0\webapps\examples
六月 29, 2015 6:01:42 下午 org.apache.catalina.startup.HostConfig deployDirectory
信息: Deploying web application directory D:\Env\Tomcat 7.0\webapps\host-manager
六月 29, 2015 6:01:42 下午 org.apache.catalina.startup.HostConfig deployDirectory
信息: Deploying web application directory D:\Env\Tomcat 7.0\webapps\manager
六月 29, 2015 6:01:42 下午 org.apache.catalina.startup.HostConfig deployDirectory
信息: Deploying web application directory D:\Env\Tomcat 7.0\webapps\ROOT
六月 29, 2015 6:01:42 下午 org.apache.catalina.startup.HostConfig deployDirectory
信息: Deploying web application directory D:\Env\Tomcat 7.0\webapps\yigo
六月 29, 2015 6:01:43 下午 org.apache.catalina.loader.WebappClassLoader validateJarFile
信息: validateJarFile(D:\Env\Tomcat 7.0\webapps\yigo\WEB-INF\lib\el-api-6.0.44.jar) - jar not loaded. See Servlet Spec 2.3, section 9.7.2. Offending class: javax/el/Expression.class
六月 29, 2015 6:01:43 下午 org.apache.catalina.loader.WebappClassLoader validateJarFile
信息: validateJarFile(D:\Env\Tomcat 7.0\webapps\yigo\WEB-INF\lib\servlet-api-6.0.44.jar) - jar not loaded. See Servlet Spec 2.3, section 9.7.2. Offending class: javax/servlet/Servlet.class
六月 29, 2015 6:01:45 下午 org.apache.coyote.AbstractProtocol start
信息: Starting ProtocolHandler ["http-apr-8089"]
六月 29, 2015 6:01:45 下午 org.apache.coyote.AbstractProtocol start
信息: Starting ProtocolHandler ["ajp-apr-8009"]
六月 29, 2015 6:01:45 下午 org.apache.catalina.startup.Catalina start
信息: Server startup in 3440 ms
六月 29, 2015 6:18:18 下午 org.apache.catalina.core.AprLifecycleListener init
信息: Loaded APR based Apache Tomcat Native library 1.1.27 using APR version 1.4.6.
六月 29, 2015 6:18:18 下午 org.apache.catalina.core.AprLifecycleListener init
信息: APR capabilities: IPv6 [true], sendfile [true], accept filters [false], random [true].
六月 29, 2015 6:18:19 下午 org.apache.catalina.core.AprLifecycleListener initializeSSL
信息: OpenSSL successfully initialized (OpenSSL 1.0.1d 5 Feb 2013)
六月 29, 2015 6:18:19 下午 org.apache.coyote.AbstractProtocol init
信息: Initializing ProtocolHandler ["http-apr-8089"]
六月 29, 2015 6:18:19 下午 org.apache.coyote.AbstractProtocol init
信息: Initializing ProtocolHandler ["ajp-apr-8009"]
六月 29, 2015 6:18:19 下午 org.apache.catalina.startup.Catalina load
信息: Initialization processed in 926 ms
六月 29, 2015 6:18:19 下午 org.apache.catalina.core.StandardService startInternal
信息: Starting service Catalina
六月 29, 2015 6:18:19 下午 org.apache.catalina.core.StandardEngine startInternal
信息: Starting Servlet Engine: Apache Tomcat/7.0.42
六月 29, 2015 6:18:19 下午 org.apache.catalina.startup.HostConfig deployDescriptor
信息: Deploying configuration descriptor D:\Env\Tomcat 7.0\conf\Catalina\localhost\path.xml
六月 29, 2015 6:18:19 下午 org.apache.catalina.core.StandardContext resourcesStart
严重: Error starting static Resources
java.lang.IllegalArgumentException: Document base D:\Code_base\yes\test\Config\YigoApp\Data does not exist or is not a readable directory
	at org.apache.naming.resources.FileDirContext.setDocBase(FileDirContext.java:138)
	at org.apache.catalina.core.StandardContext.resourcesStart(StandardContext.java:5055)
	at org.apache.catalina.core.StandardContext.startInternal(StandardContext.java:5235)
	at org.apache.catalina.util.LifecycleBase.start(LifecycleBase.java:150)
	at org.apache.catalina.core.ContainerBase.addChildInternal(ContainerBase.java:901)
	at org.apache.catalina.core.ContainerBase.addChild(ContainerBase.java:877)
	at org.apache.catalina.core.StandardHost.addChild(StandardHost.java:633)
	at org.apache.catalina.startup.HostConfig.deployDescriptor(HostConfig.java:656)
	at org.apache.catalina.startup.HostConfig$DeployDescriptor.run(HostConfig.java:1635)
	at java.util.concurrent.Executors$RunnableAdapter.call(Executors.java:511)
	at java.util.concurrent.FutureTask.run(FutureTask.java:266)
	at java.util.concurrent.ThreadPoolExecutor.runWorker(ThreadPoolExecutor.java:1142)
	at java.util.concurrent.ThreadPoolExecutor$Worker.run(ThreadPoolExecutor.java:617)
	at java.lang.Thread.run(Thread.java:745)

六月 29, 2015 6:18:19 下午 org.apache.catalina.core.StandardContext startInternal
严重: Error in resourceStart()
六月 29, 2015 6:18:19 下午 org.apache.catalina.core.StandardContext startInternal
严重: Error getConfigured
六月 29, 2015 6:18:19 下午 org.apache.catalina.core.StandardContext startInternal
严重: Context [/path] startup failed due to previous errors
六月 29, 2015 6:18:19 下午 org.apache.catalina.startup.HostConfig deployDirectory
信息: Deploying web application directory D:\Env\Tomcat 7.0\webapps\docs
六月 29, 2015 6:18:19 下午 org.apache.catalina.startup.HostConfig deployDirectory
信息: Deploying web application directory D:\Env\Tomcat 7.0\webapps\examples
六月 29, 2015 6:18:19 下午 org.apache.catalina.startup.HostConfig deployDirectory
信息: Deploying web application directory D:\Env\Tomcat 7.0\webapps\host-manager
六月 29, 2015 6:18:19 下午 org.apache.catalina.startup.HostConfig deployDirectory
信息: Deploying web application directory D:\Env\Tomcat 7.0\webapps\manager
六月 29, 2015 6:18:19 下午 org.apache.catalina.startup.HostConfig deployDirectory
信息: Deploying web application directory D:\Env\Tomcat 7.0\webapps\ROOT
六月 29, 2015 6:18:19 下午 org.apache.catalina.startup.HostConfig deployDirectory
信息: Deploying web application directory D:\Env\Tomcat 7.0\webapps\yigo
六月 29, 2015 6:18:19 下午 org.apache.catalina.loader.WebappClassLoader validateJarFile
信息: validateJarFile(D:\Env\Tomcat 7.0\webapps\yigo\WEB-INF\lib\el-api-6.0.44.jar) - jar not loaded. See Servlet Spec 2.3, section 9.7.2. Offending class: javax/el/Expression.class
六月 29, 2015 6:18:19 下午 org.apache.catalina.loader.WebappClassLoader validateJarFile
信息: validateJarFile(D:\Env\Tomcat 7.0\webapps\yigo\WEB-INF\lib\servlet-api-6.0.44.jar) - jar not loaded. See Servlet Spec 2.3, section 9.7.2. Offending class: javax/servlet/Servlet.class
六月 29, 2015 6:18:22 下午 org.apache.coyote.AbstractProtocol start
信息: Starting ProtocolHandler ["http-apr-8089"]
六月 29, 2015 6:18:22 下午 org.apache.coyote.AbstractProtocol start
信息: Starting ProtocolHandler ["ajp-apr-8009"]
六月 29, 2015 6:18:22 下午 org.apache.catalina.startup.Catalina start
信息: Server startup in 3063 ms
六月 29, 2015 6:19:44 下午 org.apache.catalina.core.AprLifecycleListener init
信息: Loaded APR based Apache Tomcat Native library 1.1.27 using APR version 1.4.6.
六月 29, 2015 6:19:44 下午 org.apache.catalina.core.AprLifecycleListener init
信息: APR capabilities: IPv6 [true], sendfile [true], accept filters [false], random [true].
六月 29, 2015 6:19:45 下午 org.apache.catalina.core.AprLifecycleListener initializeSSL
信息: OpenSSL successfully initialized (OpenSSL 1.0.1d 5 Feb 2013)
六月 29, 2015 6:19:45 下午 org.apache.coyote.AbstractProtocol init
信息: Initializing ProtocolHandler ["http-apr-8089"]
六月 29, 2015 6:19:45 下午 org.apache.coyote.AbstractProtocol init
信息: Initializing ProtocolHandler ["ajp-apr-8009"]
六月 29, 2015 6:19:45 下午 org.apache.catalina.startup.Catalina load
信息: Initialization processed in 900 ms
六月 29, 2015 6:19:45 下午 org.apache.catalina.core.StandardService startInternal
信息: Starting service Catalina
六月 29, 2015 6:19:45 下午 org.apache.catalina.core.StandardEngine startInternal
信息: Starting Servlet Engine: Apache Tomcat/7.0.42
六月 29, 2015 6:19:45 下午 org.apache.catalina.startup.HostConfig deployDescriptor
信息: Deploying configuration descriptor D:\Env\Tomcat 7.0\conf\Catalina\localhost\path.xml
六月 29, 2015 6:19:45 下午 org.apache.catalina.core.StandardContext resourcesStart
严重: Error starting static Resources
java.lang.IllegalArgumentException: Document base D:\Code_base\yes\test\Config\YigoApp\Data does not exist or is not a readable directory
	at org.apache.naming.resources.FileDirContext.setDocBase(FileDirContext.java:138)
	at org.apache.catalina.core.StandardContext.resourcesStart(StandardContext.java:5055)
	at org.apache.catalina.core.StandardContext.startInternal(StandardContext.java:5235)
	at org.apache.catalina.util.LifecycleBase.start(LifecycleBase.java:150)
	at org.apache.catalina.core.ContainerBase.addChildInternal(ContainerBase.java:901)
	at org.apache.catalina.core.ContainerBase.addChild(ContainerBase.java:877)
	at org.apache.catalina.core.StandardHost.addChild(StandardHost.java:633)
	at org.apache.catalina.startup.HostConfig.deployDescriptor(HostConfig.java:656)
	at org.apache.catalina.startup.HostConfig$DeployDescriptor.run(HostConfig.java:1635)
	at java.util.concurrent.Executors$RunnableAdapter.call(Executors.java:511)
	at java.util.concurrent.FutureTask.run(FutureTask.java:266)
	at java.util.concurrent.ThreadPoolExecutor.runWorker(ThreadPoolExecutor.java:1142)
	at java.util.concurrent.ThreadPoolExecutor$Worker.run(ThreadPoolExecutor.java:617)
	at java.lang.Thread.run(Thread.java:745)

六月 29, 2015 6:19:45 下午 org.apache.catalina.core.StandardContext startInternal
严重: Error in resourceStart()
六月 29, 2015 6:19:45 下午 org.apache.catalina.core.StandardContext startInternal
严重: Error getConfigured
六月 29, 2015 6:19:45 下午 org.apache.catalina.core.StandardContext startInternal
严重: Context [/path] startup failed due to previous errors
六月 29, 2015 6:19:45 下午 org.apache.catalina.startup.HostConfig deployDirectory
信息: Deploying web application directory D:\Env\Tomcat 7.0\webapps\docs
六月 29, 2015 6:19:45 下午 org.apache.catalina.startup.HostConfig deployDirectory
信息: Deploying web application directory D:\Env\Tomcat 7.0\webapps\examples
六月 29, 2015 6:19:46 下午 org.apache.catalina.startup.HostConfig deployDirectory
信息: Deploying web application directory D:\Env\Tomcat 7.0\webapps\host-manager
六月 29, 2015 6:19:46 下午 org.apache.catalina.startup.HostConfig deployDirectory
信息: Deploying web application directory D:\Env\Tomcat 7.0\webapps\manager
六月 29, 2015 6:19:46 下午 org.apache.catalina.startup.HostConfig deployDirectory
信息: Deploying web application directory D:\Env\Tomcat 7.0\webapps\ROOT
六月 29, 2015 6:19:46 下午 org.apache.catalina.startup.HostConfig deployDirectory
信息: Deploying web application directory D:\Env\Tomcat 7.0\webapps\yigo
六月 29, 2015 6:19:46 下午 org.apache.catalina.loader.WebappClassLoader validateJarFile
信息: validateJarFile(D:\Env\Tomcat 7.0\webapps\yigo\WEB-INF\lib\el-api-6.0.44.jar) - jar not loaded. See Servlet Spec 2.3, section 9.7.2. Offending class: javax/el/Expression.class
六月 29, 2015 6:19:46 下午 org.apache.catalina.loader.WebappClassLoader validateJarFile
信息: validateJarFile(D:\Env\Tomcat 7.0\webapps\yigo\WEB-INF\lib\servlet-api-6.0.44.jar) - jar not loaded. See Servlet Spec 2.3, section 9.7.2. Offending class: javax/servlet/Servlet.class
六月 29, 2015 6:19:48 下午 org.apache.coyote.AbstractProtocol start
信息: Starting ProtocolHandler ["http-apr-8089"]
六月 29, 2015 6:19:48 下午 org.apache.coyote.AbstractProtocol start
信息: Starting ProtocolHandler ["ajp-apr-8009"]
六月 29, 2015 6:19:48 下午 org.apache.catalina.startup.Catalina start
信息: Server startup in 3196 ms
六月 29, 2015 6:25:20 下午 org.apache.catalina.core.AprLifecycleListener init
信息: Loaded APR based Apache Tomcat Native library 1.1.27 using APR version 1.4.6.
六月 29, 2015 6:25:20 下午 org.apache.catalina.core.AprLifecycleListener init
信息: APR capabilities: IPv6 [true], sendfile [true], accept filters [false], random [true].
六月 29, 2015 6:25:21 下午 org.apache.catalina.core.AprLifecycleListener initializeSSL
信息: OpenSSL successfully initialized (OpenSSL 1.0.1d 5 Feb 2013)
六月 29, 2015 6:25:21 下午 org.apache.coyote.AbstractProtocol init
信息: Initializing ProtocolHandler ["http-apr-8089"]
六月 29, 2015 6:25:21 下午 org.apache.coyote.AbstractProtocol init
信息: Initializing ProtocolHandler ["ajp-apr-8009"]
六月 29, 2015 6:25:21 下午 org.apache.catalina.startup.Catalina load
信息: Initialization processed in 903 ms
六月 29, 2015 6:25:21 下午 org.apache.catalina.core.StandardService startInternal
信息: Starting service Catalina
六月 29, 2015 6:25:21 下午 org.apache.catalina.core.StandardEngine startInternal
信息: Starting Servlet Engine: Apache Tomcat/7.0.42
六月 29, 2015 6:25:21 下午 org.apache.catalina.startup.HostConfig deployDescriptor
信息: Deploying configuration descriptor D:\Env\Tomcat 7.0\conf\Catalina\localhost\path.xml
六月 29, 2015 6:25:21 下午 org.apache.catalina.core.StandardContext resourcesStart
严重: Error starting static Resources
java.lang.IllegalArgumentException: Document base D:\Code_base\yes\test\Config\YigoApp\Data does not exist or is not a readable directory
	at org.apache.naming.resources.FileDirContext.setDocBase(FileDirContext.java:138)
	at org.apache.catalina.core.StandardContext.resourcesStart(StandardContext.java:5055)
	at org.apache.catalina.core.StandardContext.startInternal(StandardContext.java:5235)
	at org.apache.catalina.util.LifecycleBase.start(LifecycleBase.java:150)
	at org.apache.catalina.core.ContainerBase.addChildInternal(ContainerBase.java:901)
	at org.apache.catalina.core.ContainerBase.addChild(ContainerBase.java:877)
	at org.apache.catalina.core.StandardHost.addChild(StandardHost.java:633)
	at org.apache.catalina.startup.HostConfig.deployDescriptor(HostConfig.java:656)
	at org.apache.catalina.startup.HostConfig$DeployDescriptor.run(HostConfig.java:1635)
	at java.util.concurrent.Executors$RunnableAdapter.call(Executors.java:511)
	at java.util.concurrent.FutureTask.run(FutureTask.java:266)
	at java.util.concurrent.ThreadPoolExecutor.runWorker(ThreadPoolExecutor.java:1142)
	at java.util.concurrent.ThreadPoolExecutor$Worker.run(ThreadPoolExecutor.java:617)
	at java.lang.Thread.run(Thread.java:745)

六月 29, 2015 6:25:21 下午 org.apache.catalina.core.StandardContext startInternal
严重: Error in resourceStart()
六月 29, 2015 6:25:21 下午 org.apache.catalina.core.StandardContext startInternal
严重: Error getConfigured
六月 29, 2015 6:25:21 下午 org.apache.catalina.core.StandardContext startInternal
严重: Context [/path] startup failed due to previous errors
六月 29, 2015 6:25:21 下午 org.apache.catalina.startup.HostConfig deployDirectory
信息: Deploying web application directory D:\Env\Tomcat 7.0\webapps\docs
六月 29, 2015 6:25:21 下午 org.apache.catalina.startup.HostConfig deployDirectory
信息: Deploying web application directory D:\Env\Tomcat 7.0\webapps\examples
六月 29, 2015 6:25:21 下午 org.apache.catalina.startup.HostConfig deployDirectory
信息: Deploying web application directory D:\Env\Tomcat 7.0\webapps\host-manager
六月 29, 2015 6:25:21 下午 org.apache.catalina.startup.HostConfig deployDirectory
信息: Deploying web application directory D:\Env\Tomcat 7.0\webapps\manager
六月 29, 2015 6:25:22 下午 org.apache.catalina.startup.HostConfig deployDirectory
信息: Deploying web application directory D:\Env\Tomcat 7.0\webapps\ROOT
六月 29, 2015 6:25:22 下午 org.apache.catalina.startup.HostConfig deployDirectory
信息: Deploying web application directory D:\Env\Tomcat 7.0\webapps\yigo
六月 29, 2015 6:25:22 下午 org.apache.catalina.loader.WebappClassLoader validateJarFile
信息: validateJarFile(D:\Env\Tomcat 7.0\webapps\yigo\WEB-INF\lib\el-api-6.0.44.jar) - jar not loaded. See Servlet Spec 2.3, section 9.7.2. Offending class: javax/el/Expression.class
六月 29, 2015 6:25:22 下午 org.apache.catalina.loader.WebappClassLoader validateJarFile
信息: validateJarFile(D:\Env\Tomcat 7.0\webapps\yigo\WEB-INF\lib\servlet-api-6.0.44.jar) - jar not loaded. See Servlet Spec 2.3, section 9.7.2. Offending class: javax/servlet/Servlet.class
六月 29, 2015 6:25:23 下午 org.apache.coyote.AbstractProtocol start
信息: Starting ProtocolHandler ["http-apr-8089"]
六月 29, 2015 6:25:23 下午 org.apache.coyote.AbstractProtocol start
信息: Starting ProtocolHandler ["ajp-apr-8009"]
六月 29, 2015 6:25:23 下午 org.apache.catalina.startup.Catalina start
信息: Server startup in 2342 ms
六月 29, 2015 6:25:56 下午 org.apache.catalina.core.AprLifecycleListener init
信息: Loaded APR based Apache Tomcat Native library 1.1.27 using APR version 1.4.6.
六月 29, 2015 6:25:56 下午 org.apache.catalina.core.AprLifecycleListener init
信息: APR capabilities: IPv6 [true], sendfile [true], accept filters [false], random [true].
六月 29, 2015 6:25:57 下午 org.apache.catalina.core.AprLifecycleListener initializeSSL
信息: OpenSSL successfully initialized (OpenSSL 1.0.1d 5 Feb 2013)
六月 29, 2015 6:25:57 下午 org.apache.coyote.AbstractProtocol init
信息: Initializing ProtocolHandler ["http-apr-8089"]
六月 29, 2015 6:25:57 下午 org.apache.coyote.AbstractProtocol init
信息: Initializing ProtocolHandler ["ajp-apr-8009"]
六月 29, 2015 6:25:57 下午 org.apache.catalina.startup.Catalina load
信息: Initialization processed in 908 ms
六月 29, 2015 6:25:57 下午 org.apache.catalina.core.StandardService startInternal
信息: Starting service Catalina
六月 29, 2015 6:25:57 下午 org.apache.catalina.core.StandardEngine startInternal
信息: Starting Servlet Engine: Apache Tomcat/7.0.42
六月 29, 2015 6:25:57 下午 org.apache.catalina.startup.HostConfig deployDescriptor
信息: Deploying configuration descriptor D:\Env\Tomcat 7.0\conf\Catalina\localhost\path.xml
六月 29, 2015 6:25:57 下午 org.apache.catalina.core.StandardContext resourcesStart
严重: Error starting static Resources
java.lang.IllegalArgumentException: Document base D:\Code_base\yes\test\Config\YigoApp\Data does not exist or is not a readable directory
	at org.apache.naming.resources.FileDirContext.setDocBase(FileDirContext.java:138)
	at org.apache.catalina.core.StandardContext.resourcesStart(StandardContext.java:5055)
	at org.apache.catalina.core.StandardContext.startInternal(StandardContext.java:5235)
	at org.apache.catalina.util.LifecycleBase.start(LifecycleBase.java:150)
	at org.apache.catalina.core.ContainerBase.addChildInternal(ContainerBase.java:901)
	at org.apache.catalina.core.ContainerBase.addChild(ContainerBase.java:877)
	at org.apache.catalina.core.StandardHost.addChild(StandardHost.java:633)
	at org.apache.catalina.startup.HostConfig.deployDescriptor(HostConfig.java:656)
	at org.apache.catalina.startup.HostConfig$DeployDescriptor.run(HostConfig.java:1635)
	at java.util.concurrent.Executors$RunnableAdapter.call(Executors.java:511)
	at java.util.concurrent.FutureTask.run(FutureTask.java:266)
	at java.util.concurrent.ThreadPoolExecutor.runWorker(ThreadPoolExecutor.java:1142)
	at java.util.concurrent.ThreadPoolExecutor$Worker.run(ThreadPoolExecutor.java:617)
	at java.lang.Thread.run(Thread.java:745)

六月 29, 2015 6:25:57 下午 org.apache.catalina.core.StandardContext startInternal
严重: Error in resourceStart()
六月 29, 2015 6:25:57 下午 org.apache.catalina.core.StandardContext startInternal
严重: Error getConfigured
六月 29, 2015 6:25:57 下午 org.apache.catalina.core.StandardContext startInternal
严重: Context [/path] startup failed due to previous errors
六月 29, 2015 6:25:57 下午 org.apache.catalina.startup.HostConfig deployDirectory
信息: Deploying web application directory D:\Env\Tomcat 7.0\webapps\docs
六月 29, 2015 6:25:57 下午 org.apache.catalina.startup.HostConfig deployDirectory
信息: Deploying web application directory D:\Env\Tomcat 7.0\webapps\examples
六月 29, 2015 6:25:57 下午 org.apache.catalina.startup.HostConfig deployDirectory
信息: Deploying web application directory D:\Env\Tomcat 7.0\webapps\host-manager
六月 29, 2015 6:25:57 下午 org.apache.catalina.startup.HostConfig deployDirectory
信息: Deploying web application directory D:\Env\Tomcat 7.0\webapps\manager
六月 29, 2015 6:25:57 下午 org.apache.catalina.startup.HostConfig deployDirectory
信息: Deploying web application directory D:\Env\Tomcat 7.0\webapps\ROOT
六月 29, 2015 6:25:57 下午 org.apache.catalina.startup.HostConfig deployDirectory
信息: Deploying web application directory D:\Env\Tomcat 7.0\webapps\yigo
六月 29, 2015 6:25:57 下午 org.apache.catalina.loader.WebappClassLoader validateJarFile
信息: validateJarFile(D:\Env\Tomcat 7.0\webapps\yigo\WEB-INF\lib\el-api-6.0.44.jar) - jar not loaded. See Servlet Spec 2.3, section 9.7.2. Offending class: javax/el/Expression.class
六月 29, 2015 6:25:57 下午 org.apache.catalina.loader.WebappClassLoader validateJarFile
信息: validateJarFile(D:\Env\Tomcat 7.0\webapps\yigo\WEB-INF\lib\servlet-api-6.0.44.jar) - jar not loaded. See Servlet Spec 2.3, section 9.7.2. Offending class: javax/servlet/Servlet.class
六月 29, 2015 6:26:00 下午 org.apache.coyote.AbstractProtocol start
信息: Starting ProtocolHandler ["http-apr-8089"]
六月 29, 2015 6:26:00 下午 org.apache.coyote.AbstractProtocol start
信息: Starting ProtocolHandler ["ajp-apr-8009"]
六月 29, 2015 6:26:00 下午 org.apache.catalina.startup.Catalina start
信息: Server startup in 3071 ms
六月 29, 2015 6:34:59 下午 org.apache.catalina.core.AprLifecycleListener init
信息: Loaded APR based Apache Tomcat Native library 1.1.27 using APR version 1.4.6.
六月 29, 2015 6:35:00 下午 org.apache.catalina.core.AprLifecycleListener init
信息: APR capabilities: IPv6 [true], sendfile [true], accept filters [false], random [true].
六月 29, 2015 6:35:00 下午 org.apache.catalina.core.AprLifecycleListener initializeSSL
信息: OpenSSL successfully initialized (OpenSSL 1.0.1d 5 Feb 2013)
六月 29, 2015 6:35:00 下午 org.apache.coyote.AbstractProtocol init
信息: Initializing ProtocolHandler ["http-apr-8089"]
六月 29, 2015 6:35:00 下午 org.apache.coyote.AbstractProtocol init
信息: Initializing ProtocolHandler ["ajp-apr-8009"]
六月 29, 2015 6:35:00 下午 org.apache.catalina.startup.Catalina load
信息: Initialization processed in 903 ms
六月 29, 2015 6:35:00 下午 org.apache.catalina.core.StandardService startInternal
信息: Starting service Catalina
六月 29, 2015 6:35:00 下午 org.apache.catalina.core.StandardEngine startInternal
信息: Starting Servlet Engine: Apache Tomcat/7.0.42
六月 29, 2015 6:35:00 下午 org.apache.catalina.startup.HostConfig deployDescriptor
信息: Deploying configuration descriptor D:\Env\Tomcat 7.0\conf\Catalina\localhost\path.xml
六月 29, 2015 6:35:00 下午 org.apache.catalina.core.StandardContext resourcesStart
严重: Error starting static Resources
java.lang.IllegalArgumentException: Document base D:\Code_base\yes\test\Config\YigoApp\Data does not exist or is not a readable directory
	at org.apache.naming.resources.FileDirContext.setDocBase(FileDirContext.java:138)
	at org.apache.catalina.core.StandardContext.resourcesStart(StandardContext.java:5055)
	at org.apache.catalina.core.StandardContext.startInternal(StandardContext.java:5235)
	at org.apache.catalina.util.LifecycleBase.start(LifecycleBase.java:150)
	at org.apache.catalina.core.ContainerBase.addChildInternal(ContainerBase.java:901)
	at org.apache.catalina.core.ContainerBase.addChild(ContainerBase.java:877)
	at org.apache.catalina.core.StandardHost.addChild(StandardHost.java:633)
	at org.apache.catalina.startup.HostConfig.deployDescriptor(HostConfig.java:656)
	at org.apache.catalina.startup.HostConfig$DeployDescriptor.run(HostConfig.java:1635)
	at java.util.concurrent.Executors$RunnableAdapter.call(Executors.java:511)
	at java.util.concurrent.FutureTask.run(FutureTask.java:266)
	at java.util.concurrent.ThreadPoolExecutor.runWorker(ThreadPoolExecutor.java:1142)
	at java.util.concurrent.ThreadPoolExecutor$Worker.run(ThreadPoolExecutor.java:617)
	at java.lang.Thread.run(Thread.java:745)

六月 29, 2015 6:35:00 下午 org.apache.catalina.core.StandardContext startInternal
严重: Error in resourceStart()
六月 29, 2015 6:35:00 下午 org.apache.catalina.core.StandardContext startInternal
严重: Error getConfigured
六月 29, 2015 6:35:00 下午 org.apache.catalina.core.StandardContext startInternal
严重: Context [/path] startup failed due to previous errors
六月 29, 2015 6:35:00 下午 org.apache.catalina.startup.HostConfig deployDirectory
信息: Deploying web application directory D:\Env\Tomcat 7.0\webapps\docs
六月 29, 2015 6:35:01 下午 org.apache.catalina.startup.HostConfig deployDirectory
信息: Deploying web application directory D:\Env\Tomcat 7.0\webapps\examples
六月 29, 2015 6:35:01 下午 org.apache.catalina.startup.HostConfig deployDirectory
信息: Deploying web application directory D:\Env\Tomcat 7.0\webapps\host-manager
六月 29, 2015 6:35:01 下午 org.apache.catalina.startup.HostConfig deployDirectory
信息: Deploying web application directory D:\Env\Tomcat 7.0\webapps\manager
六月 29, 2015 6:35:01 下午 org.apache.catalina.startup.HostConfig deployDirectory
信息: Deploying web application directory D:\Env\Tomcat 7.0\webapps\ROOT
六月 29, 2015 6:35:01 下午 org.apache.catalina.startup.HostConfig deployDirectory
信息: Deploying web application directory D:\Env\Tomcat 7.0\webapps\yigo
六月 29, 2015 6:35:01 下午 org.apache.catalina.loader.WebappClassLoader validateJarFile
信息: validateJarFile(D:\Env\Tomcat 7.0\webapps\yigo\WEB-INF\lib\el-api-6.0.44.jar) - jar not loaded. See Servlet Spec 2.3, section 9.7.2. Offending class: javax/el/Expression.class
六月 29, 2015 6:35:01 下午 org.apache.catalina.loader.WebappClassLoader validateJarFile
信息: validateJarFile(D:\Env\Tomcat 7.0\webapps\yigo\WEB-INF\lib\servlet-api-6.0.44.jar) - jar not loaded. See Servlet Spec 2.3, section 9.7.2. Offending class: javax/servlet/Servlet.class
六月 29, 2015 6:35:05 下午 org.apache.coyote.AbstractProtocol start
信息: Starting ProtocolHandler ["http-apr-8089"]
六月 29, 2015 6:35:05 下午 org.apache.coyote.AbstractProtocol start
信息: Starting ProtocolHandler ["ajp-apr-8009"]
六月 29, 2015 6:35:05 下午 org.apache.catalina.startup.Catalina start
信息: Server startup in 4539 ms
六月 29, 2015 6:40:27 下午 org.apache.catalina.core.AprLifecycleListener init
信息: Loaded APR based Apache Tomcat Native library 1.1.27 using APR version 1.4.6.
六月 29, 2015 6:40:27 下午 org.apache.catalina.core.AprLifecycleListener init
信息: APR capabilities: IPv6 [true], sendfile [true], accept filters [false], random [true].
六月 29, 2015 6:40:28 下午 org.apache.catalina.core.AprLifecycleListener initializeSSL
信息: OpenSSL successfully initialized (OpenSSL 1.0.1d 5 Feb 2013)
六月 29, 2015 6:40:28 下午 org.apache.coyote.AbstractProtocol init
信息: Initializing ProtocolHandler ["http-apr-8089"]
六月 29, 2015 6:40:28 下午 org.apache.coyote.AbstractProtocol init
信息: Initializing ProtocolHandler ["ajp-apr-8009"]
六月 29, 2015 6:40:28 下午 org.apache.catalina.startup.Catalina load
信息: Initialization processed in 878 ms
六月 29, 2015 6:40:28 下午 org.apache.catalina.core.StandardService startInternal
信息: Starting service Catalina
六月 29, 2015 6:40:28 下午 org.apache.catalina.core.StandardEngine startInternal
信息: Starting Servlet Engine: Apache Tomcat/7.0.42
六月 29, 2015 6:40:28 下午 org.apache.catalina.startup.HostConfig deployDescriptor
信息: Deploying configuration descriptor D:\Env\Tomcat 7.0\conf\Catalina\localhost\path.xml
六月 29, 2015 6:40:28 下午 org.apache.catalina.core.StandardContext resourcesStart
严重: Error starting static Resources
java.lang.IllegalArgumentException: Document base D:\Code_base\yes\test\Config\YigoApp\Data does not exist or is not a readable directory
	at org.apache.naming.resources.FileDirContext.setDocBase(FileDirContext.java:138)
	at org.apache.catalina.core.StandardContext.resourcesStart(StandardContext.java:5055)
	at org.apache.catalina.core.StandardContext.startInternal(StandardContext.java:5235)
	at org.apache.catalina.util.LifecycleBase.start(LifecycleBase.java:150)
	at org.apache.catalina.core.ContainerBase.addChildInternal(ContainerBase.java:901)
	at org.apache.catalina.core.ContainerBase.addChild(ContainerBase.java:877)
	at org.apache.catalina.core.StandardHost.addChild(StandardHost.java:633)
	at org.apache.catalina.startup.HostConfig.deployDescriptor(HostConfig.java:656)
	at org.apache.catalina.startup.HostConfig$DeployDescriptor.run(HostConfig.java:1635)
	at java.util.concurrent.Executors$RunnableAdapter.call(Executors.java:511)
	at java.util.concurrent.FutureTask.run(FutureTask.java:266)
	at java.util.concurrent.ThreadPoolExecutor.runWorker(ThreadPoolExecutor.java:1142)
	at java.util.concurrent.ThreadPoolExecutor$Worker.run(ThreadPoolExecutor.java:617)
	at java.lang.Thread.run(Thread.java:745)

六月 29, 2015 6:40:28 下午 org.apache.catalina.core.StandardContext startInternal
严重: Error in resourceStart()
六月 29, 2015 6:40:28 下午 org.apache.catalina.core.StandardContext startInternal
严重: Error getConfigured
六月 29, 2015 6:40:28 下午 org.apache.catalina.core.StandardContext startInternal
严重: Context [/path] startup failed due to previous errors
六月 29, 2015 6:40:28 下午 org.apache.catalina.startup.HostConfig deployDirectory
信息: Deploying web application directory D:\Env\Tomcat 7.0\webapps\docs
六月 29, 2015 6:40:28 下午 org.apache.catalina.startup.HostConfig deployDirectory
信息: Deploying web application directory D:\Env\Tomcat 7.0\webapps\examples
六月 29, 2015 6:40:28 下午 org.apache.catalina.startup.HostConfig deployDirectory
信息: Deploying web application directory D:\Env\Tomcat 7.0\webapps\host-manager
六月 29, 2015 6:40:28 下午 org.apache.catalina.startup.HostConfig deployDirectory
信息: Deploying web application directory D:\Env\Tomcat 7.0\webapps\manager
六月 29, 2015 6:40:28 下午 org.apache.catalina.startup.HostConfig deployDirectory
信息: Deploying web application directory D:\Env\Tomcat 7.0\webapps\ROOT
六月 29, 2015 6:40:28 下午 org.apache.catalina.startup.HostConfig deployDirectory
信息: Deploying web application directory D:\Env\Tomcat 7.0\webapps\yigo
六月 29, 2015 6:40:28 下午 org.apache.catalina.loader.WebappClassLoader validateJarFile
信息: validateJarFile(D:\Env\Tomcat 7.0\webapps\yigo\WEB-INF\lib\el-api-6.0.44.jar) - jar not loaded. See Servlet Spec 2.3, section 9.7.2. Offending class: javax/el/Expression.class
六月 29, 2015 6:40:28 下午 org.apache.catalina.loader.WebappClassLoader validateJarFile
信息: validateJarFile(D:\Env\Tomcat 7.0\webapps\yigo\WEB-INF\lib\servlet-api-6.0.44.jar) - jar not loaded. See Servlet Spec 2.3, section 9.7.2. Offending class: javax/servlet/Servlet.class
六月 29, 2015 6:40:31 下午 org.apache.coyote.AbstractProtocol start
信息: Starting ProtocolHandler ["http-apr-8089"]
六月 29, 2015 6:40:31 下午 org.apache.coyote.AbstractProtocol start
信息: Starting ProtocolHandler ["ajp-apr-8009"]
六月 29, 2015 6:40:31 下午 org.apache.catalina.startup.Catalina start
信息: Server startup in 3121 ms
六月 29, 2015 6:55:26 下午 org.apache.catalina.core.AprLifecycleListener init
信息: Loaded APR based Apache Tomcat Native library 1.1.27 using APR version 1.4.6.
六月 29, 2015 6:55:26 下午 org.apache.catalina.core.AprLifecycleListener init
信息: APR capabilities: IPv6 [true], sendfile [true], accept filters [false], random [true].
六月 29, 2015 6:55:27 下午 org.apache.catalina.core.AprLifecycleListener initializeSSL
信息: OpenSSL successfully initialized (OpenSSL 1.0.1d 5 Feb 2013)
六月 29, 2015 6:55:27 下午 org.apache.coyote.AbstractProtocol init
信息: Initializing ProtocolHandler ["http-apr-8089"]
六月 29, 2015 6:55:27 下午 org.apache.coyote.AbstractProtocol init
信息: Initializing ProtocolHandler ["ajp-apr-8009"]
六月 29, 2015 6:55:27 下午 org.apache.catalina.startup.Catalina load
信息: Initialization processed in 888 ms
六月 29, 2015 6:55:27 下午 org.apache.catalina.core.StandardService startInternal
信息: Starting service Catalina
六月 29, 2015 6:55:27 下午 org.apache.catalina.core.StandardEngine startInternal
信息: Starting Servlet Engine: Apache Tomcat/7.0.42
六月 29, 2015 6:55:27 下午 org.apache.catalina.startup.HostConfig deployDescriptor
信息: Deploying configuration descriptor D:\Env\Tomcat 7.0\conf\Catalina\localhost\path.xml
六月 29, 2015 6:55:27 下午 org.apache.catalina.core.StandardContext resourcesStart
严重: Error starting static Resources
java.lang.IllegalArgumentException: Document base D:\Code_base\yes\test\Config\YigoApp\Data does not exist or is not a readable directory
	at org.apache.naming.resources.FileDirContext.setDocBase(FileDirContext.java:138)
	at org.apache.catalina.core.StandardContext.resourcesStart(StandardContext.java:5055)
	at org.apache.catalina.core.StandardContext.startInternal(StandardContext.java:5235)
	at org.apache.catalina.util.LifecycleBase.start(LifecycleBase.java:150)
	at org.apache.catalina.core.ContainerBase.addChildInternal(ContainerBase.java:901)
	at org.apache.catalina.core.ContainerBase.addChild(ContainerBase.java:877)
	at org.apache.catalina.core.StandardHost.addChild(StandardHost.java:633)
	at org.apache.catalina.startup.HostConfig.deployDescriptor(HostConfig.java:656)
	at org.apache.catalina.startup.HostConfig$DeployDescriptor.run(HostConfig.java:1635)
	at java.util.concurrent.Executors$RunnableAdapter.call(Executors.java:511)
	at java.util.concurrent.FutureTask.run(FutureTask.java:266)
	at java.util.concurrent.ThreadPoolExecutor.runWorker(ThreadPoolExecutor.java:1142)
	at java.util.concurrent.ThreadPoolExecutor$Worker.run(ThreadPoolExecutor.java:617)
	at java.lang.Thread.run(Thread.java:745)

六月 29, 2015 6:55:27 下午 org.apache.catalina.core.StandardContext startInternal
严重: Error in resourceStart()
六月 29, 2015 6:55:27 下午 org.apache.catalina.core.StandardContext startInternal
严重: Error getConfigured
六月 29, 2015 6:55:27 下午 org.apache.catalina.core.StandardContext startInternal
严重: Context [/path] startup failed due to previous errors
六月 29, 2015 6:55:27 下午 org.apache.catalina.startup.HostConfig deployDirectory
信息: Deploying web application directory D:\Env\Tomcat 7.0\webapps\docs
六月 29, 2015 6:55:27 下午 org.apache.catalina.startup.HostConfig deployDirectory
信息: Deploying web application directory D:\Env\Tomcat 7.0\webapps\examples
六月 29, 2015 6:55:27 下午 org.apache.catalina.startup.HostConfig deployDirectory
信息: Deploying web application directory D:\Env\Tomcat 7.0\webapps\host-manager
六月 29, 2015 6:55:27 下午 org.apache.catalina.startup.HostConfig deployDirectory
信息: Deploying web application directory D:\Env\Tomcat 7.0\webapps\manager
六月 29, 2015 6:55:27 下午 org.apache.catalina.startup.HostConfig deployDirectory
信息: Deploying web application directory D:\Env\Tomcat 7.0\webapps\ROOT
六月 29, 2015 6:55:27 下午 org.apache.catalina.startup.HostConfig deployDirectory
信息: Deploying web application directory D:\Env\Tomcat 7.0\webapps\yigo
六月 29, 2015 6:55:27 下午 org.apache.catalina.loader.WebappClassLoader validateJarFile
信息: validateJarFile(D:\Env\Tomcat 7.0\webapps\yigo\WEB-INF\lib\el-api-6.0.44.jar) - jar not loaded. See Servlet Spec 2.3, section 9.7.2. Offending class: javax/el/Expression.class
六月 29, 2015 6:55:27 下午 org.apache.catalina.loader.WebappClassLoader validateJarFile
信息: validateJarFile(D:\Env\Tomcat 7.0\webapps\yigo\WEB-INF\lib\servlet-api-6.0.44.jar) - jar not loaded. See Servlet Spec 2.3, section 9.7.2. Offending class: javax/servlet/Servlet.class
六月 29, 2015 6:55:30 下午 org.apache.coyote.AbstractProtocol start
信息: Starting ProtocolHandler ["http-apr-8089"]
六月 29, 2015 6:55:30 下午 org.apache.coyote.AbstractProtocol start
信息: Starting ProtocolHandler ["ajp-apr-8009"]
六月 29, 2015 6:55:30 下午 org.apache.catalina.startup.Catalina start
信息: Server startup in 3127 ms
六月 29, 2015 8:03:06 下午 org.apache.catalina.core.AprLifecycleListener init
信息: Loaded APR based Apache Tomcat Native library 1.1.27 using APR version 1.4.6.
六月 29, 2015 8:03:06 下午 org.apache.catalina.core.AprLifecycleListener init
信息: APR capabilities: IPv6 [true], sendfile [true], accept filters [false], random [true].
六月 29, 2015 8:03:07 下午 org.apache.catalina.core.AprLifecycleListener initializeSSL
信息: OpenSSL successfully initialized (OpenSSL 1.0.1d 5 Feb 2013)
六月 29, 2015 8:03:07 下午 org.apache.coyote.AbstractProtocol init
信息: Initializing ProtocolHandler ["http-apr-8089"]
六月 29, 2015 8:03:07 下午 org.apache.coyote.AbstractProtocol init
信息: Initializing ProtocolHandler ["ajp-apr-8009"]
六月 29, 2015 8:03:07 下午 org.apache.catalina.startup.Catalina load
信息: Initialization processed in 893 ms
六月 29, 2015 8:03:07 下午 org.apache.catalina.core.StandardService startInternal
信息: Starting service Catalina
六月 29, 2015 8:03:07 下午 org.apache.catalina.core.StandardEngine startInternal
信息: Starting Servlet Engine: Apache Tomcat/7.0.42
六月 29, 2015 8:03:07 下午 org.apache.catalina.startup.HostConfig deployDescriptor
信息: Deploying configuration descriptor D:\Env\Tomcat 7.0\conf\Catalina\localhost\path.xml
六月 29, 2015 8:03:07 下午 org.apache.catalina.core.StandardContext resourcesStart
严重: Error starting static Resources
java.lang.IllegalArgumentException: Document base D:\Code_base\yes\test\Config\YigoApp\Data does not exist or is not a readable directory
	at org.apache.naming.resources.FileDirContext.setDocBase(FileDirContext.java:138)
	at org.apache.catalina.core.StandardContext.resourcesStart(StandardContext.java:5055)
	at org.apache.catalina.core.StandardContext.startInternal(StandardContext.java:5235)
	at org.apache.catalina.util.LifecycleBase.start(LifecycleBase.java:150)
	at org.apache.catalina.core.ContainerBase.addChildInternal(ContainerBase.java:901)
	at org.apache.catalina.core.ContainerBase.addChild(ContainerBase.java:877)
	at org.apache.catalina.core.StandardHost.addChild(StandardHost.java:633)
	at org.apache.catalina.startup.HostConfig.deployDescriptor(HostConfig.java:656)
	at org.apache.catalina.startup.HostConfig$DeployDescriptor.run(HostConfig.java:1635)
	at java.util.concurrent.Executors$RunnableAdapter.call(Executors.java:511)
	at java.util.concurrent.FutureTask.run(FutureTask.java:266)
	at java.util.concurrent.ThreadPoolExecutor.runWorker(ThreadPoolExecutor.java:1142)
	at java.util.concurrent.ThreadPoolExecutor$Worker.run(ThreadPoolExecutor.java:617)
	at java.lang.Thread.run(Thread.java:745)

六月 29, 2015 8:03:07 下午 org.apache.catalina.core.StandardContext startInternal
严重: Error in resourceStart()
六月 29, 2015 8:03:07 下午 org.apache.catalina.core.StandardContext startInternal
严重: Error getConfigured
六月 29, 2015 8:03:07 下午 org.apache.catalina.core.StandardContext startInternal
严重: Context [/path] startup failed due to previous errors
六月 29, 2015 8:03:07 下午 org.apache.catalina.startup.HostConfig deployDirectory
信息: Deploying web application directory D:\Env\Tomcat 7.0\webapps\docs
六月 29, 2015 8:03:07 下午 org.apache.catalina.startup.HostConfig deployDirectory
信息: Deploying web application directory D:\Env\Tomcat 7.0\webapps\examples
六月 29, 2015 8:03:07 下午 org.apache.catalina.startup.HostConfig deployDirectory
信息: Deploying web application directory D:\Env\Tomcat 7.0\webapps\host-manager
六月 29, 2015 8:03:07 下午 org.apache.catalina.startup.HostConfig deployDirectory
信息: Deploying web application directory D:\Env\Tomcat 7.0\webapps\manager
六月 29, 2015 8:03:07 下午 org.apache.catalina.startup.HostConfig deployDirectory
信息: Deploying web application directory D:\Env\Tomcat 7.0\webapps\ROOT
六月 29, 2015 8:03:07 下午 org.apache.catalina.startup.HostConfig deployDirectory
信息: Deploying web application directory D:\Env\Tomcat 7.0\webapps\yigo
六月 29, 2015 8:03:07 下午 org.apache.catalina.loader.WebappClassLoader validateJarFile
信息: validateJarFile(D:\Env\Tomcat 7.0\webapps\yigo\WEB-INF\lib\el-api-6.0.44.jar) - jar not loaded. See Servlet Spec 2.3, section 9.7.2. Offending class: javax/el/Expression.class
六月 29, 2015 8:03:07 下午 org.apache.catalina.loader.WebappClassLoader validateJarFile
信息: validateJarFile(D:\Env\Tomcat 7.0\webapps\yigo\WEB-INF\lib\servlet-api-6.0.44.jar) - jar not loaded. See Servlet Spec 2.3, section 9.7.2. Offending class: javax/servlet/Servlet.class
六月 29, 2015 8:03:10 下午 org.apache.coyote.AbstractProtocol start
信息: Starting ProtocolHandler ["http-apr-8089"]
六月 29, 2015 8:03:10 下午 org.apache.coyote.AbstractProtocol start
信息: Starting ProtocolHandler ["ajp-apr-8009"]
六月 29, 2015 8:03:10 下午 org.apache.catalina.startup.Catalina start
信息: Server startup in 3057 ms
