六月 09, 2015 7:24:02 下午 org.apache.catalina.core.AprLifecycleListener init
信息: Loaded APR based Apache Tomcat Native library 1.1.27 using APR version 1.4.6.
六月 09, 2015 7:24:02 下午 org.apache.catalina.core.AprLifecycleListener init
信息: APR capabilities: IPv6 [true], sendfile [true], accept filters [false], random [true].
六月 09, 2015 7:24:02 下午 org.apache.catalina.core.AprLifecycleListener initializeSSL
信息: OpenSSL successfully initialized (OpenSSL 1.0.1d 5 Feb 2013)
六月 09, 2015 7:24:03 下午 org.apache.coyote.AbstractProtocol init
信息: Initializing ProtocolHandler ["http-apr-8089"]
六月 09, 2015 7:24:03 下午 org.apache.coyote.AbstractProtocol init
信息: Initializing ProtocolHandler ["ajp-apr-8009"]
六月 09, 2015 7:24:03 下午 org.apache.catalina.startup.Catalina load
信息: Initialization processed in 1219 ms
六月 09, 2015 7:24:03 下午 org.apache.catalina.core.StandardService startInternal
信息: Starting service Catalina
六月 09, 2015 7:24:03 下午 org.apache.catalina.core.StandardEngine startInternal
信息: Starting Servlet Engine: Apache Tomcat/7.0.42
六月 09, 2015 7:24:03 下午 org.apache.catalina.startup.HostConfig deployDescriptor
信息: Deploying configuration descriptor D:\Env\Tomcat 7.0\conf\Catalina\localhost\path.xml
六月 09, 2015 7:24:03 下午 org.apache.catalina.core.StandardContext resourcesStart
严重: Error starting static Resources
java.lang.IllegalArgumentException: Document base D:\Code_base\yes\test\Config\YigoApp\Data does not exist or is not a readable directory
	at org.apache.naming.resources.FileDirContext.setDocBase(FileDirContext.java:138)
	at org.apache.catalina.core.StandardContext.resourcesStart(StandardContext.java:5055)
	at org.apache.catalina.core.StandardContext.startInternal(StandardContext.java:5235)
	at org.apache.catalina.util.LifecycleBase.start(LifecycleBase.java:150)
	at org.apache.catalina.core.ContainerBase.addChildInternal(ContainerBase.java:901)
	at org.apache.catalina.core.ContainerBase.addChild(ContainerBase.java:877)
	at org.apache.catalina.core.StandardHost.addChild(StandardHost.java:633)
	at org.apache.catalina.startup.HostConfig.deployDescriptor(HostConfig.java:656)
	at org.apache.catalina.startup.HostConfig$DeployDescriptor.run(HostConfig.java:1635)
	at java.util.concurrent.Executors$RunnableAdapter.call(Executors.java:511)
	at java.util.concurrent.FutureTask.run(FutureTask.java:266)
	at java.util.concurrent.ThreadPoolExecutor.runWorker(ThreadPoolExecutor.java:1142)
	at java.util.concurrent.ThreadPoolExecutor$Worker.run(ThreadPoolExecutor.java:617)
	at java.lang.Thread.run(Thread.java:745)

六月 09, 2015 7:24:03 下午 org.apache.catalina.core.StandardContext startInternal
严重: Error in resourceStart()
六月 09, 2015 7:24:03 下午 org.apache.catalina.core.StandardContext startInternal
严重: Error getConfigured
六月 09, 2015 7:24:03 下午 org.apache.catalina.core.StandardContext startInternal
严重: Context [/path] startup failed due to previous errors
六月 09, 2015 7:24:03 下午 org.apache.catalina.startup.HostConfig deployDescriptor
信息: Deploying configuration descriptor D:\Env\Tomcat 7.0\conf\Catalina\localhost\yes.xml
六月 09, 2015 7:24:03 下午 org.apache.catalina.core.StandardContext resourcesStart
严重: Error starting static Resources
java.lang.IllegalArgumentException: Document base D:\Code_base\yes\project\yes-webapp\src\main\webapp does not exist or is not a readable directory
	at org.apache.naming.resources.FileDirContext.setDocBase(FileDirContext.java:138)
	at org.apache.catalina.core.StandardContext.resourcesStart(StandardContext.java:5055)
	at org.apache.catalina.core.StandardContext.startInternal(StandardContext.java:5235)
	at org.apache.catalina.util.LifecycleBase.start(LifecycleBase.java:150)
	at org.apache.catalina.core.ContainerBase.addChildInternal(ContainerBase.java:901)
	at org.apache.catalina.core.ContainerBase.addChild(ContainerBase.java:877)
	at org.apache.catalina.core.StandardHost.addChild(StandardHost.java:633)
	at org.apache.catalina.startup.HostConfig.deployDescriptor(HostConfig.java:656)
	at org.apache.catalina.startup.HostConfig$DeployDescriptor.run(HostConfig.java:1635)
	at java.util.concurrent.Executors$RunnableAdapter.call(Executors.java:511)
	at java.util.concurrent.FutureTask.run(FutureTask.java:266)
	at java.util.concurrent.ThreadPoolExecutor.runWorker(ThreadPoolExecutor.java:1142)
	at java.util.concurrent.ThreadPoolExecutor$Worker.run(ThreadPoolExecutor.java:617)
	at java.lang.Thread.run(Thread.java:745)

六月 09, 2015 7:24:03 下午 org.apache.catalina.core.StandardContext startInternal
严重: Error in resourceStart()
六月 09, 2015 7:24:03 下午 org.apache.catalina.core.StandardContext startInternal
严重: Error getConfigured
六月 09, 2015 7:24:03 下午 org.apache.catalina.core.StandardContext startInternal
严重: Context [/yes] startup failed due to previous errors
六月 09, 2015 7:24:03 下午 org.apache.catalina.startup.HostConfig deployDirectory
信息: Deploying web application directory D:\Env\Tomcat 7.0\webapps\docs
六月 09, 2015 7:24:03 下午 org.apache.catalina.startup.HostConfig deployDirectory
信息: Deploying web application directory D:\Env\Tomcat 7.0\webapps\examples
六月 09, 2015 7:24:03 下午 org.apache.catalina.startup.HostConfig deployDirectory
信息: Deploying web application directory D:\Env\Tomcat 7.0\webapps\host-manager
六月 09, 2015 7:24:03 下午 org.apache.catalina.startup.HostConfig deployDirectory
信息: Deploying web application directory D:\Env\Tomcat 7.0\webapps\manager
六月 09, 2015 7:24:03 下午 org.apache.catalina.startup.HostConfig deployDirectory
信息: Deploying web application directory D:\Env\Tomcat 7.0\webapps\ROOT
六月 09, 2015 7:24:04 下午 org.apache.catalina.startup.HostConfig deployDirectory
信息: Deploying web application directory D:\Env\Tomcat 7.0\webapps\yigo
六月 09, 2015 7:24:04 下午 org.apache.catalina.loader.WebappClassLoader validateJarFile
信息: validateJarFile(D:\Env\Tomcat 7.0\webapps\yigo\WEB-INF\lib\el-api-6.0.44.jar) - jar not loaded. See Servlet Spec 2.3, section 9.7.2. Offending class: javax/el/Expression.class
六月 09, 2015 7:24:04 下午 org.apache.catalina.loader.WebappClassLoader validateJarFile
信息: validateJarFile(D:\Env\Tomcat 7.0\webapps\yigo\WEB-INF\lib\servlet-api-6.0.44.jar) - jar not loaded. See Servlet Spec 2.3, section 9.7.2. Offending class: javax/servlet/Servlet.class
六月 09, 2015 7:24:05 下午 org.apache.catalina.core.StandardContext startInternal
严重: Error listenerStart
六月 09, 2015 7:24:05 下午 org.apache.catalina.core.StandardContext startInternal
严重: Context [/yigo] startup failed due to previous errors
六月 09, 2015 7:24:05 下午 org.apache.coyote.AbstractProtocol start
信息: Starting ProtocolHandler ["http-apr-8089"]
六月 09, 2015 7:24:05 下午 org.apache.coyote.AbstractProtocol start
信息: Starting ProtocolHandler ["ajp-apr-8009"]
六月 09, 2015 7:24:05 下午 org.apache.catalina.startup.Catalina start
信息: Server startup in 1902 ms
六月 09, 2015 7:25:08 下午 org.apache.catalina.core.AprLifecycleListener init
信息: Loaded APR based Apache Tomcat Native library 1.1.27 using APR version 1.4.6.
六月 09, 2015 7:25:08 下午 org.apache.catalina.core.AprLifecycleListener init
信息: APR capabilities: IPv6 [true], sendfile [true], accept filters [false], random [true].
六月 09, 2015 7:25:09 下午 org.apache.catalina.core.AprLifecycleListener initializeSSL
信息: OpenSSL successfully initialized (OpenSSL 1.0.1d 5 Feb 2013)
六月 09, 2015 7:25:09 下午 org.apache.coyote.AbstractProtocol init
信息: Initializing ProtocolHandler ["http-apr-8089"]
六月 09, 2015 7:25:09 下午 org.apache.coyote.AbstractProtocol init
信息: Initializing ProtocolHandler ["ajp-apr-8009"]
六月 09, 2015 7:25:09 下午 org.apache.catalina.startup.Catalina load
信息: Initialization processed in 881 ms
六月 09, 2015 7:25:09 下午 org.apache.catalina.core.StandardService startInternal
信息: Starting service Catalina
六月 09, 2015 7:25:09 下午 org.apache.catalina.core.StandardEngine startInternal
信息: Starting Servlet Engine: Apache Tomcat/7.0.42
六月 09, 2015 7:25:09 下午 org.apache.catalina.startup.HostConfig deployDescriptor
信息: Deploying configuration descriptor D:\Env\Tomcat 7.0\conf\Catalina\localhost\path.xml
六月 09, 2015 7:25:09 下午 org.apache.catalina.core.StandardContext resourcesStart
严重: Error starting static Resources
java.lang.IllegalArgumentException: Document base D:\Code_base\yes\test\Config\YigoApp\Data does not exist or is not a readable directory
	at org.apache.naming.resources.FileDirContext.setDocBase(FileDirContext.java:138)
	at org.apache.catalina.core.StandardContext.resourcesStart(StandardContext.java:5055)
	at org.apache.catalina.core.StandardContext.startInternal(StandardContext.java:5235)
	at org.apache.catalina.util.LifecycleBase.start(LifecycleBase.java:150)
	at org.apache.catalina.core.ContainerBase.addChildInternal(ContainerBase.java:901)
	at org.apache.catalina.core.ContainerBase.addChild(ContainerBase.java:877)
	at org.apache.catalina.core.StandardHost.addChild(StandardHost.java:633)
	at org.apache.catalina.startup.HostConfig.deployDescriptor(HostConfig.java:656)
	at org.apache.catalina.startup.HostConfig$DeployDescriptor.run(HostConfig.java:1635)
	at java.util.concurrent.Executors$RunnableAdapter.call(Executors.java:511)
	at java.util.concurrent.FutureTask.run(FutureTask.java:266)
	at java.util.concurrent.ThreadPoolExecutor.runWorker(ThreadPoolExecutor.java:1142)
	at java.util.concurrent.ThreadPoolExecutor$Worker.run(ThreadPoolExecutor.java:617)
	at java.lang.Thread.run(Thread.java:745)

六月 09, 2015 7:25:09 下午 org.apache.catalina.core.StandardContext startInternal
严重: Error in resourceStart()
六月 09, 2015 7:25:09 下午 org.apache.catalina.core.StandardContext startInternal
严重: Error getConfigured
六月 09, 2015 7:25:09 下午 org.apache.catalina.core.StandardContext startInternal
严重: Context [/path] startup failed due to previous errors
六月 09, 2015 7:25:09 下午 org.apache.catalina.startup.HostConfig deployDescriptor
信息: Deploying configuration descriptor D:\Env\Tomcat 7.0\conf\Catalina\localhost\yes.xml
六月 09, 2015 7:25:09 下午 org.apache.catalina.core.StandardContext resourcesStart
严重: Error starting static Resources
java.lang.IllegalArgumentException: Document base D:\Code_base\yes\project\yes-webapp\src\main\webapp does not exist or is not a readable directory
	at org.apache.naming.resources.FileDirContext.setDocBase(FileDirContext.java:138)
	at org.apache.catalina.core.StandardContext.resourcesStart(StandardContext.java:5055)
	at org.apache.catalina.core.StandardContext.startInternal(StandardContext.java:5235)
	at org.apache.catalina.util.LifecycleBase.start(LifecycleBase.java:150)
	at org.apache.catalina.core.ContainerBase.addChildInternal(ContainerBase.java:901)
	at org.apache.catalina.core.ContainerBase.addChild(ContainerBase.java:877)
	at org.apache.catalina.core.StandardHost.addChild(StandardHost.java:633)
	at org.apache.catalina.startup.HostConfig.deployDescriptor(HostConfig.java:656)
	at org.apache.catalina.startup.HostConfig$DeployDescriptor.run(HostConfig.java:1635)
	at java.util.concurrent.Executors$RunnableAdapter.call(Executors.java:511)
	at java.util.concurrent.FutureTask.run(FutureTask.java:266)
	at java.util.concurrent.ThreadPoolExecutor.runWorker(ThreadPoolExecutor.java:1142)
	at java.util.concurrent.ThreadPoolExecutor$Worker.run(ThreadPoolExecutor.java:617)
	at java.lang.Thread.run(Thread.java:745)

六月 09, 2015 7:25:09 下午 org.apache.catalina.core.StandardContext startInternal
严重: Error in resourceStart()
六月 09, 2015 7:25:09 下午 org.apache.catalina.core.StandardContext startInternal
严重: Error getConfigured
六月 09, 2015 7:25:09 下午 org.apache.catalina.core.StandardContext startInternal
严重: Context [/yes] startup failed due to previous errors
六月 09, 2015 7:25:09 下午 org.apache.catalina.startup.HostConfig deployDirectory
信息: Deploying web application directory D:\Env\Tomcat 7.0\webapps\docs
六月 09, 2015 7:25:09 下午 org.apache.catalina.startup.HostConfig deployDirectory
信息: Deploying web application directory D:\Env\Tomcat 7.0\webapps\examples
六月 09, 2015 7:25:09 下午 org.apache.catalina.startup.HostConfig deployDirectory
信息: Deploying web application directory D:\Env\Tomcat 7.0\webapps\host-manager
六月 09, 2015 7:25:09 下午 org.apache.catalina.startup.HostConfig deployDirectory
信息: Deploying web application directory D:\Env\Tomcat 7.0\webapps\manager
六月 09, 2015 7:25:09 下午 org.apache.catalina.startup.HostConfig deployDirectory
信息: Deploying web application directory D:\Env\Tomcat 7.0\webapps\ROOT
六月 09, 2015 7:25:09 下午 org.apache.catalina.startup.HostConfig deployDirectory
信息: Deploying web application directory D:\Env\Tomcat 7.0\webapps\yigo
六月 09, 2015 7:25:09 下午 org.apache.catalina.loader.WebappClassLoader validateJarFile
信息: validateJarFile(D:\Env\Tomcat 7.0\webapps\yigo\WEB-INF\lib\el-api-6.0.44.jar) - jar not loaded. See Servlet Spec 2.3, section 9.7.2. Offending class: javax/el/Expression.class
六月 09, 2015 7:25:09 下午 org.apache.catalina.loader.WebappClassLoader validateJarFile
信息: validateJarFile(D:\Env\Tomcat 7.0\webapps\yigo\WEB-INF\lib\servlet-api-6.0.44.jar) - jar not loaded. See Servlet Spec 2.3, section 9.7.2. Offending class: javax/servlet/Servlet.class
六月 09, 2015 7:25:11 下午 org.apache.coyote.AbstractProtocol start
信息: Starting ProtocolHandler ["http-apr-8089"]
六月 09, 2015 7:25:11 下午 org.apache.coyote.AbstractProtocol start
信息: Starting ProtocolHandler ["ajp-apr-8009"]
六月 09, 2015 7:25:11 下午 org.apache.catalina.startup.Catalina start
信息: Server startup in 2359 ms
六月 09, 2015 7:53:27 下午 org.apache.catalina.core.AprLifecycleListener init
信息: Loaded APR based Apache Tomcat Native library 1.1.27 using APR version 1.4.6.
六月 09, 2015 7:53:27 下午 org.apache.catalina.core.AprLifecycleListener init
信息: APR capabilities: IPv6 [true], sendfile [true], accept filters [false], random [true].
六月 09, 2015 7:53:28 下午 org.apache.catalina.core.AprLifecycleListener initializeSSL
信息: OpenSSL successfully initialized (OpenSSL 1.0.1d 5 Feb 2013)
六月 09, 2015 7:53:28 下午 org.apache.coyote.AbstractProtocol init
信息: Initializing ProtocolHandler ["http-apr-8089"]
六月 09, 2015 7:53:28 下午 org.apache.coyote.AbstractProtocol init
信息: Initializing ProtocolHandler ["ajp-apr-8009"]
六月 09, 2015 7:53:28 下午 org.apache.catalina.startup.Catalina load
信息: Initialization processed in 1351 ms
六月 09, 2015 7:53:28 下午 org.apache.catalina.core.StandardService startInternal
信息: Starting service Catalina
六月 09, 2015 7:53:28 下午 org.apache.catalina.core.StandardEngine startInternal
信息: Starting Servlet Engine: Apache Tomcat/7.0.42
六月 09, 2015 7:53:28 下午 org.apache.catalina.startup.HostConfig deployDescriptor
信息: Deploying configuration descriptor D:\Env\Tomcat 7.0\conf\Catalina\localhost\path.xml
六月 09, 2015 7:53:28 下午 org.apache.catalina.core.StandardContext resourcesStart
严重: Error starting static Resources
java.lang.IllegalArgumentException: Document base D:\Code_base\yes\test\Config\YigoApp\Data does not exist or is not a readable directory
	at org.apache.naming.resources.FileDirContext.setDocBase(FileDirContext.java:138)
	at org.apache.catalina.core.StandardContext.resourcesStart(StandardContext.java:5055)
	at org.apache.catalina.core.StandardContext.startInternal(StandardContext.java:5235)
	at org.apache.catalina.util.LifecycleBase.start(LifecycleBase.java:150)
	at org.apache.catalina.core.ContainerBase.addChildInternal(ContainerBase.java:901)
	at org.apache.catalina.core.ContainerBase.addChild(ContainerBase.java:877)
	at org.apache.catalina.core.StandardHost.addChild(StandardHost.java:633)
	at org.apache.catalina.startup.HostConfig.deployDescriptor(HostConfig.java:656)
	at org.apache.catalina.startup.HostConfig$DeployDescriptor.run(HostConfig.java:1635)
	at java.util.concurrent.Executors$RunnableAdapter.call(Executors.java:511)
	at java.util.concurrent.FutureTask.run(FutureTask.java:266)
	at java.util.concurrent.ThreadPoolExecutor.runWorker(ThreadPoolExecutor.java:1142)
	at java.util.concurrent.ThreadPoolExecutor$Worker.run(ThreadPoolExecutor.java:617)
	at java.lang.Thread.run(Thread.java:745)

六月 09, 2015 7:53:28 下午 org.apache.catalina.core.StandardContext startInternal
严重: Error in resourceStart()
六月 09, 2015 7:53:28 下午 org.apache.catalina.core.StandardContext startInternal
严重: Error getConfigured
六月 09, 2015 7:53:28 下午 org.apache.catalina.core.StandardContext startInternal
严重: Context [/path] startup failed due to previous errors
六月 09, 2015 7:53:28 下午 org.apache.catalina.startup.HostConfig deployDescriptor
信息: Deploying configuration descriptor D:\Env\Tomcat 7.0\conf\Catalina\localhost\yes.xml
六月 09, 2015 7:53:28 下午 org.apache.catalina.core.StandardContext resourcesStart
严重: Error starting static Resources
java.lang.IllegalArgumentException: Document base D:\Code_base\yes\project\yes-webapp\src\main\webapp does not exist or is not a readable directory
	at org.apache.naming.resources.FileDirContext.setDocBase(FileDirContext.java:138)
	at org.apache.catalina.core.StandardContext.resourcesStart(StandardContext.java:5055)
	at org.apache.catalina.core.StandardContext.startInternal(StandardContext.java:5235)
	at org.apache.catalina.util.LifecycleBase.start(LifecycleBase.java:150)
	at org.apache.catalina.core.ContainerBase.addChildInternal(ContainerBase.java:901)
	at org.apache.catalina.core.ContainerBase.addChild(ContainerBase.java:877)
	at org.apache.catalina.core.StandardHost.addChild(StandardHost.java:633)
	at org.apache.catalina.startup.HostConfig.deployDescriptor(HostConfig.java:656)
	at org.apache.catalina.startup.HostConfig$DeployDescriptor.run(HostConfig.java:1635)
	at java.util.concurrent.Executors$RunnableAdapter.call(Executors.java:511)
	at java.util.concurrent.FutureTask.run(FutureTask.java:266)
	at java.util.concurrent.ThreadPoolExecutor.runWorker(ThreadPoolExecutor.java:1142)
	at java.util.concurrent.ThreadPoolExecutor$Worker.run(ThreadPoolExecutor.java:617)
	at java.lang.Thread.run(Thread.java:745)

六月 09, 2015 7:53:28 下午 org.apache.catalina.core.StandardContext startInternal
严重: Error in resourceStart()
六月 09, 2015 7:53:28 下午 org.apache.catalina.core.StandardContext startInternal
严重: Error getConfigured
六月 09, 2015 7:53:28 下午 org.apache.catalina.core.StandardContext startInternal
严重: Context [/yes] startup failed due to previous errors
六月 09, 2015 7:53:28 下午 org.apache.catalina.startup.HostConfig deployDirectory
信息: Deploying web application directory D:\Env\Tomcat 7.0\webapps\docs
六月 09, 2015 7:53:28 下午 org.apache.catalina.startup.HostConfig deployDirectory
信息: Deploying web application directory D:\Env\Tomcat 7.0\webapps\examples
六月 09, 2015 7:53:29 下午 org.apache.catalina.startup.HostConfig deployDirectory
信息: Deploying web application directory D:\Env\Tomcat 7.0\webapps\host-manager
六月 09, 2015 7:53:29 下午 org.apache.catalina.startup.HostConfig deployDirectory
信息: Deploying web application directory D:\Env\Tomcat 7.0\webapps\manager
六月 09, 2015 7:53:29 下午 org.apache.catalina.startup.HostConfig deployDirectory
信息: Deploying web application directory D:\Env\Tomcat 7.0\webapps\ROOT
六月 09, 2015 7:53:29 下午 org.apache.catalina.startup.HostConfig deployDirectory
信息: Deploying web application directory D:\Env\Tomcat 7.0\webapps\yigo
六月 09, 2015 7:53:29 下午 org.apache.catalina.loader.WebappClassLoader validateJarFile
信息: validateJarFile(D:\Env\Tomcat 7.0\webapps\yigo\WEB-INF\lib\el-api-6.0.44.jar) - jar not loaded. See Servlet Spec 2.3, section 9.7.2. Offending class: javax/el/Expression.class
六月 09, 2015 7:53:29 下午 org.apache.catalina.loader.WebappClassLoader validateJarFile
信息: validateJarFile(D:\Env\Tomcat 7.0\webapps\yigo\WEB-INF\lib\servlet-api-6.0.44.jar) - jar not loaded. See Servlet Spec 2.3, section 9.7.2. Offending class: javax/servlet/Servlet.class
六月 09, 2015 7:53:32 下午 org.apache.coyote.AbstractProtocol start
信息: Starting ProtocolHandler ["http-apr-8089"]
六月 09, 2015 7:53:33 下午 org.apache.coyote.AbstractProtocol start
信息: Starting ProtocolHandler ["ajp-apr-8009"]
六月 09, 2015 7:53:33 下午 org.apache.catalina.startup.Catalina start
信息: Server startup in 4598 ms
六月 09, 2015 7:53:57 下午 org.apache.catalina.core.AprLifecycleListener init
信息: Loaded APR based Apache Tomcat Native library 1.1.27 using APR version 1.4.6.
六月 09, 2015 7:53:57 下午 org.apache.catalina.core.AprLifecycleListener init
信息: APR capabilities: IPv6 [true], sendfile [true], accept filters [false], random [true].
六月 09, 2015 7:53:58 下午 org.apache.catalina.core.AprLifecycleListener initializeSSL
信息: OpenSSL successfully initialized (OpenSSL 1.0.1d 5 Feb 2013)
六月 09, 2015 7:53:58 下午 org.apache.coyote.AbstractProtocol init
信息: Initializing ProtocolHandler ["http-apr-8089"]
六月 09, 2015 7:53:58 下午 org.apache.coyote.AbstractProtocol init
信息: Initializing ProtocolHandler ["ajp-apr-8009"]
六月 09, 2015 7:53:58 下午 org.apache.catalina.startup.Catalina load
信息: Initialization processed in 884 ms
六月 09, 2015 7:53:58 下午 org.apache.catalina.core.StandardService startInternal
信息: Starting service Catalina
六月 09, 2015 7:53:58 下午 org.apache.catalina.core.StandardEngine startInternal
信息: Starting Servlet Engine: Apache Tomcat/7.0.42
六月 09, 2015 7:53:58 下午 org.apache.catalina.startup.HostConfig deployDescriptor
信息: Deploying configuration descriptor D:\Env\Tomcat 7.0\conf\Catalina\localhost\path.xml
六月 09, 2015 7:53:58 下午 org.apache.catalina.core.StandardContext resourcesStart
严重: Error starting static Resources
java.lang.IllegalArgumentException: Document base D:\Code_base\yes\test\Config\YigoApp\Data does not exist or is not a readable directory
	at org.apache.naming.resources.FileDirContext.setDocBase(FileDirContext.java:138)
	at org.apache.catalina.core.StandardContext.resourcesStart(StandardContext.java:5055)
	at org.apache.catalina.core.StandardContext.startInternal(StandardContext.java:5235)
	at org.apache.catalina.util.LifecycleBase.start(LifecycleBase.java:150)
	at org.apache.catalina.core.ContainerBase.addChildInternal(ContainerBase.java:901)
	at org.apache.catalina.core.ContainerBase.addChild(ContainerBase.java:877)
	at org.apache.catalina.core.StandardHost.addChild(StandardHost.java:633)
	at org.apache.catalina.startup.HostConfig.deployDescriptor(HostConfig.java:656)
	at org.apache.catalina.startup.HostConfig$DeployDescriptor.run(HostConfig.java:1635)
	at java.util.concurrent.Executors$RunnableAdapter.call(Executors.java:511)
	at java.util.concurrent.FutureTask.run(FutureTask.java:266)
	at java.util.concurrent.ThreadPoolExecutor.runWorker(ThreadPoolExecutor.java:1142)
	at java.util.concurrent.ThreadPoolExecutor$Worker.run(ThreadPoolExecutor.java:617)
	at java.lang.Thread.run(Thread.java:745)

六月 09, 2015 7:53:58 下午 org.apache.catalina.core.StandardContext startInternal
严重: Error in resourceStart()
六月 09, 2015 7:53:58 下午 org.apache.catalina.core.StandardContext startInternal
严重: Error getConfigured
六月 09, 2015 7:53:58 下午 org.apache.catalina.core.StandardContext startInternal
严重: Context [/path] startup failed due to previous errors
六月 09, 2015 7:53:58 下午 org.apache.catalina.startup.HostConfig deployDescriptor
信息: Deploying configuration descriptor D:\Env\Tomcat 7.0\conf\Catalina\localhost\yes.xml
六月 09, 2015 7:53:58 下午 org.apache.catalina.core.StandardContext resourcesStart
严重: Error starting static Resources
java.lang.IllegalArgumentException: Document base D:\Code_base\yes\project\yes-webapp\src\main\webapp does not exist or is not a readable directory
	at org.apache.naming.resources.FileDirContext.setDocBase(FileDirContext.java:138)
	at org.apache.catalina.core.StandardContext.resourcesStart(StandardContext.java:5055)
	at org.apache.catalina.core.StandardContext.startInternal(StandardContext.java:5235)
	at org.apache.catalina.util.LifecycleBase.start(LifecycleBase.java:150)
	at org.apache.catalina.core.ContainerBase.addChildInternal(ContainerBase.java:901)
	at org.apache.catalina.core.ContainerBase.addChild(ContainerBase.java:877)
	at org.apache.catalina.core.StandardHost.addChild(StandardHost.java:633)
	at org.apache.catalina.startup.HostConfig.deployDescriptor(HostConfig.java:656)
	at org.apache.catalina.startup.HostConfig$DeployDescriptor.run(HostConfig.java:1635)
	at java.util.concurrent.Executors$RunnableAdapter.call(Executors.java:511)
	at java.util.concurrent.FutureTask.run(FutureTask.java:266)
	at java.util.concurrent.ThreadPoolExecutor.runWorker(ThreadPoolExecutor.java:1142)
	at java.util.concurrent.ThreadPoolExecutor$Worker.run(ThreadPoolExecutor.java:617)
	at java.lang.Thread.run(Thread.java:745)

六月 09, 2015 7:53:58 下午 org.apache.catalina.core.StandardContext startInternal
严重: Error in resourceStart()
六月 09, 2015 7:53:58 下午 org.apache.catalina.core.StandardContext startInternal
严重: Error getConfigured
六月 09, 2015 7:53:58 下午 org.apache.catalina.core.StandardContext startInternal
严重: Context [/yes] startup failed due to previous errors
六月 09, 2015 7:53:58 下午 org.apache.catalina.startup.HostConfig deployDirectory
信息: Deploying web application directory D:\Env\Tomcat 7.0\webapps\docs
六月 09, 2015 7:53:58 下午 org.apache.catalina.startup.HostConfig deployDirectory
信息: Deploying web application directory D:\Env\Tomcat 7.0\webapps\examples
六月 09, 2015 7:53:58 下午 org.apache.catalina.startup.HostConfig deployDirectory
信息: Deploying web application directory D:\Env\Tomcat 7.0\webapps\host-manager
六月 09, 2015 7:53:58 下午 org.apache.catalina.startup.HostConfig deployDirectory
信息: Deploying web application directory D:\Env\Tomcat 7.0\webapps\manager
六月 09, 2015 7:53:58 下午 org.apache.catalina.startup.HostConfig deployDirectory
信息: Deploying web application directory D:\Env\Tomcat 7.0\webapps\ROOT
六月 09, 2015 7:53:58 下午 org.apache.catalina.startup.HostConfig deployDirectory
信息: Deploying web application directory D:\Env\Tomcat 7.0\webapps\yigo
六月 09, 2015 7:53:58 下午 org.apache.catalina.loader.WebappClassLoader validateJarFile
信息: validateJarFile(D:\Env\Tomcat 7.0\webapps\yigo\WEB-INF\lib\el-api-6.0.44.jar) - jar not loaded. See Servlet Spec 2.3, section 9.7.2. Offending class: javax/el/Expression.class
六月 09, 2015 7:53:58 下午 org.apache.catalina.loader.WebappClassLoader validateJarFile
信息: validateJarFile(D:\Env\Tomcat 7.0\webapps\yigo\WEB-INF\lib\servlet-api-6.0.44.jar) - jar not loaded. See Servlet Spec 2.3, section 9.7.2. Offending class: javax/servlet/Servlet.class
六月 09, 2015 7:54:00 下午 org.apache.coyote.AbstractProtocol start
信息: Starting ProtocolHandler ["http-apr-8089"]
六月 09, 2015 7:54:00 下午 org.apache.coyote.AbstractProtocol start
信息: Starting ProtocolHandler ["ajp-apr-8009"]
六月 09, 2015 7:54:00 下午 org.apache.catalina.startup.Catalina start
信息: Server startup in 2342 ms
六月 09, 2015 7:56:19 下午 org.apache.coyote.AbstractProtocol pause
信息: Pausing ProtocolHandler ["http-apr-8089"]
六月 09, 2015 7:56:19 下午 org.apache.coyote.AbstractProtocol pause
信息: Pausing ProtocolHandler ["ajp-apr-8009"]
六月 09, 2015 7:56:19 下午 org.apache.catalina.core.StandardService stopInternal
信息: Stopping service Catalina
六月 09, 2015 7:56:19 下午 org.apache.catalina.loader.WebappClassLoader clearReferencesJdbc
严重: The web application [/yigo] registered the JDBC driver [com.microsoft.sqlserver.jdbc.SQLServerDriver] but failed to unregister it when the web application was stopped. To prevent a memory leak, the JDBC Driver has been forcibly unregistered.
六月 09, 2015 7:56:19 下午 org.apache.catalina.loader.WebappClassLoader clearReferencesThreads
严重: The web application [/yigo] appears to have started a thread named [__DEFAULT__] but has failed to stop it. This is very likely to create a memory leak.
六月 09, 2015 7:56:19 下午 org.apache.catalina.loader.WebappClassLoader clearReferencesThreads
严重: The web application [/yigo] appears to have started a thread named [session%0043ache.data] but has failed to stop it. This is very likely to create a memory leak.
六月 09, 2015 7:56:19 下午 org.apache.catalina.loader.WebappClassLoader clearReferencesThreads
严重: The web application [/yigo] appears to have started a thread named [Statistics Thread-__DEFAULT__-1] but has failed to stop it. This is very likely to create a memory leak.
六月 09, 2015 7:56:19 下午 org.apache.catalina.loader.WebappClassLoader clearReferencesThreads
严重: The web application [/yigo] appears to have started a thread named [CheckSessionScheduler_Worker-1] but has failed to stop it. This is very likely to create a memory leak.
六月 09, 2015 7:56:19 下午 org.apache.catalina.loader.WebappClassLoader clearReferencesThreads
严重: The web application [/yigo] appears to have started a thread named [CheckSessionScheduler_Worker-2] but has failed to stop it. This is very likely to create a memory leak.
六月 09, 2015 7:56:19 下午 org.apache.catalina.loader.WebappClassLoader clearReferencesThreads
严重: The web application [/yigo] appears to have started a thread named [CheckSessionScheduler_Worker-3] but has failed to stop it. This is very likely to create a memory leak.
六月 09, 2015 7:56:19 下午 org.apache.catalina.loader.WebappClassLoader clearReferencesThreads
严重: The web application [/yigo] appears to have started a thread named [Timer-1] but has failed to stop it. This is very likely to create a memory leak.
六月 09, 2015 7:56:19 下午 org.apache.coyote.AbstractProtocol stop
信息: Stopping ProtocolHandler ["http-apr-8089"]
六月 09, 2015 7:56:19 下午 org.apache.coyote.AbstractProtocol stop
信息: Stopping ProtocolHandler ["ajp-apr-8009"]
六月 09, 2015 7:56:19 下午 org.apache.coyote.AbstractProtocol destroy
信息: Destroying ProtocolHandler ["http-apr-8089"]
六月 09, 2015 7:56:19 下午 org.apache.coyote.AbstractProtocol destroy
信息: Destroying ProtocolHandler ["ajp-apr-8009"]
六月 09, 2015 7:57:31 下午 org.apache.catalina.core.AprLifecycleListener init
信息: Loaded APR based Apache Tomcat Native library 1.1.27 using APR version 1.4.6.
六月 09, 2015 7:57:31 下午 org.apache.catalina.core.AprLifecycleListener init
信息: APR capabilities: IPv6 [true], sendfile [true], accept filters [false], random [true].
六月 09, 2015 7:57:31 下午 org.apache.catalina.core.AprLifecycleListener initializeSSL
信息: OpenSSL successfully initialized (OpenSSL 1.0.1d 5 Feb 2013)
六月 09, 2015 7:57:31 下午 org.apache.coyote.AbstractProtocol init
信息: Initializing ProtocolHandler ["http-apr-8089"]
六月 09, 2015 7:57:31 下午 org.apache.coyote.AbstractProtocol init
信息: Initializing ProtocolHandler ["ajp-apr-8009"]
六月 09, 2015 7:57:31 下午 org.apache.catalina.startup.Catalina load
信息: Initialization processed in 884 ms
六月 09, 2015 7:57:31 下午 org.apache.catalina.core.StandardService startInternal
信息: Starting service Catalina
六月 09, 2015 7:57:31 下午 org.apache.catalina.core.StandardEngine startInternal
信息: Starting Servlet Engine: Apache Tomcat/7.0.42
六月 09, 2015 7:57:31 下午 org.apache.catalina.startup.HostConfig deployDescriptor
信息: Deploying configuration descriptor D:\Env\Tomcat 7.0\conf\Catalina\localhost\path.xml
六月 09, 2015 7:57:31 下午 org.apache.catalina.core.StandardContext resourcesStart
严重: Error starting static Resources
java.lang.IllegalArgumentException: Document base D:\Code_base\yes\test\Config\YigoApp\Data does not exist or is not a readable directory
	at org.apache.naming.resources.FileDirContext.setDocBase(FileDirContext.java:138)
	at org.apache.catalina.core.StandardContext.resourcesStart(StandardContext.java:5055)
	at org.apache.catalina.core.StandardContext.startInternal(StandardContext.java:5235)
	at org.apache.catalina.util.LifecycleBase.start(LifecycleBase.java:150)
	at org.apache.catalina.core.ContainerBase.addChildInternal(ContainerBase.java:901)
	at org.apache.catalina.core.ContainerBase.addChild(ContainerBase.java:877)
	at org.apache.catalina.core.StandardHost.addChild(StandardHost.java:633)
	at org.apache.catalina.startup.HostConfig.deployDescriptor(HostConfig.java:656)
	at org.apache.catalina.startup.HostConfig$DeployDescriptor.run(HostConfig.java:1635)
	at java.util.concurrent.Executors$RunnableAdapter.call(Executors.java:511)
	at java.util.concurrent.FutureTask.run(FutureTask.java:266)
	at java.util.concurrent.ThreadPoolExecutor.runWorker(ThreadPoolExecutor.java:1142)
	at java.util.concurrent.ThreadPoolExecutor$Worker.run(ThreadPoolExecutor.java:617)
	at java.lang.Thread.run(Thread.java:745)

六月 09, 2015 7:57:31 下午 org.apache.catalina.core.StandardContext startInternal
严重: Error in resourceStart()
六月 09, 2015 7:57:31 下午 org.apache.catalina.core.StandardContext startInternal
严重: Error getConfigured
六月 09, 2015 7:57:31 下午 org.apache.catalina.core.StandardContext startInternal
严重: Context [/path] startup failed due to previous errors
六月 09, 2015 7:57:31 下午 org.apache.catalina.startup.HostConfig deployDescriptor
信息: Deploying configuration descriptor D:\Env\Tomcat 7.0\conf\Catalina\localhost\yes.xml
六月 09, 2015 7:57:31 下午 org.apache.catalina.core.StandardContext resourcesStart
严重: Error starting static Resources
java.lang.IllegalArgumentException: Document base D:\Code_base\yes\project\yes-webapp\src\main\webapp does not exist or is not a readable directory
	at org.apache.naming.resources.FileDirContext.setDocBase(FileDirContext.java:138)
	at org.apache.catalina.core.StandardContext.resourcesStart(StandardContext.java:5055)
	at org.apache.catalina.core.StandardContext.startInternal(StandardContext.java:5235)
	at org.apache.catalina.util.LifecycleBase.start(LifecycleBase.java:150)
	at org.apache.catalina.core.ContainerBase.addChildInternal(ContainerBase.java:901)
	at org.apache.catalina.core.ContainerBase.addChild(ContainerBase.java:877)
	at org.apache.catalina.core.StandardHost.addChild(StandardHost.java:633)
	at org.apache.catalina.startup.HostConfig.deployDescriptor(HostConfig.java:656)
	at org.apache.catalina.startup.HostConfig$DeployDescriptor.run(HostConfig.java:1635)
	at java.util.concurrent.Executors$RunnableAdapter.call(Executors.java:511)
	at java.util.concurrent.FutureTask.run(FutureTask.java:266)
	at java.util.concurrent.ThreadPoolExecutor.runWorker(ThreadPoolExecutor.java:1142)
	at java.util.concurrent.ThreadPoolExecutor$Worker.run(ThreadPoolExecutor.java:617)
	at java.lang.Thread.run(Thread.java:745)

六月 09, 2015 7:57:31 下午 org.apache.catalina.core.StandardContext startInternal
严重: Error in resourceStart()
六月 09, 2015 7:57:31 下午 org.apache.catalina.core.StandardContext startInternal
严重: Error getConfigured
六月 09, 2015 7:57:31 下午 org.apache.catalina.core.StandardContext startInternal
严重: Context [/yes] startup failed due to previous errors
六月 09, 2015 7:57:31 下午 org.apache.catalina.startup.HostConfig deployDirectory
信息: Deploying web application directory D:\Env\Tomcat 7.0\webapps\docs
六月 09, 2015 7:57:31 下午 org.apache.catalina.startup.HostConfig deployDirectory
信息: Deploying web application directory D:\Env\Tomcat 7.0\webapps\examples
六月 09, 2015 7:57:32 下午 org.apache.catalina.startup.HostConfig deployDirectory
信息: Deploying web application directory D:\Env\Tomcat 7.0\webapps\host-manager
六月 09, 2015 7:57:32 下午 org.apache.catalina.startup.HostConfig deployDirectory
信息: Deploying web application directory D:\Env\Tomcat 7.0\webapps\manager
六月 09, 2015 7:57:32 下午 org.apache.catalina.startup.HostConfig deployDirectory
信息: Deploying web application directory D:\Env\Tomcat 7.0\webapps\ROOT
六月 09, 2015 7:57:32 下午 org.apache.catalina.startup.HostConfig deployDirectory
信息: Deploying web application directory D:\Env\Tomcat 7.0\webapps\yigo
六月 09, 2015 7:57:32 下午 org.apache.catalina.loader.WebappClassLoader validateJarFile
信息: validateJarFile(D:\Env\Tomcat 7.0\webapps\yigo\WEB-INF\lib\el-api-6.0.44.jar) - jar not loaded. See Servlet Spec 2.3, section 9.7.2. Offending class: javax/el/Expression.class
六月 09, 2015 7:57:32 下午 org.apache.catalina.loader.WebappClassLoader validateJarFile
信息: validateJarFile(D:\Env\Tomcat 7.0\webapps\yigo\WEB-INF\lib\servlet-api-6.0.44.jar) - jar not loaded. See Servlet Spec 2.3, section 9.7.2. Offending class: javax/servlet/Servlet.class
六月 09, 2015 7:57:34 下午 org.apache.coyote.AbstractProtocol start
信息: Starting ProtocolHandler ["http-apr-8089"]
六月 09, 2015 7:57:34 下午 org.apache.coyote.AbstractProtocol start
信息: Starting ProtocolHandler ["ajp-apr-8009"]
六月 09, 2015 7:57:34 下午 org.apache.catalina.startup.Catalina start
信息: Server startup in 2366 ms
六月 09, 2015 8:15:39 下午 org.apache.catalina.core.AprLifecycleListener init
信息: Loaded APR based Apache Tomcat Native library 1.1.27 using APR version 1.4.6.
六月 09, 2015 8:15:39 下午 org.apache.catalina.core.AprLifecycleListener init
信息: APR capabilities: IPv6 [true], sendfile [true], accept filters [false], random [true].
六月 09, 2015 8:15:40 下午 org.apache.catalina.core.AprLifecycleListener initializeSSL
信息: OpenSSL successfully initialized (OpenSSL 1.0.1d 5 Feb 2013)
六月 09, 2015 8:15:40 下午 org.apache.coyote.AbstractProtocol init
信息: Initializing ProtocolHandler ["http-apr-8089"]
六月 09, 2015 8:15:40 下午 org.apache.coyote.AbstractProtocol init
信息: Initializing ProtocolHandler ["ajp-apr-8009"]
六月 09, 2015 8:15:40 下午 org.apache.catalina.startup.Catalina load
信息: Initialization processed in 1298 ms
六月 09, 2015 8:15:40 下午 org.apache.catalina.core.StandardService startInternal
信息: Starting service Catalina
六月 09, 2015 8:15:40 下午 org.apache.catalina.core.StandardEngine startInternal
信息: Starting Servlet Engine: Apache Tomcat/7.0.42
六月 09, 2015 8:15:40 下午 org.apache.catalina.startup.HostConfig deployDescriptor
信息: Deploying configuration descriptor D:\Env\Tomcat 7.0\conf\Catalina\localhost\path.xml
六月 09, 2015 8:15:40 下午 org.apache.catalina.core.StandardContext resourcesStart
严重: Error starting static Resources
java.lang.IllegalArgumentException: Document base D:\Code_base\yes\test\Config\YigoApp\Data does not exist or is not a readable directory
	at org.apache.naming.resources.FileDirContext.setDocBase(FileDirContext.java:138)
	at org.apache.catalina.core.StandardContext.resourcesStart(StandardContext.java:5055)
	at org.apache.catalina.core.StandardContext.startInternal(StandardContext.java:5235)
	at org.apache.catalina.util.LifecycleBase.start(LifecycleBase.java:150)
	at org.apache.catalina.core.ContainerBase.addChildInternal(ContainerBase.java:901)
	at org.apache.catalina.core.ContainerBase.addChild(ContainerBase.java:877)
	at org.apache.catalina.core.StandardHost.addChild(StandardHost.java:633)
	at org.apache.catalina.startup.HostConfig.deployDescriptor(HostConfig.java:656)
	at org.apache.catalina.startup.HostConfig$DeployDescriptor.run(HostConfig.java:1635)
	at java.util.concurrent.Executors$RunnableAdapter.call(Executors.java:511)
	at java.util.concurrent.FutureTask.run(FutureTask.java:266)
	at java.util.concurrent.ThreadPoolExecutor.runWorker(ThreadPoolExecutor.java:1142)
	at java.util.concurrent.ThreadPoolExecutor$Worker.run(ThreadPoolExecutor.java:617)
	at java.lang.Thread.run(Thread.java:745)

六月 09, 2015 8:15:40 下午 org.apache.catalina.core.StandardContext startInternal
严重: Error in resourceStart()
六月 09, 2015 8:15:40 下午 org.apache.catalina.core.StandardContext startInternal
严重: Error getConfigured
六月 09, 2015 8:15:40 下午 org.apache.catalina.core.StandardContext startInternal
严重: Context [/path] startup failed due to previous errors
六月 09, 2015 8:15:40 下午 org.apache.catalina.startup.HostConfig deployDescriptor
信息: Deploying configuration descriptor D:\Env\Tomcat 7.0\conf\Catalina\localhost\yes.xml
六月 09, 2015 8:15:40 下午 org.apache.catalina.core.StandardContext resourcesStart
严重: Error starting static Resources
java.lang.IllegalArgumentException: Document base D:\Code_base\yes\project\yes-webapp\src\main\webapp does not exist or is not a readable directory
	at org.apache.naming.resources.FileDirContext.setDocBase(FileDirContext.java:138)
	at org.apache.catalina.core.StandardContext.resourcesStart(StandardContext.java:5055)
	at org.apache.catalina.core.StandardContext.startInternal(StandardContext.java:5235)
	at org.apache.catalina.util.LifecycleBase.start(LifecycleBase.java:150)
	at org.apache.catalina.core.ContainerBase.addChildInternal(ContainerBase.java:901)
	at org.apache.catalina.core.ContainerBase.addChild(ContainerBase.java:877)
	at org.apache.catalina.core.StandardHost.addChild(StandardHost.java:633)
	at org.apache.catalina.startup.HostConfig.deployDescriptor(HostConfig.java:656)
	at org.apache.catalina.startup.HostConfig$DeployDescriptor.run(HostConfig.java:1635)
	at java.util.concurrent.Executors$RunnableAdapter.call(Executors.java:511)
	at java.util.concurrent.FutureTask.run(FutureTask.java:266)
	at java.util.concurrent.ThreadPoolExecutor.runWorker(ThreadPoolExecutor.java:1142)
	at java.util.concurrent.ThreadPoolExecutor$Worker.run(ThreadPoolExecutor.java:617)
	at java.lang.Thread.run(Thread.java:745)

六月 09, 2015 8:15:40 下午 org.apache.catalina.core.StandardContext startInternal
严重: Error in resourceStart()
六月 09, 2015 8:15:40 下午 org.apache.catalina.core.StandardContext startInternal
严重: Error getConfigured
六月 09, 2015 8:15:40 下午 org.apache.catalina.core.StandardContext startInternal
严重: Context [/yes] startup failed due to previous errors
六月 09, 2015 8:15:40 下午 org.apache.catalina.startup.HostConfig deployDirectory
信息: Deploying web application directory D:\Env\Tomcat 7.0\webapps\docs
六月 09, 2015 8:15:41 下午 org.apache.catalina.startup.HostConfig deployDirectory
信息: Deploying web application directory D:\Env\Tomcat 7.0\webapps\examples
六月 09, 2015 8:15:41 下午 org.apache.catalina.startup.HostConfig deployDirectory
信息: Deploying web application directory D:\Env\Tomcat 7.0\webapps\host-manager
六月 09, 2015 8:15:41 下午 org.apache.catalina.startup.HostConfig deployDirectory
信息: Deploying web application directory D:\Env\Tomcat 7.0\webapps\manager
六月 09, 2015 8:15:41 下午 org.apache.catalina.startup.HostConfig deployDirectory
信息: Deploying web application directory D:\Env\Tomcat 7.0\webapps\ROOT
六月 09, 2015 8:15:41 下午 org.apache.catalina.startup.HostConfig deployDirectory
信息: Deploying web application directory D:\Env\Tomcat 7.0\webapps\yigo
六月 09, 2015 8:15:41 下午 org.apache.catalina.loader.WebappClassLoader validateJarFile
信息: validateJarFile(D:\Env\Tomcat 7.0\webapps\yigo\WEB-INF\lib\el-api-6.0.44.jar) - jar not loaded. See Servlet Spec 2.3, section 9.7.2. Offending class: javax/el/Expression.class
六月 09, 2015 8:15:41 下午 org.apache.catalina.loader.WebappClassLoader validateJarFile
信息: validateJarFile(D:\Env\Tomcat 7.0\webapps\yigo\WEB-INF\lib\servlet-api-6.0.44.jar) - jar not loaded. See Servlet Spec 2.3, section 9.7.2. Offending class: javax/servlet/Servlet.class
六月 09, 2015 8:15:44 下午 org.apache.coyote.AbstractProtocol start
信息: Starting ProtocolHandler ["http-apr-8089"]
六月 09, 2015 8:15:44 下午 org.apache.coyote.AbstractProtocol start
信息: Starting ProtocolHandler ["ajp-apr-8009"]
六月 09, 2015 8:15:44 下午 org.apache.catalina.startup.Catalina start
信息: Server startup in 4245 ms
六月 09, 2015 8:18:12 下午 org.apache.catalina.core.AprLifecycleListener init
信息: Loaded APR based Apache Tomcat Native library 1.1.27 using APR version 1.4.6.
六月 09, 2015 8:18:12 下午 org.apache.catalina.core.AprLifecycleListener init
信息: APR capabilities: IPv6 [true], sendfile [true], accept filters [false], random [true].
六月 09, 2015 8:18:12 下午 org.apache.catalina.core.AprLifecycleListener initializeSSL
信息: OpenSSL successfully initialized (OpenSSL 1.0.1d 5 Feb 2013)
六月 09, 2015 8:18:12 下午 org.apache.coyote.AbstractProtocol init
信息: Initializing ProtocolHandler ["http-apr-8089"]
六月 09, 2015 8:18:12 下午 org.apache.coyote.AbstractProtocol init
信息: Initializing ProtocolHandler ["ajp-apr-8009"]
六月 09, 2015 8:18:12 下午 org.apache.catalina.startup.Catalina load
信息: Initialization processed in 871 ms
六月 09, 2015 8:18:12 下午 org.apache.catalina.core.StandardService startInternal
信息: Starting service Catalina
六月 09, 2015 8:18:12 下午 org.apache.catalina.core.StandardEngine startInternal
信息: Starting Servlet Engine: Apache Tomcat/7.0.42
六月 09, 2015 8:18:12 下午 org.apache.catalina.startup.HostConfig deployDescriptor
信息: Deploying configuration descriptor D:\Env\Tomcat 7.0\conf\Catalina\localhost\path.xml
六月 09, 2015 8:18:12 下午 org.apache.catalina.core.StandardContext resourcesStart
严重: Error starting static Resources
java.lang.IllegalArgumentException: Document base D:\Code_base\yes\test\Config\YigoApp\Data does not exist or is not a readable directory
	at org.apache.naming.resources.FileDirContext.setDocBase(FileDirContext.java:138)
	at org.apache.catalina.core.StandardContext.resourcesStart(StandardContext.java:5055)
	at org.apache.catalina.core.StandardContext.startInternal(StandardContext.java:5235)
	at org.apache.catalina.util.LifecycleBase.start(LifecycleBase.java:150)
	at org.apache.catalina.core.ContainerBase.addChildInternal(ContainerBase.java:901)
	at org.apache.catalina.core.ContainerBase.addChild(ContainerBase.java:877)
	at org.apache.catalina.core.StandardHost.addChild(StandardHost.java:633)
	at org.apache.catalina.startup.HostConfig.deployDescriptor(HostConfig.java:656)
	at org.apache.catalina.startup.HostConfig$DeployDescriptor.run(HostConfig.java:1635)
	at java.util.concurrent.Executors$RunnableAdapter.call(Executors.java:511)
	at java.util.concurrent.FutureTask.run(FutureTask.java:266)
	at java.util.concurrent.ThreadPoolExecutor.runWorker(ThreadPoolExecutor.java:1142)
	at java.util.concurrent.ThreadPoolExecutor$Worker.run(ThreadPoolExecutor.java:617)
	at java.lang.Thread.run(Thread.java:745)

六月 09, 2015 8:18:12 下午 org.apache.catalina.core.StandardContext startInternal
严重: Error in resourceStart()
六月 09, 2015 8:18:12 下午 org.apache.catalina.core.StandardContext startInternal
严重: Error getConfigured
六月 09, 2015 8:18:12 下午 org.apache.catalina.core.StandardContext startInternal
严重: Context [/path] startup failed due to previous errors
六月 09, 2015 8:18:12 下午 org.apache.catalina.startup.HostConfig deployDescriptor
信息: Deploying configuration descriptor D:\Env\Tomcat 7.0\conf\Catalina\localhost\yes.xml
六月 09, 2015 8:18:12 下午 org.apache.catalina.core.StandardContext resourcesStart
严重: Error starting static Resources
java.lang.IllegalArgumentException: Document base D:\Code_base\yes\project\yes-webapp\src\main\webapp does not exist or is not a readable directory
	at org.apache.naming.resources.FileDirContext.setDocBase(FileDirContext.java:138)
	at org.apache.catalina.core.StandardContext.resourcesStart(StandardContext.java:5055)
	at org.apache.catalina.core.StandardContext.startInternal(StandardContext.java:5235)
	at org.apache.catalina.util.LifecycleBase.start(LifecycleBase.java:150)
	at org.apache.catalina.core.ContainerBase.addChildInternal(ContainerBase.java:901)
	at org.apache.catalina.core.ContainerBase.addChild(ContainerBase.java:877)
	at org.apache.catalina.core.StandardHost.addChild(StandardHost.java:633)
	at org.apache.catalina.startup.HostConfig.deployDescriptor(HostConfig.java:656)
	at org.apache.catalina.startup.HostConfig$DeployDescriptor.run(HostConfig.java:1635)
	at java.util.concurrent.Executors$RunnableAdapter.call(Executors.java:511)
	at java.util.concurrent.FutureTask.run(FutureTask.java:266)
	at java.util.concurrent.ThreadPoolExecutor.runWorker(ThreadPoolExecutor.java:1142)
	at java.util.concurrent.ThreadPoolExecutor$Worker.run(ThreadPoolExecutor.java:617)
	at java.lang.Thread.run(Thread.java:745)

六月 09, 2015 8:18:12 下午 org.apache.catalina.core.StandardContext startInternal
严重: Error in resourceStart()
六月 09, 2015 8:18:12 下午 org.apache.catalina.core.StandardContext startInternal
严重: Error getConfigured
六月 09, 2015 8:18:12 下午 org.apache.catalina.core.StandardContext startInternal
严重: Context [/yes] startup failed due to previous errors
六月 09, 2015 8:18:12 下午 org.apache.catalina.startup.HostConfig deployDirectory
信息: Deploying web application directory D:\Env\Tomcat 7.0\webapps\docs
六月 09, 2015 8:18:12 下午 org.apache.catalina.startup.HostConfig deployDirectory
信息: Deploying web application directory D:\Env\Tomcat 7.0\webapps\examples
六月 09, 2015 8:18:13 下午 org.apache.catalina.startup.HostConfig deployDirectory
信息: Deploying web application directory D:\Env\Tomcat 7.0\webapps\host-manager
六月 09, 2015 8:18:13 下午 org.apache.catalina.startup.HostConfig deployDirectory
信息: Deploying web application directory D:\Env\Tomcat 7.0\webapps\manager
六月 09, 2015 8:18:13 下午 org.apache.catalina.startup.HostConfig deployDirectory
信息: Deploying web application directory D:\Env\Tomcat 7.0\webapps\ROOT
六月 09, 2015 8:18:13 下午 org.apache.catalina.startup.HostConfig deployDirectory
信息: Deploying web application directory D:\Env\Tomcat 7.0\webapps\yigo
六月 09, 2015 8:18:13 下午 org.apache.catalina.loader.WebappClassLoader validateJarFile
信息: validateJarFile(D:\Env\Tomcat 7.0\webapps\yigo\WEB-INF\lib\el-api-6.0.44.jar) - jar not loaded. See Servlet Spec 2.3, section 9.7.2. Offending class: javax/el/Expression.class
六月 09, 2015 8:18:13 下午 org.apache.catalina.loader.WebappClassLoader validateJarFile
信息: validateJarFile(D:\Env\Tomcat 7.0\webapps\yigo\WEB-INF\lib\servlet-api-6.0.44.jar) - jar not loaded. See Servlet Spec 2.3, section 9.7.2. Offending class: javax/servlet/Servlet.class
六月 09, 2015 8:18:15 下午 org.apache.coyote.AbstractProtocol start
信息: Starting ProtocolHandler ["http-apr-8089"]
六月 09, 2015 8:18:15 下午 org.apache.coyote.AbstractProtocol start
信息: Starting ProtocolHandler ["ajp-apr-8009"]
六月 09, 2015 8:18:15 下午 org.apache.catalina.startup.Catalina start
信息: Server startup in 2327 ms
