七月 22, 2015 11:55:39 上午 org.apache.catalina.core.ApplicationContext log
信息: ContextListener: contextInitialized()
七月 22, 2015 11:55:39 上午 org.apache.catalina.core.ApplicationContext log
信息: SessionListener: contextInitialized()
七月 22, 2015 11:55:39 上午 org.apache.catalina.core.ApplicationContext log
信息: ContextListener: attributeAdded('org.apache.jasper.compiler.TldLocationsCache', 'org.apache.jasper.compiler.TldLocationsCache@530eef3c')
七月 22, 2015 12:33:54 下午 org.apache.catalina.core.ApplicationContext log
信息: ContextListener: contextInitialized()
七月 22, 2015 12:33:54 下午 org.apache.catalina.core.ApplicationContext log
信息: SessionListener: contextInitialized()
七月 22, 2015 12:33:54 下午 org.apache.catalina.core.ApplicationContext log
信息: ContextListener: attributeAdded('org.apache.jasper.compiler.TldLocationsCache', 'org.apache.jasper.compiler.TldLocationsCache@530eef3c')
七月 22, 2015 1:49:23 下午 org.apache.catalina.core.ApplicationContext log
信息: ContextListener: contextInitialized()
七月 22, 2015 1:49:23 下午 org.apache.catalina.core.ApplicationContext log
信息: SessionListener: contextInitialized()
七月 22, 2015 1:49:23 下午 org.apache.catalina.core.ApplicationContext log
信息: ContextListener: attributeAdded('org.apache.jasper.compiler.TldLocationsCache', 'org.apache.jasper.compiler.TldLocationsCache@530eef3c')
七月 22, 2015 1:50:33 下午 org.apache.catalina.core.ApplicationContext log
信息: ContextListener: contextInitialized()
七月 22, 2015 1:50:33 下午 org.apache.catalina.core.ApplicationContext log
信息: SessionListener: contextInitialized()
七月 22, 2015 1:50:33 下午 org.apache.catalina.core.ApplicationContext log
信息: ContextListener: attributeAdded('org.apache.jasper.compiler.TldLocationsCache', 'org.apache.jasper.compiler.TldLocationsCache@530eef3c')
