六月 25, 2018 12:51:36 下午 org.apache.catalina.core.ApplicationContext log
信息: ContextListener: contextInitialized()
六月 25, 2018 12:51:36 下午 org.apache.catalina.core.ApplicationContext log
信息: SessionListener: contextInitialized()
六月 25, 2018 12:51:36 下午 org.apache.catalina.core.ApplicationContext log
信息: ContextListener: attributeAdded('org.apache.jasper.compiler.TldLocationsCache', 'org.apache.jasper.compiler.TldLocationsCache@385dcc83')
六月 25, 2018 12:54:05 下午 org.apache.catalina.core.ApplicationContext log
信息: SessionListener: contextDestroyed()
六月 25, 2018 12:54:05 下午 org.apache.catalina.core.ApplicationContext log
信息: ContextListener: contextDestroyed()
六月 25, 2018 12:54:09 下午 org.apache.catalina.core.ApplicationContext log
信息: ContextListener: contextInitialized()
六月 25, 2018 12:54:09 下午 org.apache.catalina.core.ApplicationContext log
信息: SessionListener: contextInitialized()
六月 25, 2018 12:54:09 下午 org.apache.catalina.core.ApplicationContext log
信息: ContextListener: attributeAdded('org.apache.jasper.compiler.TldLocationsCache', 'org.apache.jasper.compiler.TldLocationsCache@2993128f')
六月 25, 2018 12:56:52 下午 org.apache.catalina.core.ApplicationContext log
信息: ContextListener: contextInitialized()
六月 25, 2018 12:56:52 下午 org.apache.catalina.core.ApplicationContext log
信息: SessionListener: contextInitialized()
六月 25, 2018 12:56:52 下午 org.apache.catalina.core.ApplicationContext log
信息: ContextListener: attributeAdded('org.apache.jasper.compiler.TldLocationsCache', 'org.apache.jasper.compiler.TldLocationsCache@523673f')
六月 25, 2018 2:21:15 下午 org.apache.catalina.core.ApplicationContext log
信息: SessionListener: contextDestroyed()
六月 25, 2018 2:21:15 下午 org.apache.catalina.core.ApplicationContext log
信息: ContextListener: contextDestroyed()
六月 25, 2018 2:22:13 下午 org.apache.catalina.core.ApplicationContext log
信息: ContextListener: contextInitialized()
六月 25, 2018 2:22:13 下午 org.apache.catalina.core.ApplicationContext log
信息: SessionListener: contextInitialized()
六月 25, 2018 2:22:13 下午 org.apache.catalina.core.ApplicationContext log
信息: ContextListener: attributeAdded('org.apache.jasper.compiler.TldLocationsCache', 'org.apache.jasper.compiler.TldLocationsCache@2993128f')
六月 25, 2018 2:28:55 下午 org.apache.catalina.core.ApplicationContext log
信息: SessionListener: contextDestroyed()
六月 25, 2018 2:28:55 下午 org.apache.catalina.core.ApplicationContext log
信息: ContextListener: contextDestroyed()
六月 25, 2018 2:29:00 下午 org.apache.catalina.core.ApplicationContext log
信息: ContextListener: contextInitialized()
六月 25, 2018 2:29:00 下午 org.apache.catalina.core.ApplicationContext log
信息: SessionListener: contextInitialized()
六月 25, 2018 2:29:00 下午 org.apache.catalina.core.ApplicationContext log
信息: ContextListener: attributeAdded('org.apache.jasper.compiler.TldLocationsCache', 'org.apache.jasper.compiler.TldLocationsCache@2993128f')
六月 25, 2018 2:56:23 下午 org.apache.catalina.core.ApplicationContext log
信息: SessionListener: contextDestroyed()
六月 25, 2018 2:56:23 下午 org.apache.catalina.core.ApplicationContext log
信息: ContextListener: contextDestroyed()
六月 25, 2018 2:56:32 下午 org.apache.catalina.core.ApplicationContext log
信息: ContextListener: contextInitialized()
六月 25, 2018 2:56:32 下午 org.apache.catalina.core.ApplicationContext log
信息: SessionListener: contextInitialized()
六月 25, 2018 2:56:32 下午 org.apache.catalina.core.ApplicationContext log
信息: ContextListener: attributeAdded('org.apache.jasper.compiler.TldLocationsCache', 'org.apache.jasper.compiler.TldLocationsCache@2993128f')
六月 25, 2018 3:01:00 下午 org.apache.catalina.core.ApplicationContext log
信息: SessionListener: contextDestroyed()
六月 25, 2018 3:01:00 下午 org.apache.catalina.core.ApplicationContext log
信息: ContextListener: contextDestroyed()
六月 25, 2018 3:01:33 下午 org.apache.catalina.core.ApplicationContext log
信息: ContextListener: contextInitialized()
六月 25, 2018 3:01:33 下午 org.apache.catalina.core.ApplicationContext log
信息: SessionListener: contextInitialized()
六月 25, 2018 3:01:33 下午 org.apache.catalina.core.ApplicationContext log
信息: ContextListener: attributeAdded('org.apache.jasper.compiler.TldLocationsCache', 'org.apache.jasper.compiler.TldLocationsCache@523673f')
六月 25, 2018 3:10:55 下午 org.apache.catalina.core.ApplicationContext log
信息: SessionListener: contextDestroyed()
六月 25, 2018 3:10:55 下午 org.apache.catalina.core.ApplicationContext log
信息: ContextListener: contextDestroyed()
六月 25, 2018 3:10:59 下午 org.apache.catalina.core.ApplicationContext log
信息: ContextListener: contextInitialized()
六月 25, 2018 3:10:59 下午 org.apache.catalina.core.ApplicationContext log
信息: SessionListener: contextInitialized()
六月 25, 2018 3:10:59 下午 org.apache.catalina.core.ApplicationContext log
信息: ContextListener: attributeAdded('org.apache.jasper.compiler.TldLocationsCache', 'org.apache.jasper.compiler.TldLocationsCache@3c364f0b')
六月 25, 2018 3:16:04 下午 org.apache.catalina.core.ApplicationContext log
信息: SessionListener: contextDestroyed()
六月 25, 2018 3:16:04 下午 org.apache.catalina.core.ApplicationContext log
信息: ContextListener: contextDestroyed()
