十一月 28, 2018 4:32:01 下午 org.apache.catalina.core.StandardContext listenerStart
严重: Exception sending context initialized event to listener instance of class com.bokesoft.yes.mid.init.ServerStart
java.lang.RuntimeException: com.bokesoft.yigo.meta.base.MetaException: 组件Grid0中的单元格D_Code绑定的数据表LRP_District和字段Code未定义
	at com.bokesoft.yes.mid.init.ServerStart.contextInitialized(Unknown Source)
	at org.apache.catalina.core.StandardContext.listenerStart(StandardContext.java:4939)
	at org.apache.catalina.core.StandardContext.startInternal(StandardContext.java:5434)
	at org.apache.catalina.util.LifecycleBase.start(LifecycleBase.java:150)
	at org.apache.catalina.core.ContainerBase.addChildInternal(ContainerBase.java:901)
	at org.apache.catalina.core.ContainerBase.addChild(ContainerBase.java:877)
	at org.apache.catalina.core.StandardHost.addChild(StandardHost.java:633)
	at org.apache.catalina.startup.HostConfig.deployDirectory(HostConfig.java:1113)
	at org.apache.catalina.startup.HostConfig$DeployDirectory.run(HostConfig.java:1671)
	at java.util.concurrent.Executors$RunnableAdapter.call(Executors.java:511)
	at java.util.concurrent.FutureTask.run(FutureTask.java:266)
	at java.util.concurrent.ThreadPoolExecutor.runWorker(ThreadPoolExecutor.java:1142)
	at java.util.concurrent.ThreadPoolExecutor$Worker.run(ThreadPoolExecutor.java:617)
	at java.lang.Thread.run(Thread.java:745)
Caused by: com.bokesoft.yigo.meta.base.MetaException: 组件Grid0中的单元格D_Code绑定的数据表LRP_District和字段Code未定义
	at com.bokesoft.yigo.meta.form.MetaForm.buildAndCheckBody(MetaForm.java:1380)
	at com.bokesoft.yigo.meta.form.MetaForm.doPostProcess(MetaForm.java:1116)
	at com.bokesoft.yigo.meta.factory.DefaultMetaFactory.getMetaForm(DefaultMetaFactory.java:580)
	at com.bokesoft.yigo.meta.factory.DefaultMetaFactory.preLoadEntity(DefaultMetaFactory.java:1180)
	at com.bokesoft.yes.init.MidSystemInit.impl_init(MidSystemInit.java:179)
	at com.bokesoft.yes.init.MidSystemInit.init(MidSystemInit.java:227)
	... 14 more

十一月 28, 2018 4:32:36 下午 org.apache.catalina.core.StandardContext listenerStart
严重: Exception sending context initialized event to listener instance of class com.bokesoft.yes.mid.init.ServerStart
java.lang.RuntimeException: com.bokesoft.yigo.meta.base.MetaException: 组件Grid0中的单元格D_Code绑定的数据表LRP_District和字段Code未定义
	at com.bokesoft.yes.mid.init.ServerStart.contextInitialized(Unknown Source)
	at org.apache.catalina.core.StandardContext.listenerStart(StandardContext.java:4939)
	at org.apache.catalina.core.StandardContext.startInternal(StandardContext.java:5434)
	at org.apache.catalina.util.LifecycleBase.start(LifecycleBase.java:150)
	at org.apache.catalina.core.ContainerBase.addChildInternal(ContainerBase.java:901)
	at org.apache.catalina.core.ContainerBase.addChild(ContainerBase.java:877)
	at org.apache.catalina.core.StandardHost.addChild(StandardHost.java:633)
	at org.apache.catalina.startup.HostConfig.deployDirectory(HostConfig.java:1113)
	at org.apache.catalina.startup.HostConfig$DeployDirectory.run(HostConfig.java:1671)
	at java.util.concurrent.Executors$RunnableAdapter.call(Executors.java:511)
	at java.util.concurrent.FutureTask.run(FutureTask.java:266)
	at java.util.concurrent.ThreadPoolExecutor.runWorker(ThreadPoolExecutor.java:1142)
	at java.util.concurrent.ThreadPoolExecutor$Worker.run(ThreadPoolExecutor.java:617)
	at java.lang.Thread.run(Thread.java:745)
Caused by: com.bokesoft.yigo.meta.base.MetaException: 组件Grid0中的单元格D_Code绑定的数据表LRP_District和字段Code未定义
	at com.bokesoft.yigo.meta.form.MetaForm.buildAndCheckBody(MetaForm.java:1380)
	at com.bokesoft.yigo.meta.form.MetaForm.doPostProcess(MetaForm.java:1116)
	at com.bokesoft.yigo.meta.factory.DefaultMetaFactory.getMetaForm(DefaultMetaFactory.java:580)
	at com.bokesoft.yigo.meta.factory.DefaultMetaFactory.preLoadEntity(DefaultMetaFactory.java:1180)
	at com.bokesoft.yes.init.MidSystemInit.impl_init(MidSystemInit.java:179)
	at com.bokesoft.yes.init.MidSystemInit.init(MidSystemInit.java:227)
	... 14 more

十一月 28, 2018 4:40:33 下午 org.apache.catalina.core.StandardContext listenerStart
严重: Exception sending context initialized event to listener instance of class com.bokesoft.yes.mid.init.ServerStart
java.lang.RuntimeException: com.bokesoft.yigo.meta.base.MetaException: 组件Grid0中的单元格D_Code绑定的数据表LRP_District和字段Code未定义
	at com.bokesoft.yes.mid.init.ServerStart.contextInitialized(Unknown Source)
	at org.apache.catalina.core.StandardContext.listenerStart(StandardContext.java:4939)
	at org.apache.catalina.core.StandardContext.startInternal(StandardContext.java:5434)
	at org.apache.catalina.util.LifecycleBase.start(LifecycleBase.java:150)
	at org.apache.catalina.core.ContainerBase.addChildInternal(ContainerBase.java:901)
	at org.apache.catalina.core.ContainerBase.addChild(ContainerBase.java:877)
	at org.apache.catalina.core.StandardHost.addChild(StandardHost.java:633)
	at org.apache.catalina.startup.HostConfig.deployDirectory(HostConfig.java:1113)
	at org.apache.catalina.startup.HostConfig$DeployDirectory.run(HostConfig.java:1671)
	at java.util.concurrent.Executors$RunnableAdapter.call(Executors.java:511)
	at java.util.concurrent.FutureTask.run(FutureTask.java:266)
	at java.util.concurrent.ThreadPoolExecutor.runWorker(ThreadPoolExecutor.java:1142)
	at java.util.concurrent.ThreadPoolExecutor$Worker.run(ThreadPoolExecutor.java:617)
	at java.lang.Thread.run(Thread.java:745)
Caused by: com.bokesoft.yigo.meta.base.MetaException: 组件Grid0中的单元格D_Code绑定的数据表LRP_District和字段Code未定义
	at com.bokesoft.yigo.meta.form.MetaForm.buildAndCheckBody(MetaForm.java:1380)
	at com.bokesoft.yigo.meta.form.MetaForm.doPostProcess(MetaForm.java:1116)
	at com.bokesoft.yigo.meta.factory.DefaultMetaFactory.getMetaForm(DefaultMetaFactory.java:580)
	at com.bokesoft.yigo.meta.factory.DefaultMetaFactory.preLoadEntity(DefaultMetaFactory.java:1180)
	at com.bokesoft.yes.init.MidSystemInit.impl_init(MidSystemInit.java:179)
	at com.bokesoft.yes.init.MidSystemInit.init(MidSystemInit.java:227)
	... 14 more

