六月 12, 2015 9:24:04 上午 org.apache.catalina.core.ApplicationContext log
信息: ContextListener: contextInitialized()
六月 12, 2015 9:24:04 上午 org.apache.catalina.core.ApplicationContext log
信息: SessionListener: contextInitialized()
六月 12, 2015 9:24:04 上午 org.apache.catalina.core.ApplicationContext log
信息: ContextListener: attributeAdded('org.apache.jasper.compiler.TldLocationsCache', 'org.apache.jasper.compiler.TldLocationsCache@1c05a977')
六月 12, 2015 9:50:53 上午 org.apache.catalina.core.ApplicationContext log
信息: ContextListener: contextInitialized()
六月 12, 2015 9:50:53 上午 org.apache.catalina.core.ApplicationContext log
信息: SessionListener: contextInitialized()
六月 12, 2015 9:50:53 上午 org.apache.catalina.core.ApplicationContext log
信息: ContextListener: attributeAdded('org.apache.jasper.compiler.TldLocationsCache', 'org.apache.jasper.compiler.TldLocationsCache@6333242f')
六月 12, 2015 9:50:55 上午 org.apache.catalina.core.ApplicationContext log
信息: SessionListener: contextDestroyed()
六月 12, 2015 9:50:55 上午 org.apache.catalina.core.ApplicationContext log
信息: ContextListener: contextDestroyed()
六月 12, 2015 9:57:55 上午 org.apache.catalina.core.ApplicationContext log
信息: ContextListener: contextInitialized()
六月 12, 2015 9:57:55 上午 org.apache.catalina.core.ApplicationContext log
信息: SessionListener: contextInitialized()
六月 12, 2015 9:57:55 上午 org.apache.catalina.core.ApplicationContext log
信息: ContextListener: attributeAdded('org.apache.jasper.compiler.TldLocationsCache', 'org.apache.jasper.compiler.TldLocationsCache@57d37df2')
六月 12, 2015 9:57:57 上午 org.apache.catalina.core.ApplicationContext log
信息: SessionListener: contextDestroyed()
六月 12, 2015 9:57:57 上午 org.apache.catalina.core.ApplicationContext log
信息: ContextListener: contextDestroyed()
六月 12, 2015 2:16:48 下午 org.apache.catalina.core.ApplicationContext log
信息: ContextListener: contextInitialized()
六月 12, 2015 2:16:48 下午 org.apache.catalina.core.ApplicationContext log
信息: SessionListener: contextInitialized()
六月 12, 2015 2:16:48 下午 org.apache.catalina.core.ApplicationContext log
信息: ContextListener: attributeAdded('org.apache.jasper.compiler.TldLocationsCache', 'org.apache.jasper.compiler.TldLocationsCache@1c05a977')
六月 12, 2015 2:29:34 下午 org.apache.catalina.core.ApplicationContext log
信息: ContextListener: contextInitialized()
六月 12, 2015 2:29:34 下午 org.apache.catalina.core.ApplicationContext log
信息: SessionListener: contextInitialized()
六月 12, 2015 2:29:34 下午 org.apache.catalina.core.ApplicationContext log
信息: ContextListener: attributeAdded('org.apache.jasper.compiler.TldLocationsCache', 'org.apache.jasper.compiler.TldLocationsCache@646b8cec')
六月 12, 2015 2:58:32 下午 org.apache.catalina.core.ApplicationContext log
信息: ContextListener: contextInitialized()
六月 12, 2015 2:58:32 下午 org.apache.catalina.core.ApplicationContext log
信息: SessionListener: contextInitialized()
六月 12, 2015 2:58:32 下午 org.apache.catalina.core.ApplicationContext log
信息: ContextListener: attributeAdded('org.apache.jasper.compiler.TldLocationsCache', 'org.apache.jasper.compiler.TldLocationsCache@4795f744')
