六月 09, 2015 7:24:03 下午 org.apache.catalina.core.ApplicationContext log
信息: ContextListener: contextInitialized()
六月 09, 2015 7:24:03 下午 org.apache.catalina.core.ApplicationContext log
信息: SessionListener: contextInitialized()
六月 09, 2015 7:24:03 下午 org.apache.catalina.core.ApplicationContext log
信息: ContextListener: attributeAdded('org.apache.jasper.compiler.TldLocationsCache', 'org.apache.jasper.compiler.TldLocationsCache@1c05a977')
六月 09, 2015 7:24:05 下午 org.apache.catalina.core.StandardContext listenerStart
严重: Exception sending context initialized event to listener instance of class servlet.ApplicationStart
java.lang.NullPointerException
	at servlet.ApplicationStart.contextInitialized(ApplicationStart.java:55)
	at org.apache.catalina.core.StandardContext.listenerStart(StandardContext.java:4939)
	at org.apache.catalina.core.StandardContext.startInternal(StandardContext.java:5434)
	at org.apache.catalina.util.LifecycleBase.start(LifecycleBase.java:150)
	at org.apache.catalina.core.ContainerBase.addChildInternal(ContainerBase.java:901)
	at org.apache.catalina.core.ContainerBase.addChild(ContainerBase.java:877)
	at org.apache.catalina.core.StandardHost.addChild(StandardHost.java:633)
	at org.apache.catalina.startup.HostConfig.deployDirectory(HostConfig.java:1113)
	at org.apache.catalina.startup.HostConfig$DeployDirectory.run(HostConfig.java:1671)
	at java.util.concurrent.Executors$RunnableAdapter.call(Executors.java:511)
	at java.util.concurrent.FutureTask.run(FutureTask.java:266)
	at java.util.concurrent.ThreadPoolExecutor.runWorker(ThreadPoolExecutor.java:1142)
	at java.util.concurrent.ThreadPoolExecutor$Worker.run(ThreadPoolExecutor.java:617)
	at java.lang.Thread.run(Thread.java:745)

六月 09, 2015 7:24:05 下午 org.apache.catalina.core.StandardContext listenerStop
严重: Exception sending context destroyed event to listener instance of class servlet.ApplicationStart
java.lang.NullPointerException
	at servlet.ApplicationStart.contextDestroyed(ApplicationStart.java:27)
	at org.apache.catalina.core.StandardContext.listenerStop(StandardContext.java:4980)
	at org.apache.catalina.core.StandardContext.stopInternal(StandardContext.java:5626)
	at org.apache.catalina.util.LifecycleBase.stop(LifecycleBase.java:232)
	at org.apache.catalina.util.LifecycleBase.start(LifecycleBase.java:160)
	at org.apache.catalina.core.ContainerBase.addChildInternal(ContainerBase.java:901)
	at org.apache.catalina.core.ContainerBase.addChild(ContainerBase.java:877)
	at org.apache.catalina.core.StandardHost.addChild(StandardHost.java:633)
	at org.apache.catalina.startup.HostConfig.deployDirectory(HostConfig.java:1113)
	at org.apache.catalina.startup.HostConfig$DeployDirectory.run(HostConfig.java:1671)
	at java.util.concurrent.Executors$RunnableAdapter.call(Executors.java:511)
	at java.util.concurrent.FutureTask.run(FutureTask.java:266)
	at java.util.concurrent.ThreadPoolExecutor.runWorker(ThreadPoolExecutor.java:1142)
	at java.util.concurrent.ThreadPoolExecutor$Worker.run(ThreadPoolExecutor.java:617)
	at java.lang.Thread.run(Thread.java:745)

六月 09, 2015 7:25:09 下午 org.apache.catalina.core.ApplicationContext log
信息: ContextListener: contextInitialized()
六月 09, 2015 7:25:09 下午 org.apache.catalina.core.ApplicationContext log
信息: SessionListener: contextInitialized()
六月 09, 2015 7:25:09 下午 org.apache.catalina.core.ApplicationContext log
信息: ContextListener: attributeAdded('org.apache.jasper.compiler.TldLocationsCache', 'org.apache.jasper.compiler.TldLocationsCache@1c05a977')
六月 09, 2015 7:53:29 下午 org.apache.catalina.core.ApplicationContext log
信息: ContextListener: contextInitialized()
六月 09, 2015 7:53:29 下午 org.apache.catalina.core.ApplicationContext log
信息: SessionListener: contextInitialized()
六月 09, 2015 7:53:29 下午 org.apache.catalina.core.ApplicationContext log
信息: ContextListener: attributeAdded('org.apache.jasper.compiler.TldLocationsCache', 'org.apache.jasper.compiler.TldLocationsCache@1c05a977')
六月 09, 2015 7:53:58 下午 org.apache.catalina.core.ApplicationContext log
信息: ContextListener: contextInitialized()
六月 09, 2015 7:53:58 下午 org.apache.catalina.core.ApplicationContext log
信息: SessionListener: contextInitialized()
六月 09, 2015 7:53:58 下午 org.apache.catalina.core.ApplicationContext log
信息: ContextListener: attributeAdded('org.apache.jasper.compiler.TldLocationsCache', 'org.apache.jasper.compiler.TldLocationsCache@646b8cec')
六月 09, 2015 7:56:19 下午 org.apache.catalina.core.ApplicationContext log
信息: SessionListener: contextDestroyed()
六月 09, 2015 7:56:19 下午 org.apache.catalina.core.ApplicationContext log
信息: ContextListener: contextDestroyed()
六月 09, 2015 7:57:32 下午 org.apache.catalina.core.ApplicationContext log
信息: ContextListener: contextInitialized()
六月 09, 2015 7:57:32 下午 org.apache.catalina.core.ApplicationContext log
信息: SessionListener: contextInitialized()
六月 09, 2015 7:57:32 下午 org.apache.catalina.core.ApplicationContext log
信息: ContextListener: attributeAdded('org.apache.jasper.compiler.TldLocationsCache', 'org.apache.jasper.compiler.TldLocationsCache@646b8cec')
六月 09, 2015 8:15:41 下午 org.apache.catalina.core.ApplicationContext log
信息: ContextListener: contextInitialized()
六月 09, 2015 8:15:41 下午 org.apache.catalina.core.ApplicationContext log
信息: SessionListener: contextInitialized()
六月 09, 2015 8:15:41 下午 org.apache.catalina.core.ApplicationContext log
信息: ContextListener: attributeAdded('org.apache.jasper.compiler.TldLocationsCache', 'org.apache.jasper.compiler.TldLocationsCache@1c05a977')
六月 09, 2015 8:18:13 下午 org.apache.catalina.core.ApplicationContext log
信息: ContextListener: contextInitialized()
六月 09, 2015 8:18:13 下午 org.apache.catalina.core.ApplicationContext log
信息: SessionListener: contextInitialized()
六月 09, 2015 8:18:13 下午 org.apache.catalina.core.ApplicationContext log
信息: ContextListener: attributeAdded('org.apache.jasper.compiler.TldLocationsCache', 'org.apache.jasper.compiler.TldLocationsCache@1c05a977')
