九月 02, 2015 1:38:10 下午 org.apache.catalina.core.ApplicationContext log
信息: ContextListener: contextInitialized()
九月 02, 2015 1:38:10 下午 org.apache.catalina.core.ApplicationContext log
信息: SessionListener: contextInitialized()
九月 02, 2015 1:38:10 下午 org.apache.catalina.core.ApplicationContext log
信息: ContextListener: attributeAdded('org.apache.jasper.compiler.TldLocationsCache', 'org.apache.jasper.compiler.TldLocationsCache@4e5f70f3')
九月 02, 2015 1:38:17 下午 org.apache.catalina.core.ApplicationContext log
信息: SessionListener: contextDestroyed()
九月 02, 2015 1:38:17 下午 org.apache.catalina.core.ApplicationContext log
信息: ContextListener: contextDestroyed()
九月 02, 2015 1:38:17 下午 org.apache.catalina.core.StandardContext listenerStop
严重: Exception sending context destroyed event to listener instance of class com.bokesoft.yes.mid.init.ApplicationStart
java.lang.NullPointerException
	at com.bokesoft.yes.mid.auth.cache.simple.MobileSessionInfoMap.clear(MobileSessionInfoMap.java:62)
	at com.bokesoft.yes.mid.init.ApplicationStart.contextDestroyed(Unknown Source)
	at org.apache.catalina.core.StandardContext.listenerStop(StandardContext.java:4980)
	at org.apache.catalina.core.StandardContext.stopInternal(StandardContext.java:5626)
	at org.apache.catalina.util.LifecycleBase.stop(LifecycleBase.java:232)
	at org.apache.catalina.core.ContainerBase$StopChild.call(ContainerBase.java:1575)
	at org.apache.catalina.core.ContainerBase$StopChild.call(ContainerBase.java:1564)
	at java.util.concurrent.FutureTask.run(FutureTask.java:266)
	at java.util.concurrent.ThreadPoolExecutor.runWorker(ThreadPoolExecutor.java:1142)
	at java.util.concurrent.ThreadPoolExecutor$Worker.run(ThreadPoolExecutor.java:617)
	at java.lang.Thread.run(Thread.java:745)

九月 02, 2015 1:42:03 下午 org.apache.catalina.core.ApplicationContext log
信息: ContextListener: contextInitialized()
九月 02, 2015 1:42:03 下午 org.apache.catalina.core.ApplicationContext log
信息: SessionListener: contextInitialized()
九月 02, 2015 1:42:03 下午 org.apache.catalina.core.ApplicationContext log
信息: ContextListener: attributeAdded('org.apache.jasper.compiler.TldLocationsCache', 'org.apache.jasper.compiler.TldLocationsCache@4e5f70f3')
九月 02, 2015 1:42:06 下午 org.apache.catalina.core.ApplicationContext log
信息: SessionListener: contextDestroyed()
九月 02, 2015 1:42:06 下午 org.apache.catalina.core.ApplicationContext log
信息: ContextListener: contextDestroyed()
九月 02, 2015 1:42:06 下午 org.apache.catalina.core.StandardContext listenerStop
严重: Exception sending context destroyed event to listener instance of class com.bokesoft.yes.mid.init.ApplicationStart
java.lang.NullPointerException
	at com.bokesoft.yes.mid.auth.cache.simple.MobileSessionInfoMap.clear(MobileSessionInfoMap.java:62)
	at com.bokesoft.yes.mid.init.ApplicationStart.contextDestroyed(Unknown Source)
	at org.apache.catalina.core.StandardContext.listenerStop(StandardContext.java:4980)
	at org.apache.catalina.core.StandardContext.stopInternal(StandardContext.java:5626)
	at org.apache.catalina.util.LifecycleBase.stop(LifecycleBase.java:232)
	at org.apache.catalina.core.ContainerBase$StopChild.call(ContainerBase.java:1575)
	at org.apache.catalina.core.ContainerBase$StopChild.call(ContainerBase.java:1564)
	at java.util.concurrent.FutureTask.run(FutureTask.java:266)
	at java.util.concurrent.ThreadPoolExecutor.runWorker(ThreadPoolExecutor.java:1142)
	at java.util.concurrent.ThreadPoolExecutor$Worker.run(ThreadPoolExecutor.java:617)
	at java.lang.Thread.run(Thread.java:745)

九月 02, 2015 1:44:21 下午 org.apache.catalina.core.ApplicationContext log
信息: ContextListener: contextInitialized()
九月 02, 2015 1:44:21 下午 org.apache.catalina.core.ApplicationContext log
信息: SessionListener: contextInitialized()
九月 02, 2015 1:44:21 下午 org.apache.catalina.core.ApplicationContext log
信息: ContextListener: attributeAdded('org.apache.jasper.compiler.TldLocationsCache', 'org.apache.jasper.compiler.TldLocationsCache@26827be3')
九月 02, 2015 1:44:24 下午 org.apache.catalina.core.ApplicationContext log
信息: SessionListener: contextDestroyed()
九月 02, 2015 1:44:24 下午 org.apache.catalina.core.ApplicationContext log
信息: ContextListener: contextDestroyed()
九月 02, 2015 1:44:24 下午 org.apache.catalina.core.StandardContext listenerStop
严重: Exception sending context destroyed event to listener instance of class com.bokesoft.yes.mid.init.ApplicationStart
java.lang.NullPointerException
	at com.bokesoft.yes.mid.auth.cache.simple.MobileSessionInfoMap.clear(MobileSessionInfoMap.java:62)
	at com.bokesoft.yes.mid.init.ApplicationStart.contextDestroyed(Unknown Source)
	at org.apache.catalina.core.StandardContext.listenerStop(StandardContext.java:4980)
	at org.apache.catalina.core.StandardContext.stopInternal(StandardContext.java:5626)
	at org.apache.catalina.util.LifecycleBase.stop(LifecycleBase.java:232)
	at org.apache.catalina.core.ContainerBase$StopChild.call(ContainerBase.java:1575)
	at org.apache.catalina.core.ContainerBase$StopChild.call(ContainerBase.java:1564)
	at java.util.concurrent.FutureTask.run(FutureTask.java:266)
	at java.util.concurrent.ThreadPoolExecutor.runWorker(ThreadPoolExecutor.java:1142)
	at java.util.concurrent.ThreadPoolExecutor$Worker.run(ThreadPoolExecutor.java:617)
	at java.lang.Thread.run(Thread.java:745)

九月 02, 2015 1:45:04 下午 org.apache.catalina.core.ApplicationContext log
信息: ContextListener: contextInitialized()
九月 02, 2015 1:45:04 下午 org.apache.catalina.core.ApplicationContext log
信息: SessionListener: contextInitialized()
九月 02, 2015 1:45:04 下午 org.apache.catalina.core.ApplicationContext log
信息: ContextListener: attributeAdded('org.apache.jasper.compiler.TldLocationsCache', 'org.apache.jasper.compiler.TldLocationsCache@5fb65227')
