六月 29, 2015 10:40:11 上午 org.apache.catalina.core.ApplicationContext log
信息: ContextListener: contextInitialized()
六月 29, 2015 10:40:11 上午 org.apache.catalina.core.ApplicationContext log
信息: SessionListener: contextInitialized()
六月 29, 2015 10:40:11 上午 org.apache.catalina.core.ApplicationContext log
信息: ContextListener: attributeAdded('org.apache.jasper.compiler.TldLocationsCache', 'org.apache.jasper.compiler.TldLocationsCache@530eef3c')
六月 29, 2015 3:07:30 下午 org.apache.catalina.core.ApplicationContext log
信息: ContextListener: contextInitialized()
六月 29, 2015 3:07:30 下午 org.apache.catalina.core.ApplicationContext log
信息: SessionListener: contextInitialized()
六月 29, 2015 3:07:30 下午 org.apache.catalina.core.ApplicationContext log
信息: ContextListener: attributeAdded('org.apache.jasper.compiler.TldLocationsCache', 'org.apache.jasper.compiler.TldLocationsCache@74124873')
六月 29, 2015 6:01:42 下午 org.apache.catalina.core.ApplicationContext log
信息: ContextListener: contextInitialized()
六月 29, 2015 6:01:42 下午 org.apache.catalina.core.ApplicationContext log
信息: SessionListener: contextInitialized()
六月 29, 2015 6:01:42 下午 org.apache.catalina.core.ApplicationContext log
信息: ContextListener: attributeAdded('org.apache.jasper.compiler.TldLocationsCache', 'org.apache.jasper.compiler.TldLocationsCache@530eef3c')
六月 29, 2015 6:18:19 下午 org.apache.catalina.core.ApplicationContext log
信息: ContextListener: contextInitialized()
六月 29, 2015 6:18:19 下午 org.apache.catalina.core.ApplicationContext log
信息: SessionListener: contextInitialized()
六月 29, 2015 6:18:19 下午 org.apache.catalina.core.ApplicationContext log
信息: ContextListener: attributeAdded('org.apache.jasper.compiler.TldLocationsCache', 'org.apache.jasper.compiler.TldLocationsCache@530eef3c')
六月 29, 2015 6:19:46 下午 org.apache.catalina.core.ApplicationContext log
信息: ContextListener: contextInitialized()
六月 29, 2015 6:19:46 下午 org.apache.catalina.core.ApplicationContext log
信息: SessionListener: contextInitialized()
六月 29, 2015 6:19:46 下午 org.apache.catalina.core.ApplicationContext log
信息: ContextListener: attributeAdded('org.apache.jasper.compiler.TldLocationsCache', 'org.apache.jasper.compiler.TldLocationsCache@11355672')
六月 29, 2015 6:25:21 下午 org.apache.catalina.core.ApplicationContext log
信息: ContextListener: contextInitialized()
六月 29, 2015 6:25:21 下午 org.apache.catalina.core.ApplicationContext log
信息: SessionListener: contextInitialized()
六月 29, 2015 6:25:21 下午 org.apache.catalina.core.ApplicationContext log
信息: ContextListener: attributeAdded('org.apache.jasper.compiler.TldLocationsCache', 'org.apache.jasper.compiler.TldLocationsCache@530eef3c')
六月 29, 2015 6:25:57 下午 org.apache.catalina.core.ApplicationContext log
信息: ContextListener: contextInitialized()
六月 29, 2015 6:25:57 下午 org.apache.catalina.core.ApplicationContext log
信息: SessionListener: contextInitialized()
六月 29, 2015 6:25:57 下午 org.apache.catalina.core.ApplicationContext log
信息: ContextListener: attributeAdded('org.apache.jasper.compiler.TldLocationsCache', 'org.apache.jasper.compiler.TldLocationsCache@530eef3c')
六月 29, 2015 6:35:01 下午 org.apache.catalina.core.ApplicationContext log
信息: ContextListener: contextInitialized()
六月 29, 2015 6:35:01 下午 org.apache.catalina.core.ApplicationContext log
信息: SessionListener: contextInitialized()
六月 29, 2015 6:35:01 下午 org.apache.catalina.core.ApplicationContext log
信息: ContextListener: attributeAdded('org.apache.jasper.compiler.TldLocationsCache', 'org.apache.jasper.compiler.TldLocationsCache@530eef3c')
六月 29, 2015 6:40:28 下午 org.apache.catalina.core.ApplicationContext log
信息: ContextListener: contextInitialized()
六月 29, 2015 6:40:28 下午 org.apache.catalina.core.ApplicationContext log
信息: SessionListener: contextInitialized()
六月 29, 2015 6:40:28 下午 org.apache.catalina.core.ApplicationContext log
信息: ContextListener: attributeAdded('org.apache.jasper.compiler.TldLocationsCache', 'org.apache.jasper.compiler.TldLocationsCache@530eef3c')
六月 29, 2015 6:55:27 下午 org.apache.catalina.core.ApplicationContext log
信息: ContextListener: contextInitialized()
六月 29, 2015 6:55:27 下午 org.apache.catalina.core.ApplicationContext log
信息: SessionListener: contextInitialized()
六月 29, 2015 6:55:27 下午 org.apache.catalina.core.ApplicationContext log
信息: ContextListener: attributeAdded('org.apache.jasper.compiler.TldLocationsCache', 'org.apache.jasper.compiler.TldLocationsCache@11355672')
六月 29, 2015 8:03:07 下午 org.apache.catalina.core.ApplicationContext log
信息: ContextListener: contextInitialized()
六月 29, 2015 8:03:07 下午 org.apache.catalina.core.ApplicationContext log
信息: SessionListener: contextInitialized()
六月 29, 2015 8:03:07 下午 org.apache.catalina.core.ApplicationContext log
信息: ContextListener: attributeAdded('org.apache.jasper.compiler.TldLocationsCache', 'org.apache.jasper.compiler.TldLocationsCache@530eef3c')
