六月 11, 2015 10:45:32 上午 org.apache.catalina.core.ApplicationContext log
信息: ContextListener: contextInitialized()
六月 11, 2015 10:45:32 上午 org.apache.catalina.core.ApplicationContext log
信息: SessionListener: contextInitialized()
六月 11, 2015 10:45:32 上午 org.apache.catalina.core.ApplicationContext log
信息: ContextListener: attributeAdded('org.apache.jasper.compiler.TldLocationsCache', 'org.apache.jasper.compiler.TldLocationsCache@1c05a977')
六月 11, 2015 11:50:21 上午 org.apache.catalina.core.ApplicationContext log
信息: ContextListener: contextInitialized()
六月 11, 2015 11:50:21 上午 org.apache.catalina.core.ApplicationContext log
信息: SessionListener: contextInitialized()
六月 11, 2015 11:50:21 上午 org.apache.catalina.core.ApplicationContext log
信息: ContextListener: attributeAdded('org.apache.jasper.compiler.TldLocationsCache', 'org.apache.jasper.compiler.TldLocationsCache@4795f744')
六月 11, 2015 2:58:02 下午 org.apache.catalina.core.ApplicationContext log
信息: ContextListener: contextInitialized()
六月 11, 2015 2:58:02 下午 org.apache.catalina.core.ApplicationContext log
信息: SessionListener: contextInitialized()
六月 11, 2015 2:58:02 下午 org.apache.catalina.core.ApplicationContext log
信息: ContextListener: attributeAdded('org.apache.jasper.compiler.TldLocationsCache', 'org.apache.jasper.compiler.TldLocationsCache@4795f744')
六月 11, 2015 3:12:57 下午 org.apache.catalina.core.ApplicationContext log
信息: ContextListener: contextInitialized()
六月 11, 2015 3:12:57 下午 org.apache.catalina.core.ApplicationContext log
信息: SessionListener: contextInitialized()
六月 11, 2015 3:12:57 下午 org.apache.catalina.core.ApplicationContext log
信息: ContextListener: attributeAdded('org.apache.jasper.compiler.TldLocationsCache', 'org.apache.jasper.compiler.TldLocationsCache@1c05a977')
六月 11, 2015 3:20:43 下午 org.apache.catalina.core.ApplicationContext log
信息: ContextListener: contextInitialized()
六月 11, 2015 3:20:43 下午 org.apache.catalina.core.ApplicationContext log
信息: SessionListener: contextInitialized()
六月 11, 2015 3:20:43 下午 org.apache.catalina.core.ApplicationContext log
信息: ContextListener: attributeAdded('org.apache.jasper.compiler.TldLocationsCache', 'org.apache.jasper.compiler.TldLocationsCache@646b8cec')
六月 11, 2015 3:45:31 下午 org.apache.catalina.core.ApplicationContext log
信息: ContextListener: contextInitialized()
六月 11, 2015 3:45:31 下午 org.apache.catalina.core.ApplicationContext log
信息: SessionListener: contextInitialized()
六月 11, 2015 3:45:31 下午 org.apache.catalina.core.ApplicationContext log
信息: ContextListener: attributeAdded('org.apache.jasper.compiler.TldLocationsCache', 'org.apache.jasper.compiler.TldLocationsCache@1c05a977')
六月 11, 2015 4:07:14 下午 org.apache.catalina.core.ApplicationContext log
信息: ContextListener: contextInitialized()
六月 11, 2015 4:07:14 下午 org.apache.catalina.core.ApplicationContext log
信息: SessionListener: contextInitialized()
六月 11, 2015 4:07:14 下午 org.apache.catalina.core.ApplicationContext log
信息: ContextListener: attributeAdded('org.apache.jasper.compiler.TldLocationsCache', 'org.apache.jasper.compiler.TldLocationsCache@1c05a977')
六月 11, 2015 4:08:29 下午 org.apache.catalina.core.ApplicationContext log
信息: ContextListener: contextInitialized()
六月 11, 2015 4:08:29 下午 org.apache.catalina.core.ApplicationContext log
信息: SessionListener: contextInitialized()
六月 11, 2015 4:08:30 下午 org.apache.catalina.core.ApplicationContext log
信息: ContextListener: attributeAdded('org.apache.jasper.compiler.TldLocationsCache', 'org.apache.jasper.compiler.TldLocationsCache@57d37df2')
六月 11, 2015 4:08:32 下午 org.apache.catalina.core.ApplicationContext log
信息: SessionListener: contextDestroyed()
六月 11, 2015 4:08:32 下午 org.apache.catalina.core.ApplicationContext log
信息: ContextListener: contextDestroyed()
六月 11, 2015 4:08:45 下午 org.apache.catalina.core.ApplicationContext log
信息: ContextListener: contextInitialized()
六月 11, 2015 4:08:45 下午 org.apache.catalina.core.ApplicationContext log
信息: SessionListener: contextInitialized()
六月 11, 2015 4:08:45 下午 org.apache.catalina.core.ApplicationContext log
信息: ContextListener: attributeAdded('org.apache.jasper.compiler.TldLocationsCache', 'org.apache.jasper.compiler.TldLocationsCache@4795f744')
六月 11, 2015 4:20:49 下午 org.apache.catalina.core.ApplicationContext log
信息: ContextListener: contextInitialized()
六月 11, 2015 4:20:49 下午 org.apache.catalina.core.ApplicationContext log
信息: SessionListener: contextInitialized()
六月 11, 2015 4:20:49 下午 org.apache.catalina.core.ApplicationContext log
信息: ContextListener: attributeAdded('org.apache.jasper.compiler.TldLocationsCache', 'org.apache.jasper.compiler.TldLocationsCache@1c05a977')
六月 11, 2015 4:24:15 下午 org.apache.catalina.core.ApplicationContext log
信息: ContextListener: contextInitialized()
六月 11, 2015 4:24:15 下午 org.apache.catalina.core.ApplicationContext log
信息: SessionListener: contextInitialized()
六月 11, 2015 4:24:15 下午 org.apache.catalina.core.ApplicationContext log
信息: ContextListener: attributeAdded('org.apache.jasper.compiler.TldLocationsCache', 'org.apache.jasper.compiler.TldLocationsCache@1c05a977')
六月 11, 2015 4:40:07 下午 org.apache.catalina.core.ApplicationContext log
信息: ContextListener: contextInitialized()
六月 11, 2015 4:40:07 下午 org.apache.catalina.core.ApplicationContext log
信息: SessionListener: contextInitialized()
六月 11, 2015 4:40:07 下午 org.apache.catalina.core.ApplicationContext log
信息: ContextListener: attributeAdded('org.apache.jasper.compiler.TldLocationsCache', 'org.apache.jasper.compiler.TldLocationsCache@1c05a977')
六月 11, 2015 4:52:38 下午 org.apache.catalina.core.ApplicationContext log
信息: ContextListener: contextInitialized()
六月 11, 2015 4:52:38 下午 org.apache.catalina.core.ApplicationContext log
信息: SessionListener: contextInitialized()
六月 11, 2015 4:52:38 下午 org.apache.catalina.core.ApplicationContext log
信息: ContextListener: attributeAdded('org.apache.jasper.compiler.TldLocationsCache', 'org.apache.jasper.compiler.TldLocationsCache@646b8cec')
六月 11, 2015 5:17:53 下午 org.apache.catalina.core.ApplicationContext log
信息: ContextListener: contextInitialized()
六月 11, 2015 5:17:53 下午 org.apache.catalina.core.ApplicationContext log
信息: SessionListener: contextInitialized()
六月 11, 2015 5:17:53 下午 org.apache.catalina.core.ApplicationContext log
信息: ContextListener: attributeAdded('org.apache.jasper.compiler.TldLocationsCache', 'org.apache.jasper.compiler.TldLocationsCache@646b8cec')
六月 11, 2015 5:37:11 下午 org.apache.catalina.core.ApplicationContext log
信息: ContextListener: contextInitialized()
六月 11, 2015 5:37:11 下午 org.apache.catalina.core.ApplicationContext log
信息: SessionListener: contextInitialized()
六月 11, 2015 5:37:11 下午 org.apache.catalina.core.ApplicationContext log
信息: ContextListener: attributeAdded('org.apache.jasper.compiler.TldLocationsCache', 'org.apache.jasper.compiler.TldLocationsCache@1c05a977')
六月 11, 2015 6:43:04 下午 org.apache.catalina.core.ApplicationContext log
信息: ContextListener: contextInitialized()
六月 11, 2015 6:43:04 下午 org.apache.catalina.core.ApplicationContext log
信息: SessionListener: contextInitialized()
六月 11, 2015 6:43:04 下午 org.apache.catalina.core.ApplicationContext log
信息: ContextListener: attributeAdded('org.apache.jasper.compiler.TldLocationsCache', 'org.apache.jasper.compiler.TldLocationsCache@1c05a977')
六月 11, 2015 6:53:04 下午 org.apache.catalina.core.ApplicationContext log
信息: ContextListener: contextInitialized()
六月 11, 2015 6:53:04 下午 org.apache.catalina.core.ApplicationContext log
信息: SessionListener: contextInitialized()
六月 11, 2015 6:53:04 下午 org.apache.catalina.core.ApplicationContext log
信息: ContextListener: attributeAdded('org.apache.jasper.compiler.TldLocationsCache', 'org.apache.jasper.compiler.TldLocationsCache@4795f744')
六月 11, 2015 7:09:13 下午 org.apache.catalina.core.ApplicationContext log
信息: ContextListener: contextInitialized()
六月 11, 2015 7:09:13 下午 org.apache.catalina.core.ApplicationContext log
信息: SessionListener: contextInitialized()
六月 11, 2015 7:09:13 下午 org.apache.catalina.core.ApplicationContext log
信息: ContextListener: attributeAdded('org.apache.jasper.compiler.TldLocationsCache', 'org.apache.jasper.compiler.TldLocationsCache@646b8cec')
六月 11, 2015 7:16:12 下午 org.apache.catalina.core.ApplicationContext log
信息: ContextListener: contextInitialized()
六月 11, 2015 7:16:12 下午 org.apache.catalina.core.ApplicationContext log
信息: SessionListener: contextInitialized()
六月 11, 2015 7:16:12 下午 org.apache.catalina.core.ApplicationContext log
信息: ContextListener: attributeAdded('org.apache.jasper.compiler.TldLocationsCache', 'org.apache.jasper.compiler.TldLocationsCache@1c05a977')
六月 11, 2015 7:59:09 下午 org.apache.catalina.core.ApplicationContext log
信息: ContextListener: contextInitialized()
六月 11, 2015 7:59:09 下午 org.apache.catalina.core.ApplicationContext log
信息: SessionListener: contextInitialized()
六月 11, 2015 7:59:09 下午 org.apache.catalina.core.ApplicationContext log
信息: ContextListener: attributeAdded('org.apache.jasper.compiler.TldLocationsCache', 'org.apache.jasper.compiler.TldLocationsCache@4795f744')
六月 11, 2015 8:13:38 下午 org.apache.catalina.core.ApplicationContext log
信息: ContextListener: contextInitialized()
六月 11, 2015 8:13:38 下午 org.apache.catalina.core.ApplicationContext log
信息: SessionListener: contextInitialized()
六月 11, 2015 8:13:38 下午 org.apache.catalina.core.ApplicationContext log
信息: ContextListener: attributeAdded('org.apache.jasper.compiler.TldLocationsCache', 'org.apache.jasper.compiler.TldLocationsCache@4795f744')
六月 11, 2015 8:22:03 下午 org.apache.catalina.core.ApplicationContext log
信息: ContextListener: contextInitialized()
六月 11, 2015 8:22:03 下午 org.apache.catalina.core.ApplicationContext log
信息: SessionListener: contextInitialized()
六月 11, 2015 8:22:03 下午 org.apache.catalina.core.ApplicationContext log
信息: ContextListener: attributeAdded('org.apache.jasper.compiler.TldLocationsCache', 'org.apache.jasper.compiler.TldLocationsCache@646b8cec')
