十一月 23, 2017 2:40:33 下午 org.apache.catalina.core.ApplicationContext log
信息: ContextListener: contextInitialized()
十一月 23, 2017 2:40:33 下午 org.apache.catalina.core.ApplicationContext log
信息: SessionListener: contextInitialized()
十一月 23, 2017 2:40:33 下午 org.apache.catalina.core.ApplicationContext log
信息: ContextListener: attributeAdded('org.apache.jasper.compiler.TldLocationsCache', 'org.apache.jasper.compiler.TldLocationsCache@426e5510')
十一月 23, 2017 2:40:47 下午 org.apache.catalina.core.StandardContext listenerStart
严重: Exception sending context initialized event to listener instance of class com.bokesoft.yes.mid.init.ServerStart
java.lang.RuntimeException: com.bokesoft.yigo.meta.base.MetaException: 数据对象LRP_Owner主表不存在
	at com.bokesoft.yes.mid.init.ServerStart.contextInitialized(Unknown Source)
	at org.apache.catalina.core.StandardContext.listenerStart(StandardContext.java:4939)
	at org.apache.catalina.core.StandardContext.startInternal(StandardContext.java:5434)
	at org.apache.catalina.util.LifecycleBase.start(LifecycleBase.java:150)
	at org.apache.catalina.core.ContainerBase.addChildInternal(ContainerBase.java:901)
	at org.apache.catalina.core.ContainerBase.addChild(ContainerBase.java:877)
	at org.apache.catalina.core.StandardHost.addChild(StandardHost.java:633)
	at org.apache.catalina.startup.HostConfig.deployDirectory(HostConfig.java:1113)
	at org.apache.catalina.startup.HostConfig$DeployDirectory.run(HostConfig.java:1671)
	at java.util.concurrent.Executors$RunnableAdapter.call(Executors.java:511)
	at java.util.concurrent.FutureTask.run(FutureTask.java:266)
	at java.util.concurrent.ThreadPoolExecutor.runWorker(ThreadPoolExecutor.java:1142)
	at java.util.concurrent.ThreadPoolExecutor$Worker.run(ThreadPoolExecutor.java:617)
	at java.lang.Thread.run(Thread.java:745)
Caused by: com.bokesoft.yigo.meta.base.MetaException: 数据对象LRP_Owner主表不存在
	at com.bokesoft.yigo.meta.dataobject.MetaDataObject.doPostProcess(MetaDataObject.java:806)
	at com.bokesoft.yigo.meta.factory.DefaultMetaFactory.getDataObject(DefaultMetaFactory.java:709)
	at com.bokesoft.yes.mid.schema.DefaultSchemaProvider.getAllTable(Unknown Source)
	at com.bokesoft.yes.mid.schema.SchemaMaintance.maintance(Unknown Source)
	at com.bokesoft.yes.mid.schema.maintance.ServerDBMaintance.maintance(Unknown Source)
	at com.bokesoft.yes.init.DBMaintainceListener.invoke(DBMaintainceListener.java:70)
	at com.bokesoft.yes.init.MidSystemInit.doStartListener(MidSystemInit.java:304)
	at com.bokesoft.yes.init.MidSystemInit.impl_init(MidSystemInit.java:184)
	at com.bokesoft.yes.init.MidSystemInit.init(MidSystemInit.java:207)
	... 14 more

