六月 27, 2015 11:11:43 上午 org.apache.catalina.core.ApplicationContext log
信息: ContextListener: contextInitialized()
六月 27, 2015 11:11:43 上午 org.apache.catalina.core.ApplicationContext log
信息: SessionListener: contextInitialized()
六月 27, 2015 11:11:43 上午 org.apache.catalina.core.ApplicationContext log
信息: ContextListener: attributeAdded('org.apache.jasper.compiler.TldLocationsCache', 'org.apache.jasper.compiler.TldLocationsCache@646b8cec')
六月 27, 2015 11:12:34 上午 org.apache.catalina.core.ApplicationContext log
信息: ContextListener: contextInitialized()
六月 27, 2015 11:12:34 上午 org.apache.catalina.core.ApplicationContext log
信息: SessionListener: contextInitialized()
六月 27, 2015 11:12:34 上午 org.apache.catalina.core.ApplicationContext log
信息: ContextListener: attributeAdded('org.apache.jasper.compiler.TldLocationsCache', 'org.apache.jasper.compiler.TldLocationsCache@4795f744')
六月 27, 2015 11:13:40 上午 org.apache.catalina.core.ApplicationContext log
信息: ContextListener: contextInitialized()
六月 27, 2015 11:13:40 上午 org.apache.catalina.core.ApplicationContext log
信息: SessionListener: contextInitialized()
六月 27, 2015 11:13:40 上午 org.apache.catalina.core.ApplicationContext log
信息: ContextListener: attributeAdded('org.apache.jasper.compiler.TldLocationsCache', 'org.apache.jasper.compiler.TldLocationsCache@4795f744')
六月 27, 2015 11:15:55 上午 org.apache.catalina.core.ApplicationContext log
信息: ContextListener: contextInitialized()
六月 27, 2015 11:15:55 上午 org.apache.catalina.core.ApplicationContext log
信息: SessionListener: contextInitialized()
六月 27, 2015 11:15:55 上午 org.apache.catalina.core.ApplicationContext log
信息: ContextListener: attributeAdded('org.apache.jasper.compiler.TldLocationsCache', 'org.apache.jasper.compiler.TldLocationsCache@1c05a977')
六月 27, 2015 11:17:44 上午 org.apache.catalina.core.ApplicationContext log
信息: ContextListener: contextInitialized()
六月 27, 2015 11:17:44 上午 org.apache.catalina.core.ApplicationContext log
信息: SessionListener: contextInitialized()
六月 27, 2015 11:17:44 上午 org.apache.catalina.core.ApplicationContext log
信息: ContextListener: attributeAdded('org.apache.jasper.compiler.TldLocationsCache', 'org.apache.jasper.compiler.TldLocationsCache@4795f744')
六月 27, 2015 11:19:55 上午 org.apache.catalina.core.ApplicationContext log
信息: ContextListener: contextInitialized()
六月 27, 2015 11:19:55 上午 org.apache.catalina.core.ApplicationContext log
信息: SessionListener: contextInitialized()
六月 27, 2015 11:19:55 上午 org.apache.catalina.core.ApplicationContext log
信息: ContextListener: attributeAdded('org.apache.jasper.compiler.TldLocationsCache', 'org.apache.jasper.compiler.TldLocationsCache@646b8cec')
六月 27, 2015 11:23:12 上午 org.apache.catalina.core.ApplicationContext log
信息: ContextListener: contextInitialized()
六月 27, 2015 11:23:12 上午 org.apache.catalina.core.ApplicationContext log
信息: SessionListener: contextInitialized()
六月 27, 2015 11:23:12 上午 org.apache.catalina.core.ApplicationContext log
信息: ContextListener: attributeAdded('org.apache.jasper.compiler.TldLocationsCache', 'org.apache.jasper.compiler.TldLocationsCache@1c05a977')
六月 27, 2015 11:24:31 上午 org.apache.catalina.core.ApplicationContext log
信息: ContextListener: contextInitialized()
六月 27, 2015 11:24:31 上午 org.apache.catalina.core.ApplicationContext log
信息: SessionListener: contextInitialized()
六月 27, 2015 11:24:31 上午 org.apache.catalina.core.ApplicationContext log
信息: ContextListener: attributeAdded('org.apache.jasper.compiler.TldLocationsCache', 'org.apache.jasper.compiler.TldLocationsCache@4795f744')
六月 27, 2015 11:32:02 上午 org.apache.catalina.core.ApplicationContext log
信息: ContextListener: contextInitialized()
六月 27, 2015 11:32:02 上午 org.apache.catalina.core.ApplicationContext log
信息: SessionListener: contextInitialized()
六月 27, 2015 11:32:02 上午 org.apache.catalina.core.ApplicationContext log
信息: ContextListener: attributeAdded('org.apache.jasper.compiler.TldLocationsCache', 'org.apache.jasper.compiler.TldLocationsCache@646b8cec')
六月 27, 2015 11:33:48 上午 org.apache.catalina.core.ApplicationContext log
信息: ContextListener: contextInitialized()
六月 27, 2015 11:33:48 上午 org.apache.catalina.core.ApplicationContext log
信息: SessionListener: contextInitialized()
六月 27, 2015 11:33:48 上午 org.apache.catalina.core.ApplicationContext log
信息: ContextListener: attributeAdded('org.apache.jasper.compiler.TldLocationsCache', 'org.apache.jasper.compiler.TldLocationsCache@1c05a977')
六月 27, 2015 11:37:57 上午 org.apache.catalina.core.ApplicationContext log
信息: ContextListener: contextInitialized()
六月 27, 2015 11:37:57 上午 org.apache.catalina.core.ApplicationContext log
信息: SessionListener: contextInitialized()
六月 27, 2015 11:37:57 上午 org.apache.catalina.core.ApplicationContext log
信息: ContextListener: attributeAdded('org.apache.jasper.compiler.TldLocationsCache', 'org.apache.jasper.compiler.TldLocationsCache@1c05a977')
六月 27, 2015 11:41:20 上午 org.apache.catalina.core.ApplicationContext log
信息: ContextListener: contextInitialized()
六月 27, 2015 11:41:20 上午 org.apache.catalina.core.ApplicationContext log
信息: SessionListener: contextInitialized()
六月 27, 2015 11:41:20 上午 org.apache.catalina.core.ApplicationContext log
信息: ContextListener: attributeAdded('org.apache.jasper.compiler.TldLocationsCache', 'org.apache.jasper.compiler.TldLocationsCache@1c05a977')
六月 27, 2015 11:52:41 上午 org.apache.catalina.core.ApplicationContext log
信息: ContextListener: contextInitialized()
六月 27, 2015 11:52:41 上午 org.apache.catalina.core.ApplicationContext log
信息: SessionListener: contextInitialized()
六月 27, 2015 11:52:41 上午 org.apache.catalina.core.ApplicationContext log
信息: ContextListener: attributeAdded('org.apache.jasper.compiler.TldLocationsCache', 'org.apache.jasper.compiler.TldLocationsCache@1c05a977')
六月 27, 2015 2:09:19 下午 org.apache.catalina.core.ApplicationContext log
信息: ContextListener: contextInitialized()
六月 27, 2015 2:09:19 下午 org.apache.catalina.core.ApplicationContext log
信息: SessionListener: contextInitialized()
六月 27, 2015 2:09:19 下午 org.apache.catalina.core.ApplicationContext log
信息: ContextListener: attributeAdded('org.apache.jasper.compiler.TldLocationsCache', 'org.apache.jasper.compiler.TldLocationsCache@4795f744')
六月 27, 2015 2:21:42 下午 org.apache.catalina.core.ApplicationContext log
信息: ContextListener: contextInitialized()
六月 27, 2015 2:21:42 下午 org.apache.catalina.core.ApplicationContext log
信息: SessionListener: contextInitialized()
六月 27, 2015 2:21:42 下午 org.apache.catalina.core.ApplicationContext log
信息: ContextListener: attributeAdded('org.apache.jasper.compiler.TldLocationsCache', 'org.apache.jasper.compiler.TldLocationsCache@1c05a977')
六月 27, 2015 2:30:48 下午 org.apache.catalina.core.ApplicationContext log
信息: ContextListener: contextInitialized()
六月 27, 2015 2:30:48 下午 org.apache.catalina.core.ApplicationContext log
信息: SessionListener: contextInitialized()
六月 27, 2015 2:30:48 下午 org.apache.catalina.core.ApplicationContext log
信息: ContextListener: attributeAdded('org.apache.jasper.compiler.TldLocationsCache', 'org.apache.jasper.compiler.TldLocationsCache@1c05a977')
六月 27, 2015 2:32:15 下午 org.apache.catalina.core.ApplicationContext log
信息: ContextListener: contextInitialized()
六月 27, 2015 2:32:15 下午 org.apache.catalina.core.ApplicationContext log
信息: SessionListener: contextInitialized()
六月 27, 2015 2:32:15 下午 org.apache.catalina.core.ApplicationContext log
信息: ContextListener: attributeAdded('org.apache.jasper.compiler.TldLocationsCache', 'org.apache.jasper.compiler.TldLocationsCache@4795f744')
六月 27, 2015 2:37:46 下午 org.apache.catalina.core.ApplicationContext log
信息: ContextListener: contextInitialized()
六月 27, 2015 2:37:46 下午 org.apache.catalina.core.ApplicationContext log
信息: SessionListener: contextInitialized()
六月 27, 2015 2:37:46 下午 org.apache.catalina.core.ApplicationContext log
信息: ContextListener: attributeAdded('org.apache.jasper.compiler.TldLocationsCache', 'org.apache.jasper.compiler.TldLocationsCache@4795f744')
六月 27, 2015 2:53:45 下午 org.apache.catalina.core.ApplicationContext log
信息: ContextListener: contextInitialized()
六月 27, 2015 2:53:45 下午 org.apache.catalina.core.ApplicationContext log
信息: SessionListener: contextInitialized()
六月 27, 2015 2:53:45 下午 org.apache.catalina.core.ApplicationContext log
信息: ContextListener: attributeAdded('org.apache.jasper.compiler.TldLocationsCache', 'org.apache.jasper.compiler.TldLocationsCache@1c05a977')
六月 27, 2015 5:13:51 下午 org.apache.catalina.core.ApplicationContext log
信息: ContextListener: contextInitialized()
六月 27, 2015 5:13:51 下午 org.apache.catalina.core.ApplicationContext log
信息: SessionListener: contextInitialized()
六月 27, 2015 5:13:51 下午 org.apache.catalina.core.ApplicationContext log
信息: ContextListener: attributeAdded('org.apache.jasper.compiler.TldLocationsCache', 'org.apache.jasper.compiler.TldLocationsCache@4795f744')
六月 27, 2015 5:20:40 下午 org.apache.catalina.core.ApplicationContext log
信息: ContextListener: contextInitialized()
六月 27, 2015 5:20:40 下午 org.apache.catalina.core.ApplicationContext log
信息: SessionListener: contextInitialized()
六月 27, 2015 5:20:40 下午 org.apache.catalina.core.ApplicationContext log
信息: ContextListener: attributeAdded('org.apache.jasper.compiler.TldLocationsCache', 'org.apache.jasper.compiler.TldLocationsCache@1c05a977')
六月 27, 2015 5:21:29 下午 org.apache.catalina.core.ApplicationContext log
信息: ContextListener: contextInitialized()
六月 27, 2015 5:21:29 下午 org.apache.catalina.core.ApplicationContext log
信息: SessionListener: contextInitialized()
六月 27, 2015 5:21:29 下午 org.apache.catalina.core.ApplicationContext log
信息: ContextListener: attributeAdded('org.apache.jasper.compiler.TldLocationsCache', 'org.apache.jasper.compiler.TldLocationsCache@11355672')
六月 27, 2015 5:34:37 下午 org.apache.catalina.core.ApplicationContext log
信息: ContextListener: contextInitialized()
六月 27, 2015 5:34:37 下午 org.apache.catalina.core.ApplicationContext log
信息: SessionListener: contextInitialized()
六月 27, 2015 5:34:37 下午 org.apache.catalina.core.ApplicationContext log
信息: ContextListener: attributeAdded('org.apache.jasper.compiler.TldLocationsCache', 'org.apache.jasper.compiler.TldLocationsCache@530eef3c')
六月 27, 2015 5:35:11 下午 org.apache.catalina.core.ApplicationContext log
信息: ContextListener: contextInitialized()
六月 27, 2015 5:35:11 下午 org.apache.catalina.core.ApplicationContext log
信息: SessionListener: contextInitialized()
六月 27, 2015 5:35:11 下午 org.apache.catalina.core.ApplicationContext log
信息: ContextListener: attributeAdded('org.apache.jasper.compiler.TldLocationsCache', 'org.apache.jasper.compiler.TldLocationsCache@530eef3c')
六月 27, 2015 5:37:03 下午 org.apache.catalina.core.ApplicationContext log
信息: ContextListener: contextInitialized()
六月 27, 2015 5:37:03 下午 org.apache.catalina.core.ApplicationContext log
信息: SessionListener: contextInitialized()
六月 27, 2015 5:37:03 下午 org.apache.catalina.core.ApplicationContext log
信息: ContextListener: attributeAdded('org.apache.jasper.compiler.TldLocationsCache', 'org.apache.jasper.compiler.TldLocationsCache@530eef3c')
六月 27, 2015 5:47:40 下午 org.apache.catalina.core.ApplicationContext log
信息: ContextListener: contextInitialized()
六月 27, 2015 5:47:40 下午 org.apache.catalina.core.ApplicationContext log
信息: SessionListener: contextInitialized()
六月 27, 2015 5:47:40 下午 org.apache.catalina.core.ApplicationContext log
信息: ContextListener: attributeAdded('org.apache.jasper.compiler.TldLocationsCache', 'org.apache.jasper.compiler.TldLocationsCache@74124873')
六月 27, 2015 5:50:13 下午 org.apache.catalina.core.ApplicationContext log
信息: ContextListener: contextInitialized()
六月 27, 2015 5:50:13 下午 org.apache.catalina.core.ApplicationContext log
信息: SessionListener: contextInitialized()
六月 27, 2015 5:50:13 下午 org.apache.catalina.core.ApplicationContext log
信息: ContextListener: attributeAdded('org.apache.jasper.compiler.TldLocationsCache', 'org.apache.jasper.compiler.TldLocationsCache@530eef3c')
六月 27, 2015 5:52:56 下午 org.apache.catalina.core.ApplicationContext log
信息: ContextListener: contextInitialized()
六月 27, 2015 5:52:56 下午 org.apache.catalina.core.ApplicationContext log
信息: SessionListener: contextInitialized()
六月 27, 2015 5:52:56 下午 org.apache.catalina.core.ApplicationContext log
信息: ContextListener: attributeAdded('org.apache.jasper.compiler.TldLocationsCache', 'org.apache.jasper.compiler.TldLocationsCache@530eef3c')
六月 27, 2015 6:05:36 下午 org.apache.catalina.core.ApplicationContext log
信息: ContextListener: contextInitialized()
六月 27, 2015 6:05:36 下午 org.apache.catalina.core.ApplicationContext log
信息: SessionListener: contextInitialized()
六月 27, 2015 6:05:36 下午 org.apache.catalina.core.ApplicationContext log
信息: ContextListener: attributeAdded('org.apache.jasper.compiler.TldLocationsCache', 'org.apache.jasper.compiler.TldLocationsCache@11355672')
