六月 22, 2018 2:27:27 下午 org.apache.catalina.core.ApplicationContext log
信息: ContextListener: contextInitialized()
六月 22, 2018 2:27:27 下午 org.apache.catalina.core.ApplicationContext log
信息: SessionListener: contextInitialized()
六月 22, 2018 2:27:27 下午 org.apache.catalina.core.ApplicationContext log
信息: ContextListener: attributeAdded('org.apache.jasper.compiler.TldLocationsCache', 'org.apache.jasper.compiler.TldLocationsCache@7cddf669')
六月 22, 2018 2:35:05 下午 org.apache.catalina.core.ApplicationContext log
信息: SessionListener: contextDestroyed()
六月 22, 2018 2:35:05 下午 org.apache.catalina.core.ApplicationContext log
信息: ContextListener: contextDestroyed()
六月 22, 2018 2:35:16 下午 org.apache.catalina.core.ApplicationContext log
信息: ContextListener: contextInitialized()
六月 22, 2018 2:35:16 下午 org.apache.catalina.core.ApplicationContext log
信息: SessionListener: contextInitialized()
六月 22, 2018 2:35:16 下午 org.apache.catalina.core.ApplicationContext log
信息: ContextListener: attributeAdded('org.apache.jasper.compiler.TldLocationsCache', 'org.apache.jasper.compiler.TldLocationsCache@3c364f0b')
六月 22, 2018 2:42:50 下午 org.apache.catalina.core.ApplicationContext log
信息: SessionListener: contextDestroyed()
六月 22, 2018 2:42:50 下午 org.apache.catalina.core.ApplicationContext log
信息: ContextListener: contextDestroyed()
