#
# A fatal error has been detected by the Java Runtime Environment:
#
#  EXCEPTION_PRIV_INSTRUCTION (0xc0000096) at pc=0x0000000002cd578d, pid=2088, tid=920
#
# JRE version: Java(TM) SE Runtime Environment (8.0_25-b18) (build 1.8.0_25-b18)
# Java VM: Java HotSpot(TM) 64-Bit Server VM (25.25-b02 mixed mode windows-amd64 compressed oops)
# Problematic frame:
# j  com.bokesoft.yes.mid.web.json.JSONDiffUtil.getJSONObjectDiff(Lorg/json/JSONObject;Lorg/json/JSONObject;Ljava/lang/String;)Lorg/json/JSONObject;+224
#
# Failed to write core dump. Minidumps are not enabled by default on client versions of Windows
#
# If you would like to submit a bug report, please visit:
#   http://bugreport.sun.com/bugreport/crash.jsp
#

---------------  T H R E A D  ---------------

Current thread (0x000000001c31e000):  JavaThread "http-bio-8089-exec-10" daemon [_thread_in_Java, id=920, stack(0x000000001ffe0000,0x00000000200e0000)]

siginfo: ExceptionCode=0xc0000096

Registers:
RAX=0x0000000000000000, RBX=0x00000000000000c0, RCX=0x0000000000000000, RDX=0x0000000000000000
RSP=0x00000000200ddfa0, RBP=0x00000000200de068, RSI=0x0000000000000000, RDI=0x0000000006ac97dd
R8 =0x0000000000000061, R9 =0x0000000002bc16f0, R10=0x0000000000000061, R11=0x00000000200dd770
R12=0x0000000000000000, R13=0x00000000208a3017, R14=0x00000000200de0e8, R15=0x000000001c31e000
RIP=0x0000000002cd578d, EFLAGS=0x0000000000010202

Top of Stack: (sp=0x00000000200ddfa0)
0x00000000200ddfa0:   00000000e5144508 000000001c31e000
0x00000000200ddfb0:   00000000000000c0 0000000000000000
0x00000000200ddfc0:   0000000000000000 000000000000000d
0x00000000200ddfd0:   00000000573fc2b0 00000000df06bf88
0x00000000200ddfe0:   0000000000000001 0000000006ac97dd
0x00000000200ddff0:   0000000000000000 00000000200de068
0x00000000200de000:   00000000200de028 00000000000000c0
0x00000000200de010:   00000000000000ca 00000000208a31e8
0x00000000200de020:   0000000000000003 00000000200de028
0x00000000200de030:   00000000208a2f48 00000000200de0e8
0x00000000200de040:   00000000208a3eb0 0000000000000000
0x00000000200de050:   00000000208a31e8 0000000000000000
0x00000000200de060:   00000000200de0d8 00000000200de130
0x00000000200de070:   0000000002cd7850 0000000000000000
0x00000000200de080:   00000000000000ce 00000000df06bcd8
0x00000000200de090:   00000000e51444f8 00000000e51444b8 

Instructions: (pc=0x0000000002cd578d)
0x0000000002cd576d:   48 b9 60 d2 1f 57 00 00 00 00 48 ba 17 57 cd 02
0x0000000002cd577d:   00 00 00 00 4c 8b c4 48 83 e4 f0 e8 53 35 23 54
0x0000000002cd578d:   f4 66 90 00 00 00 00 00 00 00 00 00 00 00 00 00
0x0000000002cd579d:   00 00 00 e0 1a 00 00 00 00 00 00 48 d2 1f 57 00 


Register to memory mapping:

RAX=0x0000000000000000 is an unknown value
RBX=0x00000000000000c0 is an unknown value
RCX=0x0000000000000000 is an unknown value
RDX=0x0000000000000000 is an unknown value
RSP=0x00000000200ddfa0 is pointing into the stack for thread: 0x000000001c31e000
RBP=0x00000000200de068 is pointing into the stack for thread: 0x000000001c31e000
RSI=0x0000000000000000 is an unknown value
RDI=0x0000000006ac97dd is an unknown value
R8 =0x0000000000000061 is an unknown value
R9 =0x0000000002bc16f0 is an unknown value
R10=0x0000000000000061 is an unknown value
R11=0x00000000200dd770 is pointing into the stack for thread: 0x000000001c31e000
R12=0x0000000000000000 is an unknown value
R13=0x00000000208a3017 is pointing into metadata
R14=0x00000000200de0e8 is pointing into the stack for thread: 0x000000001c31e000
R15=0x000000001c31e000 is a thread


Stack: [0x000000001ffe0000,0x00000000200e0000],  sp=0x00000000200ddfa0,  free space=1015k
Native frames: (J=compiled Java code, j=interpreted, Vv=VM code, C=native code)
C  0x0000000002cd578d


---------------  P R O C E S S  ---------------

Java Threads: ( => current thread )
  0x000000001c321000 JavaThread "http-bio-8089-exec-13" daemon [_thread_blocked, id=5996, stack(0x00000000203e0000,0x00000000204e0000)]
  0x000000001c320000 JavaThread "http-bio-8089-exec-12" daemon [_thread_blocked, id=4444, stack(0x00000000202e0000,0x00000000203e0000)]
  0x000000001c31f800 JavaThread "http-bio-8089-exec-11" daemon [_thread_blocked, id=6816, stack(0x00000000201e0000,0x00000000202e0000)]
  0x000000001c321800 JavaThread "http-bio-8089-exec-9" daemon [_thread_blocked, id=6680, stack(0x00000000200e0000,0x00000000201e0000)]
=>0x000000001c31e000 JavaThread "http-bio-8089-exec-10" daemon [_thread_in_Java, id=920, stack(0x000000001ffe0000,0x00000000200e0000)]
  0x000000001c31e800 JavaThread "http-bio-8089-exec-7" daemon [_thread_blocked, id=6256, stack(0x000000001fee0000,0x000000001ffe0000)]
  0x000000001d008000 JavaThread "http-bio-8089-exec-5" daemon [_thread_blocked, id=6720, stack(0x000000001fce0000,0x000000001fde0000)]
  0x000000001acd9800 JavaThread "http-bio-8089-exec-4" daemon [_thread_blocked, id=3872, stack(0x000000001fbe0000,0x000000001fce0000)]
  0x000000001b354000 JavaThread "http-bio-8089-exec-2" daemon [_thread_blocked, id=3560, stack(0x000000001ca50000,0x000000001cb50000)]
  0x000000001b106000 JavaThread "http-bio-8089-exec-1" daemon [_thread_blocked, id=4068, stack(0x000000001c950000,0x000000001ca50000)]
  0x000000001d1d1000 JavaThread "ajp-bio-8009-AsyncTimeout" daemon [_thread_blocked, id=3636, stack(0x000000001f9e0000,0x000000001fae0000)]
  0x000000001c2a9000 JavaThread "ajp-bio-8009-Acceptor-0" daemon [_thread_in_native, id=2108, stack(0x000000001f8e0000,0x000000001f9e0000)]
  0x000000001d2d5000 JavaThread "http-bio-8089-AsyncTimeout" daemon [_thread_blocked, id=1128, stack(0x000000001f7e0000,0x000000001f8e0000)]
  0x000000001d2d4800 JavaThread "http-bio-8089-Acceptor-0" daemon [_thread_in_native, id=2816, stack(0x000000001f6e0000,0x000000001f7e0000)]
  0x000000001d2c0000 JavaThread "ContainerBackgroundProcessor[StandardEngine[Catalina]]" daemon [_thread_blocked, id=6212, stack(0x000000001e560000,0x000000001e660000)]
  0x000000001b121000 JavaThread "GC Daemon" daemon [_thread_blocked, id=384, stack(0x000000001c5f0000,0x000000001c6f0000)]
  0x0000000019d56800 JavaThread "Service Thread" daemon [_thread_blocked, id=5096, stack(0x000000001aa20000,0x000000001ab20000)]
  0x0000000019cec000 JavaThread "C1 CompilerThread3" daemon [_thread_blocked, id=6716, stack(0x000000001a920000,0x000000001aa20000)]
  0x0000000019cd9800 JavaThread "C2 CompilerThread2" daemon [_thread_blocked, id=4620, stack(0x000000001a820000,0x000000001a920000)]
  0x0000000019cd8800 JavaThread "C2 CompilerThread1" daemon [_thread_blocked, id=1164, stack(0x000000001a720000,0x000000001a820000)]
  0x0000000019cd2000 JavaThread "C2 CompilerThread0" daemon [_thread_blocked, id=4844, stack(0x000000001a620000,0x000000001a720000)]
  0x0000000019cca800 JavaThread "JDWP Command Reader" daemon [_thread_in_native, id=5968, stack(0x000000001a520000,0x000000001a620000)]
  0x0000000019cc0000 JavaThread "JDWP Event Helper Thread" daemon [_thread_blocked, id=5236, stack(0x000000001a420000,0x000000001a520000)]
  0x0000000019cb6000 JavaThread "JDWP Transport Listener: dt_socket" daemon [_thread_blocked, id=5288, stack(0x000000001a320000,0x000000001a420000)]
  0x0000000019c60000 JavaThread "Attach Listener" daemon [_thread_blocked, id=7156, stack(0x000000001a120000,0x000000001a220000)]
  0x0000000019cae800 JavaThread "Signal Dispatcher" daemon [_thread_blocked, id=4800, stack(0x000000001a020000,0x000000001a120000)]
  0x0000000017c4c800 JavaThread "Finalizer" daemon [_thread_blocked, id=768, stack(0x0000000019b20000,0x0000000019c20000)]
  0x0000000002cc6800 JavaThread "Reference Handler" daemon [_thread_blocked, id=1832, stack(0x0000000019a20000,0x0000000019b20000)]
  0x0000000002bd4000 JavaThread "main" [_thread_in_native, id=6636, stack(0x0000000002ac0000,0x0000000002bc0000)]

Other Threads:
  0x0000000017c48000 VMThread [stack: 0x0000000019920000,0x0000000019a20000] [id=4468]
  0x0000000019d6a000 WatcherThread [stack: 0x000000001ab20000,0x000000001ac20000] [id=3824]

VM state:not at safepoint (normal execution)

VM Mutex/Monitor currently owned by a thread: None

Heap:
 PSYoungGen      total 276480K, used 249423K [0x00000000d5f00000, 0x00000000f1600000, 0x0000000100000000)
  eden space 257024K, 97% used [0x00000000d5f00000,0x00000000e5293ca8,0x00000000e5a00000)
  from space 19456K, 0% used [0x00000000e5a00000,0x00000000e5a00000,0x00000000e6d00000)
  to   space 18944K, 0% used [0x00000000f0380000,0x00000000f0380000,0x00000000f1600000)
 ParOldGen       total 61952K, used 10004K [0x0000000081c00000, 0x0000000085880000, 0x00000000d5f00000)
  object space 61952K, 16% used [0x0000000081c00000,0x00000000825c5300,0x0000000085880000)
 Metaspace       used 25715K, capacity 26272K, committed 26624K, reserved 1073152K
  class space    used 2951K, capacity 3062K, committed 3072K, reserved 1048576K

Card table byte_map: [0x0000000012090000,0x0000000012490000] byte_map_base: 0x0000000011c82000

Marking Bits: (ParMarkBitMap*) 0x000000005740d490
 Begin Bits: [0x0000000012f40000, 0x0000000014ed0000)
 End Bits:   [0x0000000014ed0000, 0x0000000016e60000)

Polling page: 0x0000000000f20000

CodeCache: size=245760Kb used=12040Kb max_used=12165Kb free=233719Kb
 bounds [0x0000000002cd0000, 0x00000000038d0000, 0x0000000011cd0000]
 total_blobs=3756 nmethods=3353 adapters=324
 compilation: enabled

Compilation events (10 events):
Event: 7824.136 Thread 0x0000000019cd2000 nmethod 3971 0x0000000002efd710 code [0x0000000002efd860, 0x0000000002efdb18]
Event: 7824.137 Thread 0x0000000019cec000 nmethod 3972 0x0000000002fcad50 code [0x0000000002fcb3a0, 0x0000000002fce8e8]
Event: 7824.139 Thread 0x0000000019cd8800 3973       4       java.lang.Integer::<init> (10 bytes)
Event: 7824.139 Thread 0x0000000019cd8800 nmethod 3973 0x000000000308e690 code [0x000000000308e7c0, 0x000000000308e818]
Event: 8198.698 Thread 0x0000000019cec000 3974       3       com.bokesoft.yes.mid.web.form.component.control.Label::getValue (2 bytes)
Event: 8198.698 Thread 0x0000000019cec000 nmethod 3974 0x0000000003610550 code [0x00000000036106a0, 0x00000000036107f0]
Event: 8198.698 Thread 0x0000000019cec000 3975       3       com.bokesoft.yes.mid.web.form.component.control.Label::getText (2 bytes)
Event: 8198.698 Thread 0x0000000019cec000 nmethod 3975 0x0000000002f13550 code [0x0000000002f136a0, 0x0000000002f137f0]
Event: 8198.699 Thread 0x0000000019cd9800 3976       4       org.json.JSONArray::length (8 bytes)
Event: 8198.699 Thread 0x0000000019cd9800 nmethod 3976 0x000000000304f990 code [0x000000000304fac0, 0x000000000304fb58]

GC Heap History (10 events):
Event: 1.812 GC heap before
{Heap before GC invocations=6 (full 0):
 PSYoungGen      total 71680K, used 71666K [0x00000000d5f00000, 0x00000000df400000, 0x0000000100000000)
  eden space 66560K, 100% used [0x00000000d5f00000,0x00000000da000000,0x00000000da000000)
  from space 5120K, 99% used [0x00000000da000000,0x00000000da4fc860,0x00000000da500000)
  to   space 9728K, 0% used [0x00000000dea80000,0x00000000dea80000,0x00000000df400000)
 ParOldGen       total 87552K, used 5153K [0x0000000081c00000, 0x0000000087180000, 0x00000000d5f00000)
  object space 87552K, 5% used [0x0000000081c00000,0x0000000082108588,0x0000000087180000)
 Metaspace       used 13254K, capacity 13526K, committed 13824K, reserved 1060864K
  class space    used 1435K, capacity 1527K, committed 1536K, reserved 1048576K
Event: 1.821 GC heap after
Heap after GC invocations=6 (full 0):
 PSYoungGen      total 138240K, used 9706K [0x00000000d5f00000, 0x00000000dfd00000, 0x0000000100000000)
  eden space 128512K, 0% used [0x00000000d5f00000,0x00000000d5f00000,0x00000000ddc80000)
  from space 9728K, 99% used [0x00000000dea80000,0x00000000df3faa10,0x00000000df400000)
  to   space 14336K, 0% used [0x00000000ddc80000,0x00000000ddc80000,0x00000000dea80000)
 ParOldGen       total 87552K, used 9636K [0x0000000081c00000, 0x0000000087180000, 0x00000000d5f00000)
  object space 87552K, 11% used [0x0000000081c00000,0x0000000082569378,0x0000000087180000)
 Metaspace       used 13254K, capacity 13526K, committed 13824K, reserved 1060864K
  class space    used 1435K, capacity 1527K, committed 1536K, reserved 1048576K
}
Event: 2.129 GC heap before
{Heap before GC invocations=7 (full 0):
 PSYoungGen      total 138240K, used 138218K [0x00000000d5f00000, 0x00000000dfd00000, 0x0000000100000000)
  eden space 128512K, 100% used [0x00000000d5f00000,0x00000000ddc80000,0x00000000ddc80000)
  from space 9728K, 99% used [0x00000000dea80000,0x00000000df3faa10,0x00000000df400000)
  to   space 14336K, 0% used [0x00000000ddc80000,0x00000000ddc80000,0x00000000dea80000)
 ParOldGen       total 87552K, used 9636K [0x0000000081c00000, 0x0000000087180000, 0x00000000d5f00000)
  object space 87552K, 11% used [0x0000000081c00000,0x0000000082569378,0x0000000087180000)
 Metaspace       used 13262K, capacity 13526K, committed 13824K, reserved 1060864K
  class space    used 1437K, capacity 1527K, committed 1536K, reserved 1048576K
Event: 2.148 GC heap after
Heap after GC invocations=7 (full 0):
 PSYoungGen      total 142848K, used 14312K [0x00000000d5f00000, 0x00000000e8300000, 0x0000000100000000)
  eden space 128512K, 0% used [0x00000000d5f00000,0x00000000d5f00000,0x00000000ddc80000)
  from space 14336K, 99% used [0x00000000ddc80000,0x00000000dea7a120,0x00000000dea80000)
  to   space 20992K, 0% used [0x00000000e6e80000,0x00000000e6e80000,0x00000000e8300000)
 ParOldGen       total 87552K, used 17361K [0x0000000081c00000, 0x0000000087180000, 0x00000000d5f00000)
  object space 87552K, 19% used [0x0000000081c00000,0x0000000082cf4608,0x0000000087180000)
 Metaspace       used 13262K, capacity 13526K, committed 13824K, reserved 1060864K
  class space    used 1437K, capacity 1527K, committed 1536K, reserved 1048576K
}
Event: 3.090 GC heap before
{Heap before GC invocations=8 (full 0):
 PSYoungGen      total 142848K, used 142824K [0x00000000d5f00000, 0x00000000e8300000, 0x0000000100000000)
  eden space 128512K, 100% used [0x00000000d5f00000,0x00000000ddc80000,0x00000000ddc80000)
  from space 14336K, 99% used [0x00000000ddc80000,0x00000000dea7a120,0x00000000dea80000)
  to   space 20992K, 0% used [0x00000000e6e80000,0x00000000e6e80000,0x00000000e8300000)
 ParOldGen       total 87552K, used 17361K [0x0000000081c00000, 0x0000000087180000, 0x00000000d5f00000)
  object space 87552K, 19% used [0x0000000081c00000,0x0000000082cf4608,0x0000000087180000)
 Metaspace       used 19620K, capacity 19854K, committed 20096K, reserved 1067008K
  class space    used 2284K, capacity 2331K, committed 2432K, reserved 1048576K
Event: 3.097 GC heap after
Heap after GC invocations=8 (full 0):
 PSYoungGen      total 274944K, used 8553K [0x00000000d5f00000, 0x00000000e8000000, 0x0000000100000000)
  eden space 257024K, 0% used [0x00000000d5f00000,0x00000000d5f00000,0x00000000e5a00000)
  from space 17920K, 47% used [0x00000000e6e80000,0x00000000e76da680,0x00000000e8000000)
  to   space 19456K, 0% used [0x00000000e5a00000,0x00000000e5a00000,0x00000000e6d00000)
 ParOldGen       total 87552K, used 18830K [0x0000000081c00000, 0x0000000087180000, 0x00000000d5f00000)
  object space 87552K, 21% used [0x0000000081c00000,0x0000000082e63a18,0x0000000087180000)
 Metaspace       used 19620K, capacity 19854K, committed 20096K, reserved 1067008K
  class space    used 2284K, capacity 2331K, committed 2432K, reserved 1048576K
}
Event: 3.465 GC heap before
{Heap before GC invocations=9 (full 0):
 PSYoungGen      total 274944K, used 85162K [0x00000000d5f00000, 0x00000000e8000000, 0x0000000100000000)
  eden space 257024K, 29% used [0x00000000d5f00000,0x00000000da9d0528,0x00000000e5a00000)
  from space 17920K, 47% used [0x00000000e6e80000,0x00000000e76da680,0x00000000e8000000)
  to   space 19456K, 0% used [0x00000000e5a00000,0x00000000e5a00000,0x00000000e6d00000)
 ParOldGen       total 87552K, used 18830K [0x0000000081c00000, 0x0000000087180000, 0x00000000d5f00000)
  object space 87552K, 21% used [0x0000000081c00000,0x0000000082e63a18,0x0000000087180000)
 Metaspace       used 20665K, capacity 20958K, committed 21248K, reserved 1069056K
  class space    used 2362K, capacity 2434K, committed 2560K, reserved 1048576K
Event: 3.469 GC heap after
Heap after GC invocations=9 (full 0):
 PSYoungGen      total 276480K, used 4616K [0x00000000d5f00000, 0x00000000f1600000, 0x0000000100000000)
  eden space 257024K, 0% used [0x00000000d5f00000,0x00000000d5f00000,0x00000000e5a00000)
  from space 19456K, 23% used [0x00000000e5a00000,0x00000000e5e82340,0x00000000e6d00000)
  to   space 18944K, 0% used [0x00000000f0380000,0x00000000f0380000,0x00000000f1600000)
 ParOldGen       total 87552K, used 19533K [0x0000000081c00000, 0x0000000087180000, 0x00000000d5f00000)
  object space 87552K, 22% used [0x0000000081c00000,0x0000000082f13718,0x0000000087180000)
 Metaspace       used 20665K, capacity 20958K, committed 21248K, reserved 1069056K
  class space    used 2362K, capacity 2434K, committed 2560K, reserved 1048576K
}
Event: 3.469 GC heap before
{Heap before GC invocations=10 (full 1):
 PSYoungGen      total 276480K, used 4616K [0x00000000d5f00000, 0x00000000f1600000, 0x0000000100000000)
  eden space 257024K, 0% used [0x00000000d5f00000,0x00000000d5f00000,0x00000000e5a00000)
  from space 19456K, 23% used [0x00000000e5a00000,0x00000000e5e82340,0x00000000e6d00000)
  to   space 18944K, 0% used [0x00000000f0380000,0x00000000f0380000,0x00000000f1600000)
 ParOldGen       total 87552K, used 19533K [0x0000000081c00000, 0x0000000087180000, 0x00000000d5f00000)
  object space 87552K, 22% used [0x0000000081c00000,0x0000000082f13718,0x0000000087180000)
 Metaspace       used 20665K, capacity 20958K, committed 21248K, reserved 1069056K
  class space    used 2362K, capacity 2434K, committed 2560K, reserved 1048576K
Event: 3.507 GC heap after
Heap after GC invocations=10 (full 1):
 PSYoungGen      total 276480K, used 0K [0x00000000d5f00000, 0x00000000f1600000, 0x0000000100000000)
  eden space 257024K, 0% used [0x00000000d5f00000,0x00000000d5f00000,0x00000000e5a00000)
  from space 19456K, 0% used [0x00000000e5a00000,0x00000000e5a00000,0x00000000e6d00000)
  to   space 18944K, 0% used [0x00000000f0380000,0x00000000f0380000,0x00000000f1600000)
 ParOldGen       total 61952K, used 10004K [0x0000000081c00000, 0x0000000085880000, 0x00000000d5f00000)
  object space 61952K, 16% used [0x0000000081c00000,0x00000000825c5300,0x0000000085880000)
 Metaspace       used 20665K, capacity 20958K, committed 21248K, reserved 1069056K
  class space    used 2362K, capacity 2434K, committed 2560K, reserved 1048576K
}

Deoptimization events (10 events):
Event: 20.484 Thread 0x000000001acd9800 Uncommon trap: reason=bimorphic action=maybe_recompile pc=0x0000000003787044 method=com.sun.org.apache.xerces.internal.impl.XMLDocumentFragmentScannerImpl.scanEndElement()I @ 142
Event: 20.606 Thread 0x000000001acd9800 Uncommon trap: reason=null_check action=make_not_entrant pc=0x0000000003153938 method=java.lang.StringCoding.deref(Ljava/lang/ThreadLocal;)Ljava/lang/Object; @ 4
Event: 25.236 Thread 0x000000001d008000 Uncommon trap: reason=class_check action=maybe_recompile pc=0x0000000002e1857c method=java.lang.String.equals(Ljava/lang/Object;)Z @ 8
Event: 26.496 Thread 0x000000001d008000 Uncommon trap: reason=class_check action=maybe_recompile pc=0x0000000002e1857c method=java.lang.String.equals(Ljava/lang/Object;)Z @ 8
Event: 26.496 Thread 0x000000001d008000 Uncommon trap: reason=class_check action=maybe_recompile pc=0x0000000002e1857c method=java.lang.String.equals(Ljava/lang/Object;)Z @ 8
Event: 26.496 Thread 0x000000001d008000 Uncommon trap: reason=class_check action=maybe_recompile pc=0x0000000002e1857c method=java.lang.String.equals(Ljava/lang/Object;)Z @ 8
Event: 713.909 Thread 0x000000001d2c0000 Uncommon trap: reason=array_check action=maybe_recompile pc=0x00000000031531a0 method=java.util.AbstractCollection.toArray([Ljava/lang/Object;)[Ljava/lang/Object; @ 119
Event: 713.909 Thread 0x000000001d2c0000 Uncommon trap: reason=array_check action=maybe_recompile pc=0x00000000031531a0 method=java.util.AbstractCollection.toArray([Ljava/lang/Object;)[Ljava/lang/Object; @ 119
Event: 713.910 Thread 0x000000001d2c0000 Uncommon trap: reason=array_check action=maybe_recompile pc=0x00000000031531a0 method=java.util.AbstractCollection.toArray([Ljava/lang/Object;)[Ljava/lang/Object; @ 119
Event: 713.910 Thread 0x000000001d2c0000 Uncommon trap: reason=array_check action=maybe_recompile pc=0x00000000031531a0 method=java.util.AbstractCollection.toArray([Ljava/lang/Object;)[Ljava/lang/Object; @ 119

Internal exceptions (10 events):
Event: 40.459 Thread 0x000000001c321800 Exception <a 'java/net/SocketTimeoutException': Read timed out> (0x00000000debcf688) thrown at [D:\re\workspace\8-2-build-windows-amd64-cygwin\jdk8u25\1677\hotspot\src\share\vm\prims\jni.cpp, line 742]
Event: 40.460 Thread 0x000000001c320000 Exception <a 'java/security/PrivilegedActionException'> (0x00000000dea8c030) thrown at [D:\re\workspace\8-2-build-windows-amd64-cygwin\jdk8u25\1677\hotspot\src\share\vm\prims\jvm.cpp, line 1312]
Event: 40.460 Thread 0x000000001c31e000 Exception <a 'java/net/SocketTimeoutException': Read timed out> (0x00000000def41470) thrown at [D:\re\workspace\8-2-build-windows-amd64-cygwin\jdk8u25\1677\hotspot\src\share\vm\prims\jni.cpp, line 742]
Event: 40.461 Thread 0x000000001c31f800 Exception <a 'java/net/SocketTimeoutException': Read timed out> (0x00000000ded6fca8) thrown at [D:\re\workspace\8-2-build-windows-amd64-cygwin\jdk8u25\1677\hotspot\src\share\vm\prims\jni.cpp, line 742]
Event: 40.462 Thread 0x000000001c320000 Exception <a 'java/security/PrivilegedActionException'> (0x00000000deab5e50) thrown at [D:\re\workspace\8-2-build-windows-amd64-cygwin\jdk8u25\1677\hotspot\src\share\vm\prims\jvm.cpp, line 1312]
Event: 78.650 Thread 0x000000001d008000 Exception <a 'java/net/SocketTimeoutException': Read timed out> (0x00000000e2871100) thrown at [D:\re\workspace\8-2-build-windows-amd64-cygwin\jdk8u25\1677\hotspot\src\share\vm\prims\jni.cpp, line 742]
Event: 420.680 Thread 0x000000001c31e800 Exception <a 'java/net/SocketTimeoutException': Read timed out> (0x00000000e3c0f8e0) thrown at [D:\re\workspace\8-2-build-windows-amd64-cygwin\jdk8u25\1677\hotspot\src\share\vm\prims\jni.cpp, line 742]
Event: 633.692 Thread 0x000000001b354000 Exception <a 'java/net/SocketTimeoutException': Read timed out> (0x00000000dc2f1e30) thrown at [D:\re\workspace\8-2-build-windows-amd64-cygwin\jdk8u25\1677\hotspot\src\share\vm\prims\jni.cpp, line 742]
Event: 7650.995 Thread 0x000000001c320000 Exception <a 'java/net/SocketTimeoutException': Read timed out> (0x00000000deabc410) thrown at [D:\re\workspace\8-2-build-windows-amd64-cygwin\jdk8u25\1677\hotspot\src\share\vm\prims\jni.cpp, line 742]
Event: 7681.392 Thread 0x000000001c321800 Exception <a 'java/net/SocketTimeoutException': Read timed out> (0x00000000dece7010) thrown at [D:\re\workspace\8-2-build-windows-amd64-cygwin\jdk8u25\1677\hotspot\src\share\vm\prims\jni.cpp, line 742]

Events (10 events):
Event: 8196.744 Executing VM operation: ChangeSingleStep done
Event: 8196.744 Executing VM operation: ChangeSingleStep
Event: 8196.744 Executing VM operation: ChangeSingleStep done
Event: 8196.857 Executing VM operation: GetOrSetLocal
Event: 8196.857 Executing VM operation: GetOrSetLocal done
Event: 8198.697 Executing VM operation: GetObjectMonitorUsage
Event: 8198.697 Executing VM operation: GetObjectMonitorUsage done
Event: 8198.698 Executing VM operation: GetObjectMonitorUsage
Event: 8198.698 Executing VM operation: GetObjectMonitorUsage done
Event: 8198.699 Thread 0x0000000019cec000 flushing nmethod 0x0000000002e95910


Dynamic libraries:
0x000007f7caed0000 - 0x000007f7caf04000 	E:\Program Files\Java\jdk1.8.0_25\jre\bin\javaw.exe
0x000007fd3f640000 - 0x000007fd3f7fe000 	C:\Windows\SYSTEM32\ntdll.dll
0x000007fd3cf80000 - 0x000007fd3d0b6000 	C:\Windows\system32\KERNEL32.DLL
0x000007fd3c8d0000 - 0x000007fd3c9c3000 	C:\Windows\system32\KERNELBASE.dll
0x000007fd3ec10000 - 0x000007fd3ecee000 	C:\Windows\system32\ADVAPI32.dll
0x000007fd3ccc0000 - 0x000007fd3ce0c000 	C:\Windows\system32\USER32.dll
0x000007fd3a050000 - 0x000007fd3a2b9000 	C:\Windows\WinSxS\amd64_microsoft.windows.common-controls_6595b64144ccf1df_6.0.9200.16384_none_418c2a697189c07f\COMCTL32.dll
0x000007fd3f4d0000 - 0x000007fd3f575000 	C:\Windows\system32\msvcrt.dll
0x000007fd3d120000 - 0x000007fd3d168000 	C:\Windows\SYSTEM32\sechost.dll
0x000007fd3ecf0000 - 0x000007fd3ee30000 	C:\Windows\system32\RPCRT4.dll
0x000007fd3d180000 - 0x000007fd3d2c0000 	C:\Windows\system32\GDI32.dll
0x000007fd3e890000 - 0x000007fd3e8c9000 	C:\Windows\system32\IMM32.DLL
0x000007fd3ce10000 - 0x000007fd3cf24000 	C:\Windows\system32\MSCTF.dll
0x0000000057490000 - 0x0000000057562000 	E:\Program Files\Java\jdk1.8.0_25\jre\bin\msvcr100.dll
0x0000000056c30000 - 0x000000005748a000 	E:\Program Files\Java\jdk1.8.0_25\jre\bin\server\jvm.dll
0x000007fd36cd0000 - 0x000007fd36cd9000 	C:\Windows\SYSTEM32\WSOCK32.dll
0x000007fd39190000 - 0x000007fd391b0000 	C:\Windows\SYSTEM32\WINMM.dll
0x000007fd3ee30000 - 0x000007fd3ee37000 	C:\Windows\system32\PSAPI.DLL
0x000007fd3ea50000 - 0x000007fd3eaa8000 	C:\Windows\system32\WS2_32.dll
0x000007fd390a0000 - 0x000007fd390d2000 	C:\Windows\SYSTEM32\WINMMBASE.dll
0x000007fd3d170000 - 0x000007fd3d179000 	C:\Windows\system32\NSI.dll
0x0000000056c20000 - 0x0000000056c2f000 	E:\Program Files\Java\jdk1.8.0_25\jre\bin\verify.dll
0x0000000056bf0000 - 0x0000000056c18000 	E:\Program Files\Java\jdk1.8.0_25\jre\bin\java.dll
0x0000000056bb0000 - 0x0000000056be5000 	E:\Program Files\Java\jdk1.8.0_25\jre\bin\jdwp.dll
0x0000000056ba0000 - 0x0000000056ba8000 	E:\Program Files\Java\jdk1.8.0_25\jre\bin\npt.dll
0x0000000056b80000 - 0x0000000056b96000 	E:\Program Files\Java\jdk1.8.0_25\jre\bin\zip.dll
0x000007fd3d4f0000 - 0x000007fd3e7d5000 	C:\Windows\system32\SHELL32.dll
0x000007fd3f320000 - 0x000007fd3f4d0000 	C:\Windows\SYSTEM32\combase.dll
0x000007fd3cf30000 - 0x000007fd3cf80000 	C:\Windows\system32\SHLWAPI.dll
0x000007fd3a7d0000 - 0x000007fd3a866000 	C:\Windows\SYSTEM32\SHCORE.dll
0x000007fd3c570000 - 0x000007fd3c585000 	C:\Windows\SYSTEM32\profapi.dll
0x0000000056b70000 - 0x0000000056b79000 	E:\Program Files\Java\jdk1.8.0_25\jre\bin\dt_socket.dll
0x000007fd37120000 - 0x000007fd37134000 	C:\Windows\system32\napinsp.dll
0x000007fd37100000 - 0x000007fd37118000 	C:\Windows\system32\pnrpnsp.dll
0x000007fd3b230000 - 0x000007fd3b246000 	C:\Windows\system32\NLAapi.dll
0x000007fd3bdc0000 - 0x000007fd3be1c000 	C:\Windows\System32\mswsock.dll
0x000007fd3bb30000 - 0x000007fd3bbc8000 	C:\Windows\SYSTEM32\DNSAPI.dll
0x000007fd37160000 - 0x000007fd37172000 	C:\Windows\System32\winrnr.dll
0x000007fd38450000 - 0x000007fd384af000 	C:\Windows\System32\fwpuclnt.dll
0x000007fd37720000 - 0x000007fd37728000 	C:\Windows\System32\rasadhlp.dll
0x0000000056b60000 - 0x0000000056b6d000 	E:\Program Files\Java\jdk1.8.0_25\jre\bin\management.dll
0x0000000056b40000 - 0x0000000056b5a000 	E:\Program Files\Java\jdk1.8.0_25\jre\bin\net.dll
0x0000000056b20000 - 0x0000000056b31000 	E:\Program Files\Java\jdk1.8.0_25\jre\bin\nio.dll
0x0000000056af0000 - 0x0000000056b14000 	E:\Program Files\Java\jdk1.8.0_25\jre\bin\sunec.dll
0x0000000056ae0000 - 0x0000000056aeb000 	E:\Program Files\Java\jdk1.8.0_25\jre\bin\sunmscapi.dll
0x000007fd3c6f0000 - 0x000007fd3c8c7000 	C:\Windows\system32\CRYPT32.dll
0x000007fd3c620000 - 0x000007fd3c636000 	C:\Windows\system32\MSASN1.dll
0x000007fd3be20000 - 0x000007fd3be3a000 	C:\Windows\SYSTEM32\CRYPTSP.dll
0x000007fd3ba70000 - 0x000007fd3bab9000 	C:\Windows\system32\rsaenh.dll
0x000007fd3bc40000 - 0x000007fd3bc5f000 	C:\Windows\SYSTEM32\USERENV.dll
0x000007fd3c3d0000 - 0x000007fd3c3da000 	C:\Windows\SYSTEM32\CRYPTBASE.dll
0x000007fd3c370000 - 0x000007fd3c3cc000 	C:\Windows\SYSTEM32\bcryptPrimitives.dll
0x000007fd38d40000 - 0x000007fd38d6c000 	C:\Windows\SYSTEM32\IPHLPAPI.DLL
0x000007fd38d20000 - 0x000007fd38d2a000 	C:\Windows\SYSTEM32\WINNSI.DLL
0x000007fd38730000 - 0x000007fd38743000 	C:\Windows\SYSTEM32\dhcpcsvc6.DLL
0x000007fd38570000 - 0x000007fd38588000 	C:\Windows\SYSTEM32\dhcpcsvc.DLL
0x000007fd30980000 - 0x000007fd30ae3000 	C:\Windows\SYSTEM32\dbghelp.dll

VM Arguments:
jvm_args: -agentlib:jdwp=transport=dt_socket,suspend=y,address=localhost:52636 -Dcatalina.home=D:\Tomcat\Tomcat 7.0 yes -Djava.endorsed.dirs=D:\Tomcat\Tomcat 7.0 yes\endorsed -Dcatalina.base=D:\Tomcat\Tomcat 7.0 yes -Djava.io.tmpdir=D:\Tomcat\Tomcat 7.0 yes\temp -Dfile.encoding=GBK 
java_command: org.apache.catalina.startup.Bootstrap start
java_class_path (initial): D:\Code_base\yes\project\yes-webapp\target\classes;D:\Code_base\yes\project\yes-mid-base\target\classes;D:\Code_base\yes\project\yes-mid-base\target\test-classes;D:\Code_base\yes\project\yes-parser\target\classes;D:\Code_base\yes\project\yes-parser\target\test-classes;D:\Code_base\yes\project\yes-common-lang\target\classes;D:\Code_base\yes\project\yes-common-lang\target\test-classes;C:\Users\zhufw\.m2\repository\org\slf4j\slf4j-log4j12\1.7.5\slf4j-log4j12-1.7.5.jar;C:\Users\zhufw\.m2\repository\org\slf4j\slf4j-api\1.7.5\slf4j-api-1.7.5.jar;C:\Users\zhufw\.m2\repository\log4j\log4j\1.2.17\log4j-1.2.17.jar;C:\Users\zhufw\.m2\repository\commons-io\commons-io\2.4\commons-io-2.4.jar;C:\Users\zhufw\.m2\repository\com\jgoodies\forms\1.2.1\forms-1.2.1.jar;C:\Users\zhufw\.m2\repository\commons-dbcp\commons-dbcp\1.4\commons-dbcp-1.4.jar;C:\Users\zhufw\.m2\repository\commons-pool\commons-pool\1.5.4\commons-pool-1.5.4.jar;C:\Users\zhufw\.m2\repository\org\json\json\20131018\json-20131018.jar;C:\Users\zhufw\.m2\repository\org\testng\testng\6.8.7\testng-6.8.7.jar;C:\Users\zhufw\.m2\repository\junit\junit\4.10\junit-4.10.jar;C:\Users\zhufw\.m2\repository\org\hamcrest\hamcrest-core\1.1\hamcrest-core-1.1.jar;C:\Users\zhufw\.m2\repository\org\beanshell\bsh\2.0b4\bsh-2.0b4.jar;C:\Users\zhufw\.m2\repository\com\beust\jcommander\1.27\jcommander-1.27.jar;C:\Users\zhufw\.m2\repository\org\yaml\snakeyaml\1.12\snakeyaml-1.12.jar;C:\Users\zhufw\.m2\repository\com\thoughtworks\xstream\xstream\1.4.5\xstream-1.4.5.jar;C:\Users\zhufw\.m2\repository\xmlpull\xmlpull\1.1.3.1\xmlpull-1.1.3.1.jar;C:\Users\zhufw\.m2\repository\xpp3\xpp3_min\1.1.4c\xpp3_min-1.1.4c.jar;C:\Users\zhufw\.m2\repository\dom4j\dom4j\1.6.1\dom4j-1.6.1.jar;C:\Users\zhufw\.m2\repository\xml-apis\xml-apis\1.0.b2\xml-apis-1.0.b2.jar;C:\Users\zhufw\.m2\repository\xmlunit\xmlunit\1.5\xmlunit-1.5.jar;D:\Code_base\yes\project\yes-common-tools\target\classes;D:\Code_base\yes\project\yes-common-tools\target\
Launcher Type: SUN_STANDARD

Environment Variables:
JAVA_HOME=E:\Program Files\Java\jdk1.7.0_17
PATH=E:\Program Files\Java\jdk1.8.0_25\jre\bin;E:/Program Files/Java/jre7/bin/server;E:/Program Files/Java/jre7/bin;E:/Program Files/Java/jre7/lib/amd64;C:\Windows\system32;C:\Windows;C:\Windows\System32\Wbem;C:\Windows\System32\WindowsPowerShell\v1.0\;E:\Program Files\TortoiseSVN\bin;D:\Program Files (x86)\Microsoft SQL Server\120\DTS\Binn\;D:\Program Files (x86)\Microsoft SQL Server\Client SDK\ODBC\110\Tools\Binn\;D:\Program Files (x86)\Microsoft SQL Server\120\Tools\Binn\;D:\Program Files (x86)\Microsoft SQL Server\120\Tools\Binn\ManagementStudio\;E:\Program Files\Java\jdk1.7.0_17\bin;D:\apache-maven-3.0.4\bin;E:\eclipse\eclipse-yes;
USERNAME=zhufw
OS=Windows_NT
PROCESSOR_IDENTIFIER=Intel64 Family 6 Model 58 Stepping 9, GenuineIntel



---------------  S Y S T E M  ---------------

OS: Windows 8 , 64 bit Build 9200 

CPU:total 8 (4 cores per cpu, 2 threads per core) family 6 model 58 stepping 9, cmov, cx8, fxsr, mmx, sse, sse2, sse3, ssse3, sse4.1, sse4.2, popcnt, avx, aes, clmul, erms, ht, tsc, tscinvbit, tscinv

Memory: 4k page, physical 8272428k(5271968k free), swap 16661036k(12925580k free)

vm_info: Java HotSpot(TM) 64-Bit Server VM (25.25-b02) for windows-amd64 JRE (1.8.0_25-b18), built on Oct  7 2014 14:25:37 by "java_re" with MS VC++ 10.0 (VS2010)

time: Wed Jan 07 13:34:42 2015
elapsed time: 8198 seconds (0d 2h 16m 38s)

